TN:
SF:/Users/chris/Work/utils/nightingale/packages/nightingale-logger/src/index.ts
FN:43,(anonymous_0)
FN:50,(anonymous_1)
FN:61,(anonymous_2)
FN:71,getConfigForLoggerRecord
FN:91,(anonymous_4)
FN:103,(anonymous_5)
FN:108,(anonymous_6)
FN:115,(anonymous_7)
FN:132,(anonymous_8)
FN:141,(anonymous_9)
FN:150,(anonymous_10)
FN:157,(anonymous_11)
FN:166,(anonymous_12)
FN:183,(anonymous_13)
FN:186,(anonymous_14)
FN:192,(anonymous_15)
FN:220,(anonymous_16)
FN:231,(anonymous_17)
FN:242,(anonymous_18)
FN:253,(anonymous_19)
FN:264,(anonymous_20)
FN:275,(anonymous_21)
FN:300,(anonymous_22)
FN:311,(anonymous_23)
FN:322,(anonymous_24)
FN:333,(anonymous_25)
FN:354,(anonymous_26)
FN:374,(anonymous_27)
FN:385,(anonymous_28)
FN:400,(anonymous_29)
FN:415,(anonymous_30)
FN:426,(anonymous_31)
FN:441,(anonymous_32)
FN:456,(anonymous_33)
FN:469,(anonymous_34)
FN:483,(anonymous_35)
FN:519,(anonymous_36)
FN:531,(anonymous_37)
FN:555,(anonymous_38)
FN:577,(anonymous_39)
FN:610,(anonymous_40)
FNF:41
FNH:1
FNDA:0,(anonymous_0)
FNDA:0,(anonymous_1)
FNDA:0,(anonymous_2)
FNDA:0,getConfigForLoggerRecord
FNDA:1,(anonymous_4)
FNDA:0,(anonymous_5)
FNDA:0,(anonymous_6)
FNDA:0,(anonymous_7)
FNDA:0,(anonymous_8)
FNDA:0,(anonymous_9)
FNDA:0,(anonymous_10)
FNDA:0,(anonymous_11)
FNDA:0,(anonymous_12)
FNDA:0,(anonymous_13)
FNDA:0,(anonymous_14)
FNDA:0,(anonymous_15)
FNDA:0,(anonymous_16)
FNDA:0,(anonymous_17)
FNDA:0,(anonymous_18)
FNDA:0,(anonymous_19)
FNDA:0,(anonymous_20)
FNDA:0,(anonymous_21)
FNDA:0,(anonymous_22)
FNDA:0,(anonymous_23)
FNDA:0,(anonymous_24)
FNDA:0,(anonymous_25)
FNDA:0,(anonymous_26)
FNDA:0,(anonymous_27)
FNDA:0,(anonymous_28)
FNDA:0,(anonymous_29)
FNDA:0,(anonymous_30)
FNDA:0,(anonymous_31)
FNDA:0,(anonymous_32)
FNDA:0,(anonymous_33)
FNDA:0,(anonymous_34)
FNDA:0,(anonymous_35)
FNDA:0,(anonymous_36)
FNDA:0,(anonymous_37)
FNDA:0,(anonymous_38)
FNDA:0,(anonymous_39)
FNDA:0,(anonymous_40)
DA:42,1
DA:43,1
DA:49,1
DA:50,1
DA:57,0
DA:59,0
DA:62,0
DA:75,0
DA:92,1
DA:93,1
DA:95,1
DA:96,0
DA:104,0
DA:109,0
DA:116,0
DA:133,0
DA:134,0
DA:135,0
DA:142,0
DA:151,0
DA:158,0
DA:167,0
DA:171,0
DA:172,0
DA:174,0
DA:179,0
DA:182,0
DA:183,0
DA:186,0
DA:198,0
DA:199,0
DA:200,0
DA:203,0
DA:214,0
DA:225,0
DA:236,0
DA:247,0
DA:258,0
DA:269,0
DA:280,0
DA:281,0
DA:288,0
DA:291,0
DA:293,0
DA:305,0
DA:316,0
DA:327,0
DA:338,0
DA:339,0
DA:343,0
DA:344,0
DA:360,0
DA:361,0
DA:363,0
DA:364,0
DA:379,0
DA:390,0
DA:405,0
DA:420,0
DA:431,0
DA:446,0
DA:462,0
DA:463,0
DA:466,0
DA:474,0
DA:491,0
DA:493,0
DA:496,0
DA:497,0
DA:499,0
DA:500,0
DA:501,0
DA:504,0
DA:513,0
DA:525,0
DA:537,0
DA:560,0
DA:561,0
DA:562,0
DA:582,0
DA:589,0
DA:616,0
DA:617,0
DA:618,0
DA:619,0
DA:620,0
DA:621,0
DA:624,0
DA:625,0
DA:626,0
LF:90
LH:7
BRDA:42,0,0,1
BRDA:42,0,1,0
BRDA:49,1,0,1
BRDA:49,1,1,0
BRDA:62,2,0,0
BRDA:62,2,1,0
BRDA:62,2,2,0
BRDA:95,3,0,0
BRDA:95,3,1,1
BRDA:95,4,0,1
BRDA:95,4,1,0
BRDA:171,5,0,0
BRDA:171,5,1,0
BRDA:172,6,0,0
BRDA:172,6,1,0
BRDA:182,7,0,0
BRDA:182,7,1,0
BRDA:195,8,0,0
BRDA:198,9,0,0
BRDA:198,9,1,0
BRDA:199,10,0,0
BRDA:199,10,1,0
BRDA:209,11,0,0
BRDA:209,11,1,0
BRDA:280,12,0,0
BRDA:280,12,1,0
BRDA:338,13,0,0
BRDA:338,13,1,0
BRDA:360,14,0,0
BRDA:360,14,1,0
BRDA:460,15,0,0
BRDA:462,16,0,0
BRDA:462,16,1,0
BRDA:488,17,0,0
BRDA:496,18,0,0
BRDA:496,18,1,0
BRDA:499,19,0,0
BRDA:499,19,1,0
BRDA:501,20,0,0
BRDA:501,20,1,0
BRDA:560,21,0,0
BRDA:560,21,1,0
BRDA:616,22,0,0
BRDA:616,22,1,0
BRDA:619,23,0,0
BRDA:619,23,1,0
BRF:46
BRH:4
end_of_record
