TN:
SF:/Users/chris/Work/nightingale/nightingale-logger/src/index.js
FN:31,(anonymous_1)
FN:37,(anonymous_2)
FN:45,(anonymous_3)
FN:54,getConfigForLoggerRecord
FN:72,(anonymous_5)
FN:83,(anonymous_6)
FN:88,(anonymous_7)
FN:95,(anonymous_8)
FN:112,(anonymous_9)
FN:123,(anonymous_10)
FN:130,(anonymous_11)
FN:139,(anonymous_12)
FN:154,(anonymous_13)
FN:157,(anonymous_14)
FN:163,(anonymous_15)
FN:195,(anonymous_16)
FN:202,(anonymous_17)
FN:209,(anonymous_18)
FN:216,(anonymous_19)
FN:223,(anonymous_20)
FN:230,(anonymous_21)
FN:241,(anonymous_22)
FN:248,(anonymous_23)
FN:255,(anonymous_24)
FN:262,(anonymous_25)
FN:276,(anonymous_26)
FN:291,(anonymous_27)
FN:298,(anonymous_28)
FN:309,(anonymous_29)
FN:320,(anonymous_30)
FN:327,(anonymous_31)
FN:338,(anonymous_32)
FN:349,(anonymous_33)
FN:362,(anonymous_34)
FN:372,(anonymous_35)
FN:399,(anonymous_36)
FN:406,(anonymous_37)
FN:425,(anonymous_38)
FN:445,(anonymous_39)
FN:471,(anonymous_40)
FNF:40
FNH:0
FNDA:0,(anonymous_1)
FNDA:0,(anonymous_2)
FNDA:0,(anonymous_3)
FNDA:0,getConfigForLoggerRecord
FNDA:0,(anonymous_5)
FNDA:0,(anonymous_6)
FNDA:0,(anonymous_7)
FNDA:0,(anonymous_8)
FNDA:0,(anonymous_9)
FNDA:0,(anonymous_10)
FNDA:0,(anonymous_11)
FNDA:0,(anonymous_12)
FNDA:0,(anonymous_13)
FNDA:0,(anonymous_14)
FNDA:0,(anonymous_15)
FNDA:0,(anonymous_16)
FNDA:0,(anonymous_17)
FNDA:0,(anonymous_18)
FNDA:0,(anonymous_19)
FNDA:0,(anonymous_20)
FNDA:0,(anonymous_21)
FNDA:0,(anonymous_22)
FNDA:0,(anonymous_23)
FNDA:0,(anonymous_24)
FNDA:0,(anonymous_25)
FNDA:0,(anonymous_26)
FNDA:0,(anonymous_27)
FNDA:0,(anonymous_28)
FNDA:0,(anonymous_29)
FNDA:0,(anonymous_30)
FNDA:0,(anonymous_31)
FNDA:0,(anonymous_32)
FNDA:0,(anonymous_33)
FNDA:0,(anonymous_34)
FNDA:0,(anonymous_35)
FNDA:0,(anonymous_36)
FNDA:0,(anonymous_37)
FNDA:0,(anonymous_38)
FNDA:0,(anonymous_39)
FNDA:0,(anonymous_40)
DA:3,0
DA:4,0
DA:30,0
DA:31,0
DA:32,0
DA:36,0
DA:37,0
DA:41,0
DA:43,0
DA:46,0
DA:55,0
DA:73,0
DA:74,0
DA:76,0
DA:77,0
DA:78,0
DA:84,0
DA:89,0
DA:96,0
DA:113,0
DA:114,0
DA:115,0
DA:124,0
DA:131,0
DA:140,0
DA:142,0
DA:143,0
DA:145,0
DA:150,0
DA:153,0
DA:154,0
DA:157,0
DA:169,0
DA:170,0
DA:171,0
DA:174,0
DA:185,0
DA:186,0
DA:189,0
DA:196,0
DA:203,0
DA:210,0
DA:217,0
DA:224,0
DA:231,0
DA:232,0
DA:233,0
DA:235,0
DA:242,0
DA:249,0
DA:256,0
DA:268,0
DA:269,0
DA:280,0
DA:281,0
DA:292,0
DA:299,0
DA:310,0
DA:321,0
DA:328,0
DA:339,0
DA:355,0
DA:356,0
DA:359,0
DA:363,0
DA:380,0
DA:382,0
DA:384,0
DA:385,0
DA:387,0
DA:389,0
DA:392,0
DA:393,0
DA:400,0
DA:407,0
DA:426,0
DA:430,0
DA:446,0
DA:450,0
DA:477,0
DA:478,0
DA:479,0
DA:480,0
DA:481,0
DA:482,0
DA:485,0
DA:486,0
DA:487,0
LF:88
LH:0
BRDA:30,0,0,0
BRDA:30,0,1,0
BRDA:36,1,0,0
BRDA:36,1,1,0
BRDA:46,2,0,0
BRDA:46,2,1,0
BRDA:46,2,2,0
BRDA:76,3,0,0
BRDA:76,3,1,0
BRDA:142,4,0,0
BRDA:142,4,1,0
BRDA:143,5,0,0
BRDA:143,5,1,0
BRDA:153,6,0,0
BRDA:153,6,1,0
BRDA:166,7,0,0
BRDA:167,8,0,0
BRDA:169,9,0,0
BRDA:169,9,1,0
BRDA:170,10,0,0
BRDA:170,10,1,0
BRDA:180,11,0,0
BRDA:180,11,1,0
BRDA:185,12,0,0
BRDA:185,12,1,0
BRDA:230,13,0,0
BRDA:231,14,0,0
BRDA:231,14,1,0
BRDA:353,15,0,0
BRDA:355,16,0,0
BRDA:355,16,1,0
BRDA:375,17,0,0
BRDA:377,18,0,0
BRDA:384,19,0,0
BRDA:384,19,1,0
BRDA:387,20,0,0
BRDA:387,20,1,0
BRDA:389,21,0,0
BRDA:389,21,1,0
BRDA:477,22,0,0
BRDA:477,22,1,0
BRDA:480,23,0,0
BRDA:480,23,1,0
BRF:43
BRH:0
end_of_record
