{"/home/runner/work/nightingale/nightingale/packages/nightingale-levels/dist/index-node20.mjs": {"path":"/home/runner/work/nightingale/nightingale/packages/nightingale-levels/dist/index-node20.mjs","statementMap":{"0":{"start":{"line":22,"column":25},"end":{"line":49,"column":5}},"1":{"start":{"line":24,"column":2},"end":{"line":24,"column":34}},"2":{"start":{"line":26,"column":2},"end":{"line":26,"column":39}},"3":{"start":{"line":28,"column":2},"end":{"line":28,"column":40}},"4":{"start":{"line":30,"column":2},"end":{"line":30,"column":38}},"5":{"start":{"line":32,"column":2},"end":{"line":32,"column":42}},"6":{"start":{"line":34,"column":2},"end":{"line":34,"column":38}},"7":{"start":{"line":36,"column":2},"end":{"line":36,"column":44}},"8":{"start":{"line":38,"column":2},"end":{"line":38,"column":40}},"9":{"start":{"line":40,"column":2},"end":{"line":40,"column":46}},"10":{"start":{"line":43,"column":2},"end":{"line":43,"column":40}},"11":{"start":{"line":45,"column":2},"end":{"line":45,"column":40}},"12":{"start":{"line":47,"column":2},"end":{"line":47,"column":48}},"13":{"start":{"line":48,"column":2},"end":{"line":48,"column":15}}},"fnMap":{"0":{"name":"(anonymous_0)","decl":{"start":{"line":22,"column":25},"end":{"line":22,"column":26}},"loc":{"start":{"line":22,"column":42},"end":{"line":49,"column":1}},"line":22}},"branchMap":{},"s":{"0":12,"1":12,"2":12,"3":12,"4":12,"5":12,"6":12,"7":12,"8":12,"9":12,"10":12,"11":12,"12":12,"13":12},"f":{"0":12},"b":{},"inputSourceMap":null,"_coverageSchema":"1a1c01bbd47fc00a2c39e90264f33305004495a9","hash":"387a0a0c487ee319625eb298b9fa8c4537534dfa"}
,"/home/runner/work/nightingale/nightingale/packages/nightingale-logger/dist/index-node20.mjs": {"path":"/home/runner/work/nightingale/nightingale/packages/nightingale-logger/dist/index-node20.mjs","statementMap":{"0":{"start":{"line":5,"column":23},"end":{"line":5,"column":82}},"1":{"start":{"line":6,"column":0},"end":{"line":11,"column":1}},"2":{"start":{"line":7,"column":2},"end":{"line":10,"column":5}},"3":{"start":{"line":7,"column":62},"end":{"line":10,"column":3}},"4":{"start":{"line":12,"column":0},"end":{"line":23,"column":1}},"5":{"start":{"line":13,"column":2},"end":{"line":22,"column":4}},"6":{"start":{"line":17,"column":8},"end":{"line":17,"column":63}},"7":{"start":{"line":18,"column":4},"end":{"line":21,"column":6}},"8":{"start":{"line":19,"column":43},"end":{"line":19,"column":127}},"9":{"start":{"line":25,"column":2},"end":{"line":25,"column":85}},"10":{"start":{"line":28,"column":2},"end":{"line":28,"column":41}},"11":{"start":{"line":43,"column":4},"end":{"line":43,"column":19}},"12":{"start":{"line":44,"column":4},"end":{"line":44,"column":35}},"13":{"start":{"line":45,"column":4},"end":{"line":47,"column":5}},"14":{"start":{"line":46,"column":6},"end":{"line":46,"column":107}},"15":{"start":{"line":52,"column":4},"end":{"line":52,"column":59}},"16":{"start":{"line":57,"column":4},"end":{"line":57,"column":72}},"17":{"start":{"line":64,"column":4},"end":{"line":64,"column":73}},"18":{"start":{"line":85,"column":19},"end":{"line":85,"column":39}},"19":{"start":{"line":86,"column":4},"end":{"line":86,"column":31}},"20":{"start":{"line":87,"column":4},"end":{"line":87,"column":18}},"21":{"start":{"line":94,"column":4},"end":{"line":94,"column":30}},"22":{"start":{"line":103,"column":4},"end":{"line":103,"column":33}},"23":{"start":{"line":110,"column":4},"end":{"line":112,"column":5}},"24":{"start":{"line":111,"column":6},"end":{"line":111,"column":101}},"25":{"start":{"line":113,"column":4},"end":{"line":113,"column":55}},"26":{"start":{"line":125,"column":8},"end":{"line":125,"column":51}},"27":{"start":{"line":126,"column":4},"end":{"line":135,"column":5}},"28":{"start":{"line":127,"column":6},"end":{"line":133,"column":7}},"29":{"start":{"line":129,"column":8},"end":{"line":132,"column":11}},"30":{"start":{"line":134,"column":6},"end":{"line":134,"column":13}},"31":{"start":{"line":136,"column":4},"end":{"line":140,"column":5}},"32":{"start":{"line":137,"column":6},"end":{"line":139,"column":9}},"33":{"start":{"line":138,"column":8},"end":{"line":138,"column":40}},"34":{"start":{"line":141,"column":4},"end":{"line":141,"column":63}},"35":{"start":{"line":141,"column":29},"end":{"line":141,"column":61}},"36":{"start":{"line":148,"column":27},"end":{"line":148,"column":50}},"37":{"start":{"line":149,"column":20},"end":{"line":149,"column":105}},"38":{"start":{"line":150,"column":29},"end":{"line":153,"column":16}},"39":{"start":{"line":154,"column":20},"end":{"line":154,"column":45}},"40":{"start":{"line":155,"column":4},"end":{"line":157,"column":5}},"41":{"start":{"line":156,"column":6},"end":{"line":156,"column":38}},"42":{"start":{"line":158,"column":19},"end":{"line":168,"column":5}},"43":{"start":{"line":169,"column":4},"end":{"line":169,"column":27}},"44":{"start":{"line":176,"column":4},"end":{"line":178,"column":7}},"45":{"start":{"line":185,"column":4},"end":{"line":187,"column":7}},"46":{"start":{"line":194,"column":4},"end":{"line":196,"column":7}},"47":{"start":{"line":203,"column":4},"end":{"line":205,"column":7}},"48":{"start":{"line":212,"column":4},"end":{"line":214,"column":7}},"49":{"start":{"line":231,"column":4},"end":{"line":233,"column":7}},"50":{"start":{"line":240,"column":4},"end":{"line":242,"column":7}},"51":{"start":{"line":259,"column":4},"end":{"line":261,"column":7}},"52":{"start":{"line":268,"column":4},"end":{"line":270,"column":7}},"53":{"start":{"line":280,"column":29},"end":{"line":282,"column":8}},"54":{"start":{"line":283,"column":6},"end":{"line":286,"column":9}},"55":{"start":{"line":295,"column":29},"end":{"line":297,"column":8}},"56":{"start":{"line":298,"column":6},"end":{"line":301,"column":9}},"57":{"start":{"line":309,"column":4},"end":{"line":309,"column":56}},"58":{"start":{"line":316,"column":4},"end":{"line":320,"column":7}},"59":{"start":{"line":327,"column":4},"end":{"line":331,"column":7}},"60":{"start":{"line":338,"column":4},"end":{"line":338,"column":60}},"61":{"start":{"line":345,"column":4},"end":{"line":349,"column":7}},"62":{"start":{"line":356,"column":4},"end":{"line":360,"column":7}},"63":{"start":{"line":367,"column":4},"end":{"line":371,"column":5}},"64":{"start":{"line":368,"column":6},"end":{"line":370,"column":9}},"65":{"start":{"line":372,"column":4},"end":{"line":372,"column":22}},"66":{"start":{"line":375,"column":4},"end":{"line":375,"column":68}},"67":{"start":{"line":385,"column":16},"end":{"line":385,"column":26}},"68":{"start":{"line":386,"column":21},"end":{"line":386,"column":36}},"69":{"start":{"line":388,"column":4},"end":{"line":393,"column":5}},"70":{"start":{"line":389,"column":6},"end":{"line":389,"column":37}},"71":{"start":{"line":391,"column":22},"end":{"line":391,"column":71}},"72":{"start":{"line":392,"column":6},"end":{"line":392,"column":90}},"73":{"start":{"line":394,"column":29},"end":{"line":398,"column":5}},"74":{"start":{"line":399,"column":4},"end":{"line":402,"column":7}},"75":{"start":{"line":409,"column":4},"end":{"line":409,"column":70}},"76":{"start":{"line":416,"column":4},"end":{"line":419,"column":7}},"77":{"start":{"line":437,"column":29},"end":{"line":440,"column":5}},"78":{"start":{"line":441,"column":4},"end":{"line":443,"column":7}},"79":{"start":{"line":461,"column":29},"end":{"line":464,"column":5}},"80":{"start":{"line":465,"column":4},"end":{"line":467,"column":7}},"81":{"start":{"line":489,"column":4},"end":{"line":498,"column":5}},"82":{"start":{"line":490,"column":6},"end":{"line":490,"column":25}},"83":{"start":{"line":492,"column":6},"end":{"line":492,"column":25}},"84":{"start":{"line":493,"column":6},"end":{"line":497,"column":7}},"85":{"start":{"line":494,"column":8},"end":{"line":494,"column":27}},"86":{"start":{"line":496,"column":8},"end":{"line":496,"column":33}},"87":{"start":{"line":499,"column":4},"end":{"line":499,"column":45}},"88":{"start":{"line":500,"column":4},"end":{"line":500,"column":15}},"89":{"start":{"line":501,"column":4},"end":{"line":501,"column":18}}},"fnMap":{"0":{"name":"(anonymous_0)","decl":{"start":{"line":7,"column":55},"end":{"line":7,"column":56}},"loc":{"start":{"line":7,"column":62},"end":{"line":10,"column":3}},"line":7},"1":{"name":"(anonymous_1)","decl":{"start":{"line":13,"column":62},"end":{"line":13,"column":63}},"loc":{"start":{"line":13,"column":78},"end":{"line":22,"column":3}},"line":13},"2":{"name":"(anonymous_2)","decl":{"start":{"line":19,"column":32},"end":{"line":19,"column":33}},"loc":{"start":{"line":19,"column":43},"end":{"line":19,"column":127}},"line":19},"3":{"name":"getConfigForLoggerRecord","decl":{"start":{"line":24,"column":9},"end":{"line":24,"column":33}},"loc":{"start":{"line":24,"column":52},"end":{"line":26,"column":1}},"line":24},"4":{"name":"isError","decl":{"start":{"line":27,"column":9},"end":{"line":27,"column":16}},"loc":{"start":{"line":27,"column":33},"end":{"line":29,"column":1}},"line":27},"5":{"name":"(anonymous_5)","decl":{"start":{"line":42,"column":2},"end":{"line":42,"column":3}},"loc":{"start":{"line":42,"column":32},"end":{"line":48,"column":3}},"line":42},"6":{"name":"(anonymous_6)","decl":{"start":{"line":51,"column":2},"end":{"line":51,"column":3}},"loc":{"start":{"line":51,"column":40},"end":{"line":53,"column":3}},"line":51},"7":{"name":"(anonymous_7)","decl":{"start":{"line":56,"column":2},"end":{"line":56,"column":3}},"loc":{"start":{"line":56,"column":14},"end":{"line":58,"column":3}},"line":56},"8":{"name":"(anonymous_8)","decl":{"start":{"line":63,"column":2},"end":{"line":63,"column":3}},"loc":{"start":{"line":63,"column":42},"end":{"line":65,"column":3}},"line":63},"9":{"name":"(anonymous_9)","decl":{"start":{"line":84,"column":2},"end":{"line":84,"column":3}},"loc":{"start":{"line":84,"column":19},"end":{"line":88,"column":3}},"line":84},"10":{"name":"(anonymous_10)","decl":{"start":{"line":93,"column":2},"end":{"line":93,"column":3}},"loc":{"start":{"line":93,"column":21},"end":{"line":95,"column":3}},"line":93},"11":{"name":"(anonymous_11)","decl":{"start":{"line":102,"column":2},"end":{"line":102,"column":3}},"loc":{"start":{"line":102,"column":22},"end":{"line":104,"column":3}},"line":102},"12":{"name":"(anonymous_12)","decl":{"start":{"line":109,"column":2},"end":{"line":109,"column":3}},"loc":{"start":{"line":109,"column":34},"end":{"line":114,"column":3}},"line":109},"13":{"name":"(anonymous_13)","decl":{"start":{"line":121,"column":2},"end":{"line":121,"column":3}},"loc":{"start":{"line":121,"column":20},"end":{"line":142,"column":3}},"line":121},"14":{"name":"(anonymous_14)","decl":{"start":{"line":137,"column":25},"end":{"line":137,"column":26}},"loc":{"start":{"line":137,"column":36},"end":{"line":139,"column":7}},"line":137},"15":{"name":"(anonymous_15)","decl":{"start":{"line":141,"column":18},"end":{"line":141,"column":19}},"loc":{"start":{"line":141,"column":29},"end":{"line":141,"column":61}},"line":141},"16":{"name":"(anonymous_16)","decl":{"start":{"line":147,"column":2},"end":{"line":147,"column":3}},"loc":{"start":{"line":147,"column":61},"end":{"line":170,"column":3}},"line":147},"17":{"name":"(anonymous_17)","decl":{"start":{"line":175,"column":2},"end":{"line":175,"column":3}},"loc":{"start":{"line":175,"column":50},"end":{"line":179,"column":3}},"line":175},"18":{"name":"(anonymous_18)","decl":{"start":{"line":184,"column":2},"end":{"line":184,"column":3}},"loc":{"start":{"line":184,"column":50},"end":{"line":188,"column":3}},"line":184},"19":{"name":"(anonymous_19)","decl":{"start":{"line":193,"column":2},"end":{"line":193,"column":3}},"loc":{"start":{"line":193,"column":51},"end":{"line":197,"column":3}},"line":193},"20":{"name":"(anonymous_20)","decl":{"start":{"line":202,"column":2},"end":{"line":202,"column":3}},"loc":{"start":{"line":202,"column":49},"end":{"line":206,"column":3}},"line":202},"21":{"name":"(anonymous_21)","decl":{"start":{"line":211,"column":2},"end":{"line":211,"column":3}},"loc":{"start":{"line":211,"column":49},"end":{"line":215,"column":3}},"line":211},"22":{"name":"(anonymous_22)","decl":{"start":{"line":230,"column":2},"end":{"line":230,"column":3}},"loc":{"start":{"line":230,"column":50},"end":{"line":234,"column":3}},"line":230},"23":{"name":"(anonymous_23)","decl":{"start":{"line":239,"column":2},"end":{"line":239,"column":3}},"loc":{"start":{"line":239,"column":53},"end":{"line":243,"column":3}},"line":239},"24":{"name":"(anonymous_24)","decl":{"start":{"line":258,"column":2},"end":{"line":258,"column":3}},"loc":{"start":{"line":258,"column":50},"end":{"line":262,"column":3}},"line":258},"25":{"name":"(anonymous_25)","decl":{"start":{"line":267,"column":2},"end":{"line":267,"column":3}},"loc":{"start":{"line":267,"column":50},"end":{"line":271,"column":3}},"line":267},"26":{"name":"(anonymous_26)","decl":{"start":{"line":276,"column":2},"end":{"line":276,"column":3}},"loc":{"start":{"line":276,"column":48},"end":{"line":288,"column":3}},"line":276},"27":{"name":"(anonymous_27)","decl":{"start":{"line":293,"column":2},"end":{"line":293,"column":3}},"loc":{"start":{"line":293,"column":58},"end":{"line":303,"column":3}},"line":293},"28":{"name":"(anonymous_28)","decl":{"start":{"line":308,"column":2},"end":{"line":308,"column":3}},"loc":{"start":{"line":308,"column":45},"end":{"line":310,"column":3}},"line":308},"29":{"name":"(anonymous_29)","decl":{"start":{"line":315,"column":2},"end":{"line":315,"column":3}},"loc":{"start":{"line":315,"column":49},"end":{"line":321,"column":3}},"line":315},"30":{"name":"(anonymous_30)","decl":{"start":{"line":326,"column":2},"end":{"line":326,"column":3}},"loc":{"start":{"line":326,"column":50},"end":{"line":332,"column":3}},"line":326},"31":{"name":"(anonymous_31)","decl":{"start":{"line":337,"column":2},"end":{"line":337,"column":3}},"loc":{"start":{"line":337,"column":49},"end":{"line":339,"column":3}},"line":337},"32":{"name":"(anonymous_32)","decl":{"start":{"line":344,"column":2},"end":{"line":344,"column":3}},"loc":{"start":{"line":344,"column":53},"end":{"line":350,"column":3}},"line":344},"33":{"name":"(anonymous_33)","decl":{"start":{"line":355,"column":2},"end":{"line":355,"column":3}},"loc":{"start":{"line":355,"column":54},"end":{"line":361,"column":3}},"line":355},"34":{"name":"(anonymous_34)","decl":{"start":{"line":366,"column":2},"end":{"line":366,"column":3}},"loc":{"start":{"line":366,"column":63},"end":{"line":373,"column":3}},"line":366},"35":{"name":"(anonymous_35)","decl":{"start":{"line":374,"column":2},"end":{"line":374,"column":3}},"loc":{"start":{"line":374,"column":46},"end":{"line":376,"column":3}},"line":374},"36":{"name":"(anonymous_36)","decl":{"start":{"line":384,"column":2},"end":{"line":384,"column":3}},"loc":{"start":{"line":384,"column":86},"end":{"line":403,"column":3}},"line":384},"37":{"name":"(anonymous_37)","decl":{"start":{"line":408,"column":2},"end":{"line":408,"column":3}},"loc":{"start":{"line":408,"column":55},"end":{"line":410,"column":3}},"line":408},"38":{"name":"(anonymous_38)","decl":{"start":{"line":415,"column":2},"end":{"line":415,"column":3}},"loc":{"start":{"line":415,"column":62},"end":{"line":420,"column":3}},"line":415},"39":{"name":"(anonymous_39)","decl":{"start":{"line":436,"column":2},"end":{"line":436,"column":3}},"loc":{"start":{"line":436,"column":38},"end":{"line":444,"column":3}},"line":436},"40":{"name":"(anonymous_40)","decl":{"start":{"line":460,"column":2},"end":{"line":460,"column":3}},"loc":{"start":{"line":460,"column":37},"end":{"line":468,"column":3}},"line":460},"41":{"name":"(anonymous_41)","decl":{"start":{"line":486,"column":2},"end":{"line":486,"column":3}},"loc":{"start":{"line":486,"column":39},"end":{"line":502,"column":3}},"line":486}},"branchMap":{"0":{"loc":{"start":{"line":5,"column":23},"end":{"line":5,"column":82}},"type":"cond-expr","locations":[{"start":{"line":5,"column":59},"end":{"line":5,"column":69}},{"start":{"line":5,"column":72},"end":{"line":5,"column":82}}],"line":5},"1":{"loc":{"start":{"line":6,"column":0},"end":{"line":11,"column":1}},"type":"if","locations":[{"start":{"line":6,"column":0},"end":{"line":11,"column":1}},{"start":{},"end":{}}],"line":6},"2":{"loc":{"start":{"line":12,"column":0},"end":{"line":23,"column":1}},"type":"if","locations":[{"start":{"line":12,"column":0},"end":{"line":23,"column":1}},{"start":{},"end":{}}],"line":12},"3":{"loc":{"start":{"line":19,"column":43},"end":{"line":19,"column":127}},"type":"binary-expr","locations":[{"start":{"line":19,"column":43},"end":{"line":19,"column":68}},{"start":{"line":19,"column":73},"end":{"line":19,"column":92}},{"start":{"line":19,"column":96},"end":{"line":19,"column":126}}],"line":19},"4":{"loc":{"start":{"line":45,"column":4},"end":{"line":47,"column":5}},"type":"if","locations":[{"start":{"line":45,"column":4},"end":{"line":47,"column":5}},{"start":{},"end":{}}],"line":45},"5":{"loc":{"start":{"line":45,"column":8},"end":{"line":45,"column":66}},"type":"binary-expr","locations":[{"start":{"line":45,"column":8},"end":{"line":45,"column":45}},{"start":{"line":45,"column":49},"end":{"line":45,"column":66}}],"line":45},"6":{"loc":{"start":{"line":110,"column":4},"end":{"line":112,"column":5}},"type":"if","locations":[{"start":{"line":110,"column":4},"end":{"line":112,"column":5}},{"start":{},"end":{}}],"line":110},"7":{"loc":{"start":{"line":126,"column":4},"end":{"line":135,"column":5}},"type":"if","locations":[{"start":{"line":126,"column":4},"end":{"line":135,"column":5}},{"start":{},"end":{}}],"line":126},"8":{"loc":{"start":{"line":127,"column":6},"end":{"line":133,"column":7}},"type":"if","locations":[{"start":{"line":127,"column":6},"end":{"line":133,"column":7}},{"start":{},"end":{}}],"line":127},"9":{"loc":{"start":{"line":136,"column":4},"end":{"line":140,"column":5}},"type":"if","locations":[{"start":{"line":136,"column":4},"end":{"line":140,"column":5}},{"start":{},"end":{}}],"line":136},"10":{"loc":{"start":{"line":147,"column":32},"end":{"line":147,"column":50}},"type":"default-arg","locations":[{"start":{"line":147,"column":40},"end":{"line":147,"column":50}}],"line":147},"11":{"loc":{"start":{"line":149,"column":20},"end":{"line":149,"column":105}},"type":"cond-expr","locations":[{"start":{"line":149,"column":37},"end":{"line":149,"column":88}},{"start":{"line":149,"column":91},"end":{"line":149,"column":105}}],"line":149},"12":{"loc":{"start":{"line":150,"column":29},"end":{"line":153,"column":16}},"type":"cond-expr","locations":[{"start":{"line":150,"column":97},"end":{"line":153,"column":5}},{"start":{"line":153,"column":8},"end":{"line":153,"column":16}}],"line":150},"13":{"loc":{"start":{"line":150,"column":29},"end":{"line":150,"column":94}},"type":"binary-expr","locations":[{"start":{"line":150,"column":29},"end":{"line":150,"column":43}},{"start":{"line":150,"column":47},"end":{"line":150,"column":94}}],"line":150},"14":{"loc":{"start":{"line":150,"column":49},"end":{"line":150,"column":93}},"type":"binary-expr","locations":[{"start":{"line":150,"column":49},"end":{"line":150,"column":57}},{"start":{"line":150,"column":61},"end":{"line":150,"column":93}}],"line":150},"15":{"loc":{"start":{"line":155,"column":4},"end":{"line":157,"column":5}},"type":"if","locations":[{"start":{"line":155,"column":4},"end":{"line":157,"column":5}},{"start":{},"end":{}}],"line":155},"16":{"loc":{"start":{"line":164,"column":15},"end":{"line":164,"column":44}},"type":"binary-expr","locations":[{"start":{"line":164,"column":15},"end":{"line":164,"column":22}},{"start":{"line":164,"column":26},"end":{"line":164,"column":44}}],"line":164},"17":{"loc":{"start":{"line":366,"column":42},"end":{"line":366,"column":61}},"type":"default-arg","locations":[{"start":{"line":366,"column":50},"end":{"line":366,"column":61}}],"line":366},"18":{"loc":{"start":{"line":367,"column":4},"end":{"line":371,"column":5}},"type":"if","locations":[{"start":{"line":367,"column":4},"end":{"line":371,"column":5}},{"start":{},"end":{}}],"line":367},"19":{"loc":{"start":{"line":384,"column":56},"end":{"line":384,"column":75}},"type":"default-arg","locations":[{"start":{"line":384,"column":64},"end":{"line":384,"column":75}}],"line":384},"20":{"loc":{"start":{"line":388,"column":4},"end":{"line":393,"column":5}},"type":"if","locations":[{"start":{"line":388,"column":4},"end":{"line":393,"column":5}},{"start":{"line":390,"column":11},"end":{"line":393,"column":5}}],"line":388},"21":{"loc":{"start":{"line":391,"column":22},"end":{"line":391,"column":71}},"type":"cond-expr","locations":[{"start":{"line":391,"column":40},"end":{"line":391,"column":67}},{"start":{"line":391,"column":70},"end":{"line":391,"column":71}}],"line":391},"22":{"loc":{"start":{"line":392,"column":24},"end":{"line":392,"column":57}},"type":"cond-expr","locations":[{"start":{"line":392,"column":34},"end":{"line":392,"column":52}},{"start":{"line":392,"column":55},"end":{"line":392,"column":57}}],"line":392},"23":{"loc":{"start":{"line":489,"column":4},"end":{"line":498,"column":5}},"type":"if","locations":[{"start":{"line":489,"column":4},"end":{"line":498,"column":5}},{"start":{"line":491,"column":11},"end":{"line":498,"column":5}}],"line":489},"24":{"loc":{"start":{"line":493,"column":6},"end":{"line":497,"column":7}},"type":"if","locations":[{"start":{"line":493,"column":6},"end":{"line":497,"column":7}},{"start":{"line":495,"column":13},"end":{"line":497,"column":7}}],"line":493}},"s":{"0":3,"1":3,"2":3,"3":0,"4":3,"5":3,"6":0,"7":0,"8":0,"9":0,"10":9,"11":9,"12":9,"13":9,"14":0,"15":0,"16":0,"17":0,"18":0,"19":0,"20":0,"21":0,"22":0,"23":0,"24":0,"25":0,"26":9,"27":9,"28":0,"29":0,"30":0,"31":9,"32":9,"33":0,"34":9,"35":9,"36":9,"37":9,"38":9,"39":9,"40":9,"41":1,"42":9,"43":9,"44":0,"45":1,"46":0,"47":2,"48":1,"49":1,"50":0,"51":1,"52":1,"53":0,"54":0,"55":0,"56":0,"57":1,"58":1,"59":0,"60":0,"61":0,"62":0,"63":0,"64":0,"65":0,"66":0,"67":0,"68":0,"69":0,"70":0,"71":0,"72":0,"73":0,"74":0,"75":0,"76":0,"77":0,"78":0,"79":0,"80":0,"81":0,"82":0,"83":0,"84":0,"85":0,"86":0,"87":0,"88":0,"89":0},"f":{"0":0,"1":0,"2":0,"3":0,"4":9,"5":9,"6":0,"7":0,"8":0,"9":0,"10":0,"11":0,"12":0,"13":9,"14":0,"15":9,"16":9,"17":0,"18":1,"19":0,"20":2,"21":1,"22":1,"23":0,"24":1,"25":1,"26":0,"27":0,"28":1,"29":1,"30":0,"31":0,"32":0,"33":0,"34":0,"35":0,"36":0,"37":0,"38":0,"39":0,"40":0,"41":0},"b":{"0":[3,0],"1":[3,0],"2":[3,0],"3":[0,0,0],"4":[0,9],"5":[9,9],"6":[0,0],"7":[0,9],"8":[0,0],"9":[9,0],"10":[1],"11":[0,9],"12":[0,9],"13":[9,0],"14":[0,0],"15":[1,8],"16":[9,9],"17":[0],"18":[0,0],"19":[0],"20":[0,0],"21":[0,0],"22":[0,0],"23":[0,0],"24":[0,0]},"inputSourceMap":null,"_coverageSchema":"1a1c01bbd47fc00a2c39e90264f33305004495a9","hash":"bd3f1eafe079a4496742fdbf1ddd63f037241995"}
,"/home/runner/work/nightingale/nightingale/packages/nightingale-logger/src/index.ts": {"path":"/home/runner/work/nightingale/nightingale/packages/nightingale-logger/src/index.ts","statementMap":{"0":{"start":{"line":62,"column":2},"end":{"line":62,"column":61}},"1":{"start":{"line":64,"column":0},"end":{"line":70,"column":1}},"2":{"start":{"line":65,"column":2},"end":{"line":69,"column":7}},"3":{"start":{"line":66,"column":33},"end":{"line":69,"column":5}},"4":{"start":{"line":72,"column":0},"end":{"line":89,"column":1}},"5":{"start":{"line":73,"column":2},"end":{"line":88,"column":4}},"6":{"start":{"line":78,"column":6},"end":{"line":78,"column":61}},"7":{"start":{"line":80,"column":4},"end":{"line":87,"column":6}},"8":{"start":{"line":83,"column":10},"end":{"line":84,"column":65}},"9":{"start":{"line":95,"column":2},"end":{"line":98,"column":4}},"10":{"start":{"line":102,"column":2},"end":{"line":102,"column":41}},"11":{"start":{"line":123,"column":4},"end":{"line":123,"column":19}},"12":{"start":{"line":124,"column":4},"end":{"line":124,"column":35}},"13":{"start":{"line":126,"column":4},"end":{"line":130,"column":5}},"14":{"start":{"line":127,"column":6},"end":{"line":129,"column":8}},"15":{"start":{"line":137,"column":4},"end":{"line":137,"column":59}},"16":{"start":{"line":142,"column":4},"end":{"line":142,"column":72}},"17":{"start":{"line":149,"column":4},"end":{"line":149,"column":73}},"18":{"start":{"line":170,"column":19},"end":{"line":170,"column":39}},"19":{"start":{"line":171,"column":4},"end":{"line":171,"column":31}},"20":{"start":{"line":172,"column":4},"end":{"line":172,"column":18}},"21":{"start":{"line":179,"column":4},"end":{"line":179,"column":30}},"22":{"start":{"line":188,"column":4},"end":{"line":188,"column":33}},"23":{"start":{"line":195,"column":4},"end":{"line":199,"column":5}},"24":{"start":{"line":196,"column":6},"end":{"line":198,"column":8}},"25":{"start":{"line":200,"column":4},"end":{"line":200,"column":55}},"26":{"start":{"line":209,"column":37},"end":{"line":211,"column":5}},"27":{"start":{"line":213,"column":4},"end":{"line":222,"column":5}},"28":{"start":{"line":214,"column":6},"end":{"line":220,"column":7}},"29":{"start":{"line":216,"column":8},"end":{"line":219,"column":11}},"30":{"start":{"line":221,"column":6},"end":{"line":221,"column":13}},"31":{"start":{"line":224,"column":4},"end":{"line":228,"column":5}},"32":{"start":{"line":225,"column":6},"end":{"line":227,"column":9}},"33":{"start":{"line":226,"column":8},"end":{"line":226,"column":40}},"34":{"start":{"line":230,"column":4},"end":{"line":230,"column":65}},"35":{"start":{"line":230,"column":31},"end":{"line":230,"column":63}},"36":{"start":{"line":242,"column":27},"end":{"line":242,"column":50}},"37":{"start":{"line":244,"column":20},"end":{"line":246,"column":22}},"38":{"start":{"line":249,"column":6},"end":{"line":251,"column":18}},"39":{"start":{"line":253,"column":20},"end":{"line":253,"column":45}},"40":{"start":{"line":254,"column":4},"end":{"line":256,"column":5}},"41":{"start":{"line":255,"column":6},"end":{"line":255,"column":38}},"42":{"start":{"line":258,"column":68},"end":{"line":268,"column":5}},"43":{"start":{"line":269,"column":4},"end":{"line":269,"column":27}},"44":{"start":{"line":280,"column":4},"end":{"line":280,"column":72}},"45":{"start":{"line":291,"column":4},"end":{"line":291,"column":72}},"46":{"start":{"line":302,"column":4},"end":{"line":302,"column":73}},"47":{"start":{"line":313,"column":4},"end":{"line":313,"column":71}},"48":{"start":{"line":324,"column":4},"end":{"line":324,"column":71}},"49":{"start":{"line":345,"column":4},"end":{"line":345,"column":72}},"50":{"start":{"line":356,"column":4},"end":{"line":356,"column":75}},"51":{"start":{"line":377,"column":4},"end":{"line":377,"column":72}},"52":{"start":{"line":388,"column":4},"end":{"line":388,"column":72}},"53":{"start":{"line":399,"column":4},"end":{"line":409,"column":5}},"54":{"start":{"line":400,"column":6},"end":{"line":400,"column":75}},"55":{"start":{"line":404,"column":29},"end":{"line":404,"column":62}},"56":{"start":{"line":405,"column":6},"end":{"line":408,"column":9}},"57":{"start":{"line":421,"column":4},"end":{"line":429,"column":5}},"58":{"start":{"line":422,"column":6},"end":{"line":422,"column":75}},"59":{"start":{"line":424,"column":29},"end":{"line":424,"column":65}},"60":{"start":{"line":425,"column":6},"end":{"line":428,"column":9}},"61":{"start":{"line":440,"column":4},"end":{"line":440,"column":56}},"62":{"start":{"line":451,"column":4},"end":{"line":455,"column":7}},"63":{"start":{"line":466,"column":4},"end":{"line":470,"column":7}},"64":{"start":{"line":481,"column":4},"end":{"line":481,"column":60}},"65":{"start":{"line":492,"column":4},"end":{"line":496,"column":7}},"66":{"start":{"line":507,"column":4},"end":{"line":511,"column":7}},"67":{"start":{"line":523,"column":4},"end":{"line":525,"column":5}},"68":{"start":{"line":524,"column":6},"end":{"line":524,"column":61}},"69":{"start":{"line":527,"column":4},"end":{"line":527,"column":22}},"70":{"start":{"line":535,"column":4},"end":{"line":535,"column":68}},"71":{"start":{"line":552,"column":16},"end":{"line":552,"column":26}},"72":{"start":{"line":554,"column":21},"end":{"line":554,"column":36}},"73":{"start":{"line":557,"column":4},"end":{"line":563,"column":5}},"74":{"start":{"line":558,"column":6},"end":{"line":558,"column":37}},"75":{"start":{"line":560,"column":22},"end":{"line":560,"column":71}},"76":{"start":{"line":561,"column":17},"end":{"line":561,"column":42}},"77":{"start":{"line":562,"column":6},"end":{"line":562,"column":67}},"78":{"start":{"line":565,"column":29},"end":{"line":569,"column":5}},"79":{"start":{"line":571,"column":4},"end":{"line":571,"column":79}},"80":{"start":{"line":583,"column":4},"end":{"line":583,"column":70}},"81":{"start":{"line":595,"column":4},"end":{"line":598,"column":7}},"82":{"start":{"line":620,"column":29},"end":{"line":623,"column":5}},"83":{"start":{"line":624,"column":4},"end":{"line":624,"column":73}},"84":{"start":{"line":646,"column":29},"end":{"line":649,"column":5}},"85":{"start":{"line":650,"column":4},"end":{"line":650,"column":72}},"86":{"start":{"line":695,"column":4},"end":{"line":705,"column":5}},"87":{"start":{"line":696,"column":6},"end":{"line":696,"column":25}},"88":{"start":{"line":698,"column":6},"end":{"line":698,"column":25}},"89":{"start":{"line":700,"column":6},"end":{"line":704,"column":7}},"90":{"start":{"line":701,"column":8},"end":{"line":701,"column":27}},"91":{"start":{"line":703,"column":8},"end":{"line":703,"column":33}},"92":{"start":{"line":707,"column":4},"end":{"line":707,"column":45}},"93":{"start":{"line":708,"column":4},"end":{"line":708,"column":31}},"94":{"start":{"line":709,"column":4},"end":{"line":709,"column":18}}},"fnMap":{"0":{"name":"(anonymous_0)","decl":{"start":{"line":66,"column":4},"end":{"line":66,"column":5}},"loc":{"start":{"line":66,"column":33},"end":{"line":69,"column":5}},"line":66},"1":{"name":"(anonymous_1)","decl":{"start":{"line":73,"column":62},"end":{"line":73,"column":63}},"loc":{"start":{"line":76,"column":29},"end":{"line":88,"column":3}},"line":76},"2":{"name":"(anonymous_2)","decl":{"start":{"line":82,"column":8},"end":{"line":82,"column":9}},"loc":{"start":{"line":83,"column":10},"end":{"line":84,"column":65}},"line":83},"3":{"name":"getConfigForLoggerRecord","decl":{"start":{"line":91,"column":9},"end":{"line":91,"column":33}},"loc":{"start":{"line":94,"column":24},"end":{"line":99,"column":1}},"line":94},"4":{"name":"isError","decl":{"start":{"line":101,"column":9},"end":{"line":101,"column":16}},"loc":{"start":{"line":101,"column":74},"end":{"line":103,"column":1}},"line":101},"5":{"name":"(anonymous_5)","decl":{"start":{"line":122,"column":2},"end":{"line":122,"column":3}},"loc":{"start":{"line":122,"column":49},"end":{"line":131,"column":3}},"line":122},"6":{"name":"(anonymous_6)","decl":{"start":{"line":134,"column":2},"end":{"line":134,"column":3}},"loc":{"start":{"line":136,"column":26},"end":{"line":138,"column":3}},"line":136},"7":{"name":"(anonymous_7)","decl":{"start":{"line":141,"column":2},"end":{"line":141,"column":3}},"loc":{"start":{"line":141,"column":46},"end":{"line":143,"column":3}},"line":141},"8":{"name":"(anonymous_8)","decl":{"start":{"line":148,"column":2},"end":{"line":148,"column":3}},"loc":{"start":{"line":148,"column":67},"end":{"line":150,"column":3}},"line":148},"9":{"name":"(anonymous_9)","decl":{"start":{"line":169,"column":2},"end":{"line":169,"column":3}},"loc":{"start":{"line":169,"column":52},"end":{"line":173,"column":3}},"line":169},"10":{"name":"(anonymous_10)","decl":{"start":{"line":178,"column":2},"end":{"line":178,"column":3}},"loc":{"start":{"line":178,"column":68},"end":{"line":180,"column":3}},"line":178},"11":{"name":"(anonymous_11)","decl":{"start":{"line":187,"column":2},"end":{"line":187,"column":3}},"loc":{"start":{"line":187,"column":53},"end":{"line":189,"column":3}},"line":187},"12":{"name":"(anonymous_12)","decl":{"start":{"line":194,"column":2},"end":{"line":194,"column":3}},"loc":{"start":{"line":194,"column":65},"end":{"line":201,"column":3}},"line":194},"13":{"name":"(anonymous_13)","decl":{"start":{"line":208,"column":2},"end":{"line":208,"column":3}},"loc":{"start":{"line":208,"column":70},"end":{"line":231,"column":3}},"line":208},"14":{"name":"(anonymous_14)","decl":{"start":{"line":225,"column":25},"end":{"line":225,"column":26}},"loc":{"start":{"line":225,"column":38},"end":{"line":227,"column":7}},"line":225},"15":{"name":"(anonymous_15)","decl":{"start":{"line":230,"column":18},"end":{"line":230,"column":19}},"loc":{"start":{"line":230,"column":31},"end":{"line":230,"column":63}},"line":230},"16":{"name":"(anonymous_16)","decl":{"start":{"line":236,"column":2},"end":{"line":236,"column":3}},"loc":{"start":{"line":241,"column":10},"end":{"line":270,"column":3}},"line":241},"17":{"name":"(anonymous_17)","decl":{"start":{"line":275,"column":2},"end":{"line":275,"column":3}},"loc":{"start":{"line":279,"column":10},"end":{"line":281,"column":3}},"line":279},"18":{"name":"(anonymous_18)","decl":{"start":{"line":286,"column":2},"end":{"line":286,"column":3}},"loc":{"start":{"line":290,"column":10},"end":{"line":292,"column":3}},"line":290},"19":{"name":"(anonymous_19)","decl":{"start":{"line":297,"column":2},"end":{"line":297,"column":3}},"loc":{"start":{"line":301,"column":10},"end":{"line":303,"column":3}},"line":301},"20":{"name":"(anonymous_20)","decl":{"start":{"line":308,"column":2},"end":{"line":308,"column":3}},"loc":{"start":{"line":312,"column":10},"end":{"line":314,"column":3}},"line":312},"21":{"name":"(anonymous_21)","decl":{"start":{"line":319,"column":2},"end":{"line":319,"column":3}},"loc":{"start":{"line":323,"column":10},"end":{"line":325,"column":3}},"line":323},"22":{"name":"(anonymous_22)","decl":{"start":{"line":340,"column":2},"end":{"line":340,"column":3}},"loc":{"start":{"line":344,"column":10},"end":{"line":346,"column":3}},"line":344},"23":{"name":"(anonymous_23)","decl":{"start":{"line":351,"column":2},"end":{"line":351,"column":3}},"loc":{"start":{"line":355,"column":10},"end":{"line":357,"column":3}},"line":355},"24":{"name":"(anonymous_24)","decl":{"start":{"line":372,"column":2},"end":{"line":372,"column":3}},"loc":{"start":{"line":376,"column":10},"end":{"line":378,"column":3}},"line":376},"25":{"name":"(anonymous_25)","decl":{"start":{"line":383,"column":2},"end":{"line":383,"column":3}},"loc":{"start":{"line":387,"column":10},"end":{"line":389,"column":3}},"line":387},"26":{"name":"(anonymous_26)","decl":{"start":{"line":394,"column":2},"end":{"line":394,"column":3}},"loc":{"start":{"line":398,"column":10},"end":{"line":410,"column":3}},"line":398},"27":{"name":"(anonymous_27)","decl":{"start":{"line":415,"column":2},"end":{"line":415,"column":3}},"loc":{"start":{"line":420,"column":10},"end":{"line":430,"column":3}},"line":420},"28":{"name":"(anonymous_28)","decl":{"start":{"line":435,"column":2},"end":{"line":435,"column":3}},"loc":{"start":{"line":439,"column":10},"end":{"line":441,"column":3}},"line":439},"29":{"name":"(anonymous_29)","decl":{"start":{"line":446,"column":2},"end":{"line":446,"column":3}},"loc":{"start":{"line":450,"column":10},"end":{"line":456,"column":3}},"line":450},"30":{"name":"(anonymous_30)","decl":{"start":{"line":461,"column":2},"end":{"line":461,"column":3}},"loc":{"start":{"line":465,"column":10},"end":{"line":471,"column":3}},"line":465},"31":{"name":"(anonymous_31)","decl":{"start":{"line":476,"column":2},"end":{"line":476,"column":3}},"loc":{"start":{"line":480,"column":10},"end":{"line":482,"column":3}},"line":480},"32":{"name":"(anonymous_32)","decl":{"start":{"line":487,"column":2},"end":{"line":487,"column":3}},"loc":{"start":{"line":491,"column":10},"end":{"line":497,"column":3}},"line":491},"33":{"name":"(anonymous_33)","decl":{"start":{"line":502,"column":2},"end":{"line":502,"column":3}},"loc":{"start":{"line":506,"column":10},"end":{"line":512,"column":3}},"line":506},"34":{"name":"(anonymous_34)","decl":{"start":{"line":517,"column":2},"end":{"line":517,"column":3}},"loc":{"start":{"line":522,"column":12},"end":{"line":528,"column":3}},"line":522},"35":{"name":"(anonymous_35)","decl":{"start":{"line":530,"column":2},"end":{"line":530,"column":3}},"loc":{"start":{"line":534,"column":12},"end":{"line":536,"column":3}},"line":534},"36":{"name":"(anonymous_36)","decl":{"start":{"line":544,"column":2},"end":{"line":544,"column":3}},"loc":{"start":{"line":551,"column":10},"end":{"line":572,"column":3}},"line":551},"37":{"name":"(anonymous_37)","decl":{"start":{"line":577,"column":2},"end":{"line":577,"column":3}},"loc":{"start":{"line":582,"column":10},"end":{"line":584,"column":3}},"line":582},"38":{"name":"(anonymous_38)","decl":{"start":{"line":589,"column":2},"end":{"line":589,"column":3}},"loc":{"start":{"line":594,"column":10},"end":{"line":599,"column":3}},"line":594},"39":{"name":"(anonymous_39)","decl":{"start":{"line":615,"column":2},"end":{"line":615,"column":3}},"loc":{"start":{"line":619,"column":10},"end":{"line":625,"column":3}},"line":619},"40":{"name":"(anonymous_40)","decl":{"start":{"line":641,"column":2},"end":{"line":641,"column":3}},"loc":{"start":{"line":645,"column":10},"end":{"line":651,"column":3}},"line":645},"41":{"name":"(anonymous_41)","decl":{"start":{"line":686,"column":2},"end":{"line":686,"column":3}},"loc":{"start":{"line":691,"column":10},"end":{"line":710,"column":3}},"line":691}},"branchMap":{"0":{"loc":{"start":{"line":62,"column":2},"end":{"line":62,"column":61}},"type":"cond-expr","locations":[{"start":{"line":62,"column":38},"end":{"line":62,"column":48}},{"start":{"line":62,"column":51},"end":{"line":62,"column":61}}],"line":62},"1":{"loc":{"start":{"line":64,"column":0},"end":{"line":70,"column":1}},"type":"if","locations":[{"start":{"line":64,"column":0},"end":{"line":70,"column":1}},{"start":{},"end":{}}],"line":64},"2":{"loc":{"start":{"line":72,"column":0},"end":{"line":89,"column":1}},"type":"if","locations":[{"start":{"line":72,"column":0},"end":{"line":89,"column":1}},{"start":{},"end":{}}],"line":72},"3":{"loc":{"start":{"line":83,"column":10},"end":{"line":84,"column":65}},"type":"binary-expr","locations":[{"start":{"line":83,"column":10},"end":{"line":83,"column":35}},{"start":{"line":84,"column":11},"end":{"line":84,"column":30}},{"start":{"line":84,"column":34},"end":{"line":84,"column":64}}],"line":83},"4":{"loc":{"start":{"line":126,"column":4},"end":{"line":130,"column":5}},"type":"if","locations":[{"start":{"line":126,"column":4},"end":{"line":130,"column":5}},{"start":{},"end":{}}],"line":126},"5":{"loc":{"start":{"line":126,"column":8},"end":{"line":126,"column":66}},"type":"binary-expr","locations":[{"start":{"line":126,"column":8},"end":{"line":126,"column":45}},{"start":{"line":126,"column":49},"end":{"line":126,"column":66}}],"line":126},"6":{"loc":{"start":{"line":195,"column":4},"end":{"line":199,"column":5}},"type":"if","locations":[{"start":{"line":195,"column":4},"end":{"line":199,"column":5}},{"start":{},"end":{}}],"line":195},"7":{"loc":{"start":{"line":213,"column":4},"end":{"line":222,"column":5}},"type":"if","locations":[{"start":{"line":213,"column":4},"end":{"line":222,"column":5}},{"start":{},"end":{}}],"line":213},"8":{"loc":{"start":{"line":214,"column":6},"end":{"line":220,"column":7}},"type":"if","locations":[{"start":{"line":214,"column":6},"end":{"line":220,"column":7}},{"start":{},"end":{}}],"line":214},"9":{"loc":{"start":{"line":224,"column":4},"end":{"line":228,"column":5}},"type":"if","locations":[{"start":{"line":224,"column":4},"end":{"line":228,"column":5}},{"start":{},"end":{}}],"line":224},"10":{"loc":{"start":{"line":239,"column":4},"end":{"line":239,"column":29}},"type":"default-arg","locations":[{"start":{"line":239,"column":19},"end":{"line":239,"column":29}}],"line":239},"11":{"loc":{"start":{"line":244,"column":20},"end":{"line":246,"column":22}},"type":"cond-expr","locations":[{"start":{"line":245,"column":8},"end":{"line":245,"column":59}},{"start":{"line":246,"column":8},"end":{"line":246,"column":22}}],"line":244},"12":{"loc":{"start":{"line":249,"column":6},"end":{"line":251,"column":18}},"type":"cond-expr","locations":[{"start":{"line":250,"column":10},"end":{"line":250,"column":48}},{"start":{"line":251,"column":10},"end":{"line":251,"column":18}}],"line":249},"13":{"loc":{"start":{"line":249,"column":6},"end":{"line":249,"column":71}},"type":"binary-expr","locations":[{"start":{"line":249,"column":6},"end":{"line":249,"column":20}},{"start":{"line":249,"column":24},"end":{"line":249,"column":71}}],"line":249},"14":{"loc":{"start":{"line":249,"column":26},"end":{"line":249,"column":70}},"type":"binary-expr","locations":[{"start":{"line":249,"column":26},"end":{"line":249,"column":34}},{"start":{"line":249,"column":38},"end":{"line":249,"column":70}}],"line":249},"15":{"loc":{"start":{"line":254,"column":4},"end":{"line":256,"column":5}},"type":"if","locations":[{"start":{"line":254,"column":4},"end":{"line":256,"column":5}},{"start":{},"end":{}}],"line":254},"16":{"loc":{"start":{"line":264,"column":15},"end":{"line":264,"column":44}},"type":"binary-expr","locations":[{"start":{"line":264,"column":15},"end":{"line":264,"column":22}},{"start":{"line":264,"column":26},"end":{"line":264,"column":44}}],"line":264},"17":{"loc":{"start":{"line":399,"column":4},"end":{"line":409,"column":5}},"type":"if","locations":[{"start":{"line":399,"column":4},"end":{"line":409,"column":5}},{"start":{"line":401,"column":11},"end":{"line":409,"column":5}}],"line":399},"18":{"loc":{"start":{"line":421,"column":4},"end":{"line":429,"column":5}},"type":"if","locations":[{"start":{"line":421,"column":4},"end":{"line":429,"column":5}},{"start":{"line":423,"column":11},"end":{"line":429,"column":5}}],"line":421},"19":{"loc":{"start":{"line":521,"column":4},"end":{"line":521,"column":31}},"type":"default-arg","locations":[{"start":{"line":521,"column":20},"end":{"line":521,"column":31}}],"line":521},"20":{"loc":{"start":{"line":523,"column":4},"end":{"line":525,"column":5}},"type":"if","locations":[{"start":{"line":523,"column":4},"end":{"line":525,"column":5}},{"start":{},"end":{}}],"line":523},"21":{"loc":{"start":{"line":549,"column":4},"end":{"line":549,"column":31}},"type":"default-arg","locations":[{"start":{"line":549,"column":20},"end":{"line":549,"column":31}}],"line":549},"22":{"loc":{"start":{"line":557,"column":4},"end":{"line":563,"column":5}},"type":"if","locations":[{"start":{"line":557,"column":4},"end":{"line":563,"column":5}},{"start":{"line":559,"column":11},"end":{"line":563,"column":5}}],"line":557},"23":{"loc":{"start":{"line":560,"column":22},"end":{"line":560,"column":71}},"type":"cond-expr","locations":[{"start":{"line":560,"column":40},"end":{"line":560,"column":67}},{"start":{"line":560,"column":70},"end":{"line":560,"column":71}}],"line":560},"24":{"loc":{"start":{"line":562,"column":24},"end":{"line":562,"column":57}},"type":"cond-expr","locations":[{"start":{"line":562,"column":34},"end":{"line":562,"column":52}},{"start":{"line":562,"column":55},"end":{"line":562,"column":57}}],"line":562},"25":{"loc":{"start":{"line":695,"column":4},"end":{"line":705,"column":5}},"type":"if","locations":[{"start":{"line":695,"column":4},"end":{"line":705,"column":5}},{"start":{"line":697,"column":11},"end":{"line":705,"column":5}}],"line":695},"26":{"loc":{"start":{"line":700,"column":6},"end":{"line":704,"column":7}},"type":"if","locations":[{"start":{"line":700,"column":6},"end":{"line":704,"column":7}},{"start":{"line":702,"column":13},"end":{"line":704,"column":7}}],"line":700}},"s":{"0":1,"1":1,"2":1,"3":0,"4":1,"5":1,"6":0,"7":0,"8":0,"9":0,"10":1,"11":4,"12":4,"13":4,"14":0,"15":0,"16":0,"17":0,"18":0,"19":0,"20":0,"21":4,"22":1,"23":2,"24":1,"25":1,"26":0,"27":0,"28":0,"29":0,"30":0,"31":0,"32":0,"33":0,"34":0,"35":0,"36":1,"37":1,"38":1,"39":1,"40":1,"41":1,"42":1,"43":1,"44":0,"45":0,"46":0,"47":0,"48":0,"49":0,"50":0,"51":0,"52":0,"53":0,"54":0,"55":0,"56":0,"57":0,"58":0,"59":0,"60":0,"61":0,"62":0,"63":0,"64":0,"65":0,"66":0,"67":0,"68":0,"69":0,"70":0,"71":0,"72":0,"73":0,"74":0,"75":0,"76":0,"77":0,"78":0,"79":0,"80":0,"81":0,"82":0,"83":0,"84":0,"85":0,"86":0,"87":0,"88":0,"89":0,"90":0,"91":0,"92":0,"93":0,"94":0},"f":{"0":0,"1":0,"2":0,"3":0,"4":1,"5":4,"6":0,"7":0,"8":0,"9":0,"10":4,"11":1,"12":2,"13":0,"14":0,"15":0,"16":1,"17":0,"18":0,"19":0,"20":0,"21":0,"22":0,"23":0,"24":0,"25":0,"26":0,"27":0,"28":0,"29":0,"30":0,"31":0,"32":0,"33":0,"34":0,"35":0,"36":0,"37":0,"38":0,"39":0,"40":0,"41":0},"b":{"0":[1,0],"1":[1,0],"2":[1,0],"3":[0,0,0],"4":[0,4],"5":[4,4],"6":[1,1],"7":[0,0],"8":[0,0],"9":[0,0],"10":[1],"11":[1,0],"12":[1,0],"13":[1,1],"14":[1,0],"15":[1,0],"16":[1,1],"17":[0,0],"18":[0,0],"19":[0],"20":[0,0],"21":[0],"22":[0,0],"23":[0,0],"24":[0,0],"25":[0,0],"26":[0,0]},"_coverageSchema":"1a1c01bbd47fc00a2c39e90264f33305004495a9","hash":"99614d7218ac27921ffd8087cc9c57f24cb68041"}
,"/home/runner/work/nightingale/nightingale/packages/nightingale-slack/src/createBody.ts": {"path":"/home/runner/work/nightingale/nightingale/packages/nightingale-slack/src/createBody.ts","statementMap":{"0":{"start":{"line":6,"column":50},"end":{"line":15,"column":1}},"1":{"start":{"line":21,"column":19},"end":{"line":21,"column":51}},"2":{"start":{"line":22,"column":14},"end":{"line":22,"column":41}},"3":{"start":{"line":24,"column":2},"end":{"line":38,"column":4}}},"fnMap":{"0":{"name":"createBody","decl":{"start":{"line":17,"column":24},"end":{"line":17,"column":34}},"loc":{"start":{"line":20,"column":27},"end":{"line":39,"column":1}},"line":20}},"branchMap":{},"s":{"0":1,"1":5,"2":5,"3":5},"f":{"0":5},"b":{},"_coverageSchema":"1a1c01bbd47fc00a2c39e90264f33305004495a9","hash":"b093eefc0dcc3058a626a560eb291b3a347517ff"}
,"/home/runner/work/nightingale/nightingale/packages/nightingale/dist/index-node20.mjs": {"path":"/home/runner/work/nightingale/nightingale/packages/nightingale/dist/index-node20.mjs","statementMap":{"0":{"start":{"line":7,"column":23},"end":{"line":7,"column":70}},"1":{"start":{"line":8,"column":0},"end":{"line":10,"column":1}},"2":{"start":{"line":9,"column":2},"end":{"line":9,"column":55}},"3":{"start":{"line":11,"column":0},"end":{"line":18,"column":1}},"4":{"start":{"line":12,"column":2},"end":{"line":12,"column":43}},"5":{"start":{"line":13,"column":2},"end":{"line":13,"column":60}},"6":{"start":{"line":14,"column":2},"end":{"line":17,"column":4}},"7":{"start":{"line":20,"column":2},"end":{"line":20,"column":56}},"8":{"start":{"line":23,"column":2},"end":{"line":36,"column":3}},"9":{"start":{"line":24,"column":4},"end":{"line":26,"column":5}},"10":{"start":{"line":25,"column":6},"end":{"line":25,"column":73}},"11":{"start":{"line":27,"column":4},"end":{"line":29,"column":5}},"12":{"start":{"line":28,"column":6},"end":{"line":28,"column":70}},"13":{"start":{"line":30,"column":9},"end":{"line":36,"column":3}},"14":{"start":{"line":31,"column":4},"end":{"line":33,"column":5}},"15":{"start":{"line":32,"column":6},"end":{"line":32,"column":73}},"16":{"start":{"line":34,"column":4},"end":{"line":34,"column":31}},"17":{"start":{"line":35,"column":4},"end":{"line":35,"column":22}},"18":{"start":{"line":37,"column":2},"end":{"line":43,"column":3}},"19":{"start":{"line":38,"column":4},"end":{"line":40,"column":5}},"20":{"start":{"line":39,"column":6},"end":{"line":39,"column":78}},"21":{"start":{"line":41,"column":4},"end":{"line":41,"column":39}},"22":{"start":{"line":42,"column":4},"end":{"line":42,"column":26}},"23":{"start":{"line":44,"column":2},"end":{"line":50,"column":3}},"24":{"start":{"line":45,"column":4},"end":{"line":47,"column":5}},"25":{"start":{"line":46,"column":6},"end":{"line":46,"column":83}},"26":{"start":{"line":48,"column":4},"end":{"line":48,"column":43}},"27":{"start":{"line":49,"column":4},"end":{"line":49,"column":28}},"28":{"start":{"line":51,"column":2},"end":{"line":51,"column":16}},"29":{"start":{"line":54,"column":2},"end":{"line":57,"column":3}},"30":{"start":{"line":56,"column":4},"end":{"line":56,"column":59}},"31":{"start":{"line":58,"column":2},"end":{"line":58,"column":15}},"32":{"start":{"line":59,"column":2},"end":{"line":59,"column":65}},"33":{"start":{"line":62,"column":2},"end":{"line":62,"column":32}},"34":{"start":{"line":63,"column":2},"end":{"line":63,"column":76}},"35":{"start":{"line":64,"column":2},"end":{"line":64,"column":15}},"36":{"start":{"line":66,"column":23},"end":{"line":70,"column":1}},"37":{"start":{"line":66,"column":30},"end":{"line":70,"column":1}},"38":{"start":{"line":67,"column":2},"end":{"line":67,"column":52}},"39":{"start":{"line":67,"column":19},"end":{"line":67,"column":52}},"40":{"start":{"line":68,"column":2},"end":{"line":68,"column":54}},"41":{"start":{"line":68,"column":22},"end":{"line":68,"column":54}},"42":{"start":{"line":69,"column":2},"end":{"line":69,"column":14}},"43":{"start":{"line":71,"column":0},"end":{"line":88,"column":2}},"44":{"start":{"line":72,"column":22},"end":{"line":72,"column":67}},"45":{"start":{"line":73,"column":24},"end":{"line":73,"column":44}},"46":{"start":{"line":74,"column":2},"end":{"line":76,"column":3}},"47":{"start":{"line":75,"column":4},"end":{"line":75,"column":25}},"48":{"start":{"line":77,"column":23},"end":{"line":80,"column":3}},"49":{"start":{"line":81,"column":2},"end":{"line":85,"column":5}},"50":{"start":{"line":82,"column":4},"end":{"line":82,"column":72}},"51":{"start":{"line":82,"column":25},"end":{"line":82,"column":72}},"52":{"start":{"line":83,"column":4},"end":{"line":83,"column":78}},"53":{"start":{"line":83,"column":27},"end":{"line":83,"column":78}},"54":{"start":{"line":84,"column":4},"end":{"line":84,"column":23}},"55":{"start":{"line":86,"column":2},"end":{"line":86,"column":37}},"56":{"start":{"line":87,"column":2},"end":{"line":87,"column":22}},"57":{"start":{"line":89,"column":0},"end":{"line":100,"column":1}},"58":{"start":{"line":90,"column":2},"end":{"line":99,"column":4}},"59":{"start":{"line":94,"column":8},"end":{"line":94,"column":63}},"60":{"start":{"line":95,"column":4},"end":{"line":98,"column":6}},"61":{"start":{"line":96,"column":43},"end":{"line":96,"column":127}},"62":{"start":{"line":102,"column":22},"end":{"line":111,"column":1}},"63":{"start":{"line":113,"column":22},"end":{"line":122,"column":1}},"64":{"start":{"line":124,"column":24},"end":{"line":126,"column":1}},"65":{"start":{"line":128,"column":35},"end":{"line":226,"column":1}},"66":{"start":{"line":227,"column":34},"end":{"line":237,"column":1}},"67":{"start":{"line":241,"column":21},"end":{"line":253,"column":1}},"68":{"start":{"line":257,"column":18},"end":{"line":257,"column":42}},"69":{"start":{"line":257,"column":37},"end":{"line":257,"column":42}},"70":{"start":{"line":259,"column":2},"end":{"line":263,"column":3}},"71":{"start":{"line":260,"column":4},"end":{"line":260,"column":53}},"72":{"start":{"line":262,"column":4},"end":{"line":262,"column":24}},"73":{"start":{"line":265,"column":30},"end":{"line":268,"column":2}},"74":{"start":{"line":265,"column":40},"end":{"line":268,"column":1}},"75":{"start":{"line":269,"column":25},"end":{"line":269,"column":28}},"76":{"start":{"line":270,"column":27},"end":{"line":278,"column":1}},"77":{"start":{"line":271,"column":15},"end":{"line":271,"column":17}},"78":{"start":{"line":272,"column":10},"end":{"line":272,"column":32}},"79":{"start":{"line":273,"column":16},"end":{"line":273,"column":55}},"80":{"start":{"line":274,"column":2},"end":{"line":276,"column":3}},"81":{"start":{"line":275,"column":4},"end":{"line":275,"column":78}},"82":{"start":{"line":277,"column":2},"end":{"line":277,"column":100}},"83":{"start":{"line":279,"column":34},"end":{"line":286,"column":1}},"84":{"start":{"line":280,"column":15},"end":{"line":280,"column":17}},"85":{"start":{"line":281,"column":10},"end":{"line":281,"column":11}},"86":{"start":{"line":282,"column":2},"end":{"line":284,"column":3}},"87":{"start":{"line":283,"column":4},"end":{"line":283,"column":70}},"88":{"start":{"line":285,"column":2},"end":{"line":285,"column":76}},"89":{"start":{"line":287,"column":26},"end":{"line":313,"column":1}},"90":{"start":{"line":288,"column":2},"end":{"line":290,"column":3}},"91":{"start":{"line":289,"column":4},"end":{"line":289,"column":17}},"92":{"start":{"line":291,"column":2},"end":{"line":293,"column":3}},"93":{"start":{"line":292,"column":4},"end":{"line":292,"column":23}},"94":{"start":{"line":294,"column":2},"end":{"line":296,"column":3}},"95":{"start":{"line":295,"column":4},"end":{"line":295,"column":23}},"96":{"start":{"line":297,"column":2},"end":{"line":299,"column":3}},"97":{"start":{"line":298,"column":4},"end":{"line":298,"column":21}},"98":{"start":{"line":300,"column":2},"end":{"line":302,"column":3}},"99":{"start":{"line":301,"column":4},"end":{"line":301,"column":16}},"100":{"start":{"line":303,"column":18},"end":{"line":303,"column":35}},"101":{"start":{"line":304,"column":26},"end":{"line":304,"column":44}},"102":{"start":{"line":305,"column":2},"end":{"line":312,"column":3}},"103":{"start":{"line":306,"column":4},"end":{"line":308,"column":5}},"104":{"start":{"line":307,"column":6},"end":{"line":307,"column":29}},"105":{"start":{"line":309,"column":4},"end":{"line":309,"column":47}},"106":{"start":{"line":311,"column":4},"end":{"line":311,"column":130}},"107":{"start":{"line":320,"column":22},"end":{"line":320,"column":34}},"108":{"start":{"line":321,"column":2},"end":{"line":360,"column":3}},"109":{"start":{"line":322,"column":4},"end":{"line":359,"column":5}},"110":{"start":{"line":323,"column":6},"end":{"line":323,"column":24}},"111":{"start":{"line":325,"column":6},"end":{"line":358,"column":7}},"112":{"start":{"line":327,"column":10},"end":{"line":327,"column":39}},"113":{"start":{"line":328,"column":10},"end":{"line":328,"column":16}},"114":{"start":{"line":330,"column":10},"end":{"line":330,"column":40}},"115":{"start":{"line":331,"column":10},"end":{"line":331,"column":16}},"116":{"start":{"line":333,"column":10},"end":{"line":333,"column":42}},"117":{"start":{"line":334,"column":10},"end":{"line":334,"column":16}},"118":{"start":{"line":336,"column":10},"end":{"line":336,"column":39}},"119":{"start":{"line":337,"column":10},"end":{"line":337,"column":16}},"120":{"start":{"line":339,"column":10},"end":{"line":339,"column":39}},"121":{"start":{"line":340,"column":10},"end":{"line":340,"column":16}},"122":{"start":{"line":342,"column":10},"end":{"line":342,"column":39}},"123":{"start":{"line":343,"column":10},"end":{"line":343,"column":16}},"124":{"start":{"line":345,"column":10},"end":{"line":347,"column":11}},"125":{"start":{"line":346,"column":12},"end":{"line":346,"column":39}},"126":{"start":{"line":348,"column":10},"end":{"line":350,"column":11}},"127":{"start":{"line":349,"column":12},"end":{"line":349,"column":41}},"128":{"start":{"line":351,"column":10},"end":{"line":353,"column":11}},"129":{"start":{"line":352,"column":12},"end":{"line":352,"column":40}},"130":{"start":{"line":354,"column":10},"end":{"line":354,"column":16}},"131":{"start":{"line":356,"column":10},"end":{"line":356,"column":41}},"132":{"start":{"line":357,"column":10},"end":{"line":357,"column":16}},"133":{"start":{"line":362,"column":2},"end":{"line":436,"column":3}},"134":{"start":{"line":363,"column":4},"end":{"line":363,"column":25}},"135":{"start":{"line":364,"column":9},"end":{"line":436,"column":3}},"136":{"start":{"line":365,"column":4},"end":{"line":365,"column":30}},"137":{"start":{"line":366,"column":9},"end":{"line":436,"column":3}},"138":{"start":{"line":367,"column":4},"end":{"line":367,"column":43}},"139":{"start":{"line":368,"column":9},"end":{"line":436,"column":3}},"140":{"start":{"line":370,"column":4},"end":{"line":370,"column":35}},"141":{"start":{"line":371,"column":9},"end":{"line":436,"column":3}},"142":{"start":{"line":372,"column":4},"end":{"line":381,"column":5}},"143":{"start":{"line":373,"column":6},"end":{"line":373,"column":34}},"144":{"start":{"line":375,"column":6},"end":{"line":380,"column":9}},"145":{"start":{"line":382,"column":9},"end":{"line":436,"column":3}},"146":{"start":{"line":383,"column":4},"end":{"line":392,"column":5}},"147":{"start":{"line":384,"column":6},"end":{"line":384,"column":33}},"148":{"start":{"line":386,"column":6},"end":{"line":391,"column":9}},"149":{"start":{"line":393,"column":9},"end":{"line":436,"column":3}},"150":{"start":{"line":394,"column":18},"end":{"line":394,"column":29}},"151":{"start":{"line":395,"column":4},"end":{"line":395,"column":152}},"152":{"start":{"line":396,"column":9},"end":{"line":436,"column":3}},"153":{"start":{"line":397,"column":17},"end":{"line":397,"column":39}},"154":{"start":{"line":398,"column":4},"end":{"line":407,"column":5}},"155":{"start":{"line":399,"column":6},"end":{"line":399,"column":35}},"156":{"start":{"line":401,"column":6},"end":{"line":406,"column":9}},"157":{"start":{"line":408,"column":9},"end":{"line":436,"column":3}},"158":{"start":{"line":409,"column":4},"end":{"line":409,"column":50}},"159":{"start":{"line":410,"column":9},"end":{"line":436,"column":3}},"160":{"start":{"line":411,"column":4},"end":{"line":411,"column":35}},"161":{"start":{"line":412,"column":9},"end":{"line":436,"column":3}},"162":{"start":{"line":413,"column":17},"end":{"line":413,"column":39}},"163":{"start":{"line":414,"column":4},"end":{"line":423,"column":5}},"164":{"start":{"line":415,"column":6},"end":{"line":415,"column":35}},"165":{"start":{"line":417,"column":6},"end":{"line":422,"column":9}},"166":{"start":{"line":424,"column":9},"end":{"line":436,"column":3}},"167":{"start":{"line":425,"column":4},"end":{"line":425,"column":33}},"168":{"start":{"line":426,"column":9},"end":{"line":436,"column":3}},"169":{"start":{"line":427,"column":4},"end":{"line":427,"column":33}},"170":{"start":{"line":428,"column":9},"end":{"line":436,"column":3}},"171":{"start":{"line":429,"column":4},"end":{"line":429,"column":51}},"172":{"start":{"line":430,"column":9},"end":{"line":436,"column":3}},"173":{"start":{"line":431,"column":4},"end":{"line":431,"column":50}},"174":{"start":{"line":432,"column":9},"end":{"line":436,"column":3}},"175":{"start":{"line":433,"column":4},"end":{"line":433,"column":46}},"176":{"start":{"line":435,"column":4},"end":{"line":435,"column":38}},"177":{"start":{"line":437,"column":25},"end":{"line":437,"column":53}},"178":{"start":{"line":438,"column":2},"end":{"line":441,"column":4}},"179":{"start":{"line":443,"column":18},"end":{"line":443,"column":21}},"180":{"start":{"line":444,"column":26},"end":{"line":449,"column":1}},"181":{"start":{"line":445,"column":2},"end":{"line":448,"column":4}},"182":{"start":{"line":450,"column":22},"end":{"line":455,"column":1}},"183":{"start":{"line":451,"column":2},"end":{"line":454,"column":4}},"184":{"start":{"line":456,"column":29},"end":{"line":465,"column":1}},"185":{"start":{"line":460,"column":6},"end":{"line":460,"column":74}},"186":{"start":{"line":461,"column":2},"end":{"line":464,"column":4}},"187":{"start":{"line":466,"column":31},"end":{"line":515,"column":1}},"188":{"start":{"line":477,"column":18},"end":{"line":477,"column":23}},"189":{"start":{"line":478,"column":29},"end":{"line":478,"column":63}},"190":{"start":{"line":478,"column":35},"end":{"line":478,"column":63}},"191":{"start":{"line":479,"column":25},"end":{"line":479,"column":42}},"192":{"start":{"line":480,"column":26},"end":{"line":510,"column":4}},"193":{"start":{"line":484,"column":33},"end":{"line":489,"column":5}},"194":{"start":{"line":495,"column":8},"end":{"line":495,"column":53}},"195":{"start":{"line":499,"column":8},"end":{"line":499,"column":118}},"196":{"start":{"line":500,"column":4},"end":{"line":504,"column":5}},"197":{"start":{"line":501,"column":6},"end":{"line":501,"column":23}},"198":{"start":{"line":502,"column":6},"end":{"line":502,"column":63}},"199":{"start":{"line":503,"column":6},"end":{"line":503,"column":69}},"200":{"start":{"line":505,"column":4},"end":{"line":509,"column":6}},"201":{"start":{"line":511,"column":2},"end":{"line":514,"column":4}},"202":{"start":{"line":512,"column":63},"end":{"line":512,"column":93}},"203":{"start":{"line":512,"column":102},"end":{"line":512,"column":116}},"204":{"start":{"line":513,"column":106},"end":{"line":513,"column":139}},"205":{"start":{"line":513,"column":147},"end":{"line":513,"column":163}},"206":{"start":{"line":522,"column":2},"end":{"line":524,"column":3}},"207":{"start":{"line":523,"column":4},"end":{"line":523,"column":54}},"208":{"start":{"line":525,"column":15},"end":{"line":525,"column":34}},"209":{"start":{"line":526,"column":2},"end":{"line":528,"column":3}},"210":{"start":{"line":527,"column":4},"end":{"line":527,"column":39}},"211":{"start":{"line":529,"column":2},"end":{"line":529,"column":22}},"212":{"start":{"line":530,"column":17},"end":{"line":542,"column":4}},"213":{"start":{"line":530,"column":57},"end":{"line":533,"column":3}},"214":{"start":{"line":543,"column":2},"end":{"line":543,"column":25}},"215":{"start":{"line":544,"column":2},"end":{"line":544,"column":16}},"216":{"start":{"line":552,"column":2},"end":{"line":554,"column":3}},"217":{"start":{"line":553,"column":4},"end":{"line":553,"column":55}},"218":{"start":{"line":555,"column":15},"end":{"line":555,"column":30}},"219":{"start":{"line":556,"column":2},"end":{"line":558,"column":3}},"220":{"start":{"line":557,"column":4},"end":{"line":557,"column":47}},"221":{"start":{"line":559,"column":2},"end":{"line":559,"column":19}},"222":{"start":{"line":560,"column":17},"end":{"line":572,"column":4}},"223":{"start":{"line":560,"column":57},"end":{"line":563,"column":3}},"224":{"start":{"line":573,"column":2},"end":{"line":573,"column":22}},"225":{"start":{"line":574,"column":2},"end":{"line":574,"column":16}},"226":{"start":{"line":582,"column":2},"end":{"line":584,"column":3}},"227":{"start":{"line":583,"column":4},"end":{"line":583,"column":53}},"228":{"start":{"line":585,"column":2},"end":{"line":587,"column":3}},"229":{"start":{"line":586,"column":4},"end":{"line":586,"column":39}},"230":{"start":{"line":588,"column":2},"end":{"line":588,"column":21}},"231":{"start":{"line":589,"column":17},"end":{"line":602,"column":4}},"232":{"start":{"line":589,"column":60},"end":{"line":592,"column":3}},"233":{"start":{"line":603,"column":2},"end":{"line":603,"column":24}},"234":{"start":{"line":604,"column":2},"end":{"line":604,"column":16}},"235":{"start":{"line":612,"column":2},"end":{"line":614,"column":3}},"236":{"start":{"line":613,"column":4},"end":{"line":613,"column":55}},"237":{"start":{"line":615,"column":17},"end":{"line":615,"column":34}},"238":{"start":{"line":616,"column":2},"end":{"line":618,"column":3}},"239":{"start":{"line":617,"column":4},"end":{"line":617,"column":47}},"240":{"start":{"line":619,"column":2},"end":{"line":619,"column":19}},"241":{"start":{"line":620,"column":17},"end":{"line":632,"column":4}},"242":{"start":{"line":620,"column":61},"end":{"line":623,"column":3}},"243":{"start":{"line":633,"column":2},"end":{"line":633,"column":22}},"244":{"start":{"line":634,"column":2},"end":{"line":634,"column":16}},"245":{"start":{"line":642,"column":6},"end":{"line":647,"column":4}},"246":{"start":{"line":648,"column":2},"end":{"line":650,"column":3}},"247":{"start":{"line":649,"column":4},"end":{"line":649,"column":14}},"248":{"start":{"line":651,"column":2},"end":{"line":651,"column":16}},"249":{"start":{"line":655,"column":16},"end":{"line":655,"column":18}},"250":{"start":{"line":656,"column":2},"end":{"line":660,"column":3}},"251":{"start":{"line":657,"column":4},"end":{"line":657,"column":51}},"252":{"start":{"line":658,"column":9},"end":{"line":660,"column":3}},"253":{"start":{"line":659,"column":4},"end":{"line":659,"column":43}},"254":{"start":{"line":661,"column":2},"end":{"line":664,"column":3}},"255":{"start":{"line":662,"column":4},"end":{"line":662,"column":89}},"256":{"start":{"line":665,"column":16},"end":{"line":665,"column":66}},"257":{"start":{"line":666,"column":17},"end":{"line":666,"column":61}},"258":{"start":{"line":667,"column":2},"end":{"line":673,"column":3}},"259":{"start":{"line":668,"column":4},"end":{"line":672,"column":5}},"260":{"start":{"line":669,"column":6},"end":{"line":669,"column":38}},"261":{"start":{"line":671,"column":6},"end":{"line":671,"column":31}},"262":{"start":{"line":674,"column":2},"end":{"line":679,"column":3}},"263":{"start":{"line":675,"column":4},"end":{"line":677,"column":5}},"264":{"start":{"line":676,"column":6},"end":{"line":676,"column":39}},"265":{"start":{"line":678,"column":4},"end":{"line":678,"column":24}},"266":{"start":{"line":680,"column":29},"end":{"line":689,"column":3}},"267":{"start":{"line":681,"column":4},"end":{"line":683,"column":5}},"268":{"start":{"line":682,"column":6},"end":{"line":682,"column":13}},"269":{"start":{"line":684,"column":25},"end":{"line":684,"column":66}},"270":{"start":{"line":685,"column":4},"end":{"line":687,"column":5}},"271":{"start":{"line":686,"column":6},"end":{"line":686,"column":13}},"272":{"start":{"line":688,"column":4},"end":{"line":688,"column":29}},"273":{"start":{"line":690,"column":2},"end":{"line":690,"column":73}},"274":{"start":{"line":691,"column":2},"end":{"line":691,"column":55}},"275":{"start":{"line":692,"column":2},"end":{"line":692,"column":59}},"276":{"start":{"line":693,"column":2},"end":{"line":693,"column":27}},"277":{"start":{"line":697,"column":27},"end":{"line":697,"column":46}},"278":{"start":{"line":698,"column":37},"end":{"line":698,"column":76}},"279":{"start":{"line":698,"column":47},"end":{"line":698,"column":76}},"280":{"start":{"line":698,"column":57},"end":{"line":698,"column":76}},"281":{"start":{"line":699,"column":43},"end":{"line":702,"column":1}},"282":{"start":{"line":700,"column":2},"end":{"line":700,"column":74}},"283":{"start":{"line":700,"column":28},"end":{"line":700,"column":74}},"284":{"start":{"line":701,"column":2},"end":{"line":701,"column":70}},"285":{"start":{"line":703,"column":36},"end":{"line":709,"column":1}},"286":{"start":{"line":704,"column":2},"end":{"line":707,"column":3}},"287":{"start":{"line":705,"column":4},"end":{"line":705,"column":31}},"288":{"start":{"line":706,"column":4},"end":{"line":706,"column":46}},"289":{"start":{"line":706,"column":21},"end":{"line":706,"column":45}},"290":{"start":{"line":708,"column":2},"end":{"line":708,"column":36}},"291":{"start":{"line":708,"column":19},"end":{"line":708,"column":35}},"292":{"start":{"line":711,"column":19},"end":{"line":711,"column":24}},"293":{"start":{"line":712,"column":22},"end":{"line":712,"column":24}},"294":{"start":{"line":713,"column":16},"end":{"line":713,"column":18}},"295":{"start":{"line":714,"column":2},"end":{"line":727,"column":3}},"296":{"start":{"line":715,"column":4},"end":{"line":726,"column":5}},"297":{"start":{"line":716,"column":6},"end":{"line":716,"column":65}},"298":{"start":{"line":717,"column":6},"end":{"line":717,"column":29}},"299":{"start":{"line":718,"column":11},"end":{"line":726,"column":5}},"300":{"start":{"line":719,"column":6},"end":{"line":719,"column":37}},"301":{"start":{"line":720,"column":6},"end":{"line":725,"column":7}},"302":{"start":{"line":721,"column":8},"end":{"line":721,"column":73}},"303":{"start":{"line":722,"column":8},"end":{"line":722,"column":31}},"304":{"start":{"line":724,"column":8},"end":{"line":724,"column":48}},"305":{"start":{"line":728,"column":2},"end":{"line":744,"column":3}},"306":{"start":{"line":729,"column":4},"end":{"line":743,"column":7}},"307":{"start":{"line":730,"column":6},"end":{"line":732,"column":7}},"308":{"start":{"line":731,"column":8},"end":{"line":731,"column":84}},"309":{"start":{"line":733,"column":6},"end":{"line":733,"column":25}},"310":{"start":{"line":733,"column":18},"end":{"line":733,"column":25}},"311":{"start":{"line":734,"column":6},"end":{"line":737,"column":7}},"312":{"start":{"line":735,"column":8},"end":{"line":735,"column":26}},"313":{"start":{"line":736,"column":8},"end":{"line":736,"column":15}},"314":{"start":{"line":738,"column":6},"end":{"line":742,"column":7}},"315":{"start":{"line":739,"column":8},"end":{"line":739,"column":64}},"316":{"start":{"line":740,"column":13},"end":{"line":742,"column":7}},"317":{"start":{"line":741,"column":8},"end":{"line":741,"column":61}},"318":{"start":{"line":745,"column":2},"end":{"line":751,"column":3}},"319":{"start":{"line":746,"column":4},"end":{"line":750,"column":5}},"320":{"start":{"line":747,"column":6},"end":{"line":747,"column":29}},"321":{"start":{"line":747,"column":19},"end":{"line":747,"column":28}},"322":{"start":{"line":749,"column":6},"end":{"line":749,"column":85}},"323":{"start":{"line":749,"column":32},"end":{"line":749,"column":84}},"324":{"start":{"line":749,"column":51},"end":{"line":749,"column":60}},"325":{"start":{"line":752,"column":2},"end":{"line":754,"column":3}},"326":{"start":{"line":753,"column":4},"end":{"line":753,"column":32}},"327":{"start":{"line":753,"column":23},"end":{"line":753,"column":31}},"328":{"start":{"line":755,"column":2},"end":{"line":763,"column":4}},"329":{"start":{"line":756,"column":4},"end":{"line":758,"column":5}},"330":{"start":{"line":757,"column":6},"end":{"line":757,"column":22}},"331":{"start":{"line":759,"column":4},"end":{"line":761,"column":5}},"332":{"start":{"line":759,"column":31},"end":{"line":759,"column":38}},"333":{"start":{"line":760,"column":6},"end":{"line":760,"column":66}},"334":{"start":{"line":760,"column":32},"end":{"line":760,"column":41}},"335":{"start":{"line":762,"column":4},"end":{"line":762,"column":20}},"336":{"start":{"line":767,"column":2},"end":{"line":767,"column":15}},"337":{"start":{"line":769,"column":21},"end":{"line":773,"column":1}},"338":{"start":{"line":771,"column":4},"end":{"line":771,"column":49}},"339":{"start":{"line":776,"column":2},"end":{"line":778,"column":3}},"340":{"start":{"line":777,"column":4},"end":{"line":777,"column":18}},"341":{"start":{"line":781,"column":2},"end":{"line":793,"column":13}},"342":{"start":{"line":782,"column":4},"end":{"line":791,"column":5}},"343":{"start":{"line":784,"column":8},"end":{"line":784,"column":27}},"344":{"start":{"line":786,"column":8},"end":{"line":786,"column":27}},"345":{"start":{"line":788,"column":8},"end":{"line":788,"column":27}},"346":{"start":{"line":792,"column":4},"end":{"line":792,"column":16}},"347":{"start":{"line":795,"column":26},"end":{"line":799,"column":1}},"348":{"start":{"line":797,"column":4},"end":{"line":797,"column":49}},"349":{"start":{"line":802,"column":17},"end":{"line":802,"column":19}},"350":{"start":{"line":803,"column":2},"end":{"line":811,"column":5}},"351":{"start":{"line":804,"column":4},"end":{"line":807,"column":5}},"352":{"start":{"line":806,"column":6},"end":{"line":806,"column":13}},"353":{"start":{"line":810,"column":4},"end":{"line":810,"column":32}},"354":{"start":{"line":812,"column":2},"end":{"line":812,"column":16}},"355":{"start":{"line":815,"column":2},"end":{"line":826,"column":12}},"356":{"start":{"line":816,"column":4},"end":{"line":818,"column":5}},"357":{"start":{"line":817,"column":6},"end":{"line":817,"column":37}},"358":{"start":{"line":819,"column":4},"end":{"line":824,"column":5}},"359":{"start":{"line":820,"column":6},"end":{"line":823,"column":8}},"360":{"start":{"line":825,"column":4},"end":{"line":825,"column":23}},"361":{"start":{"line":828,"column":22},"end":{"line":839,"column":1}},"362":{"start":{"line":830,"column":4},"end":{"line":837,"column":8}},"363":{"start":{"line":841,"column":19},"end":{"line":867,"column":1}},"364":{"start":{"line":869,"column":2},"end":{"line":871,"column":3}},"365":{"start":{"line":870,"column":4},"end":{"line":870,"column":18}},"366":{"start":{"line":874,"column":2},"end":{"line":880,"column":13}},"367":{"start":{"line":875,"column":21},"end":{"line":875,"column":42}},"368":{"start":{"line":876,"column":4},"end":{"line":878,"column":5}},"369":{"start":{"line":877,"column":6},"end":{"line":877,"column":53}},"370":{"start":{"line":879,"column":4},"end":{"line":879,"column":57}},"371":{"start":{"line":882,"column":22},"end":{"line":884,"column":1}},"372":{"start":{"line":883,"column":20},"end":{"line":883,"column":57}},"373":{"start":{"line":887,"column":2},"end":{"line":889,"column":3}},"374":{"start":{"line":888,"column":4},"end":{"line":888,"column":18}},"375":{"start":{"line":890,"column":2},"end":{"line":890,"column":124}},"376":{"start":{"line":890,"column":49},"end":{"line":890,"column":91}},"377":{"start":{"line":892,"column":22},"end":{"line":896,"column":1}},"378":{"start":{"line":894,"column":4},"end":{"line":894,"column":49}},"379":{"start":{"line":898,"column":14},"end":{"line":905,"column":1}},"380":{"start":{"line":898,"column":42},"end":{"line":905,"column":1}},"381":{"start":{"line":899,"column":2},"end":{"line":901,"column":3}},"382":{"start":{"line":900,"column":4},"end":{"line":900,"column":18}},"383":{"start":{"line":902,"column":21},"end":{"line":902,"column":73}},"384":{"start":{"line":902,"column":45},"end":{"line":902,"column":72}},"385":{"start":{"line":903,"column":2},"end":{"line":903,"column":93}},"386":{"start":{"line":903,"column":32},"end":{"line":903,"column":38}},"387":{"start":{"line":903,"column":72},"end":{"line":903,"column":79}},"388":{"start":{"line":904,"column":2},"end":{"line":904,"column":25}},"389":{"start":{"line":908,"column":4},"end":{"line":908,"column":102}},"390":{"start":{"line":911,"column":17},"end":{"line":911,"column":19}},"391":{"start":{"line":912,"column":19},"end":{"line":912,"column":86}},"392":{"start":{"line":913,"column":4},"end":{"line":913,"column":29}},"393":{"start":{"line":920,"column":19},"end":{"line":920,"column":68}},"394":{"start":{"line":921,"column":4},"end":{"line":921,"column":43}},"395":{"start":{"line":928,"column":12},"end":{"line":928,"column":14}},"396":{"start":{"line":930,"column":4},"end":{"line":930,"column":29}},"397":{"start":{"line":933,"column":4},"end":{"line":933,"column":24}},"398":{"start":{"line":936,"column":4},"end":{"line":936,"column":58}},"399":{"start":{"line":941,"column":22},"end":{"line":941,"column":46}},"400":{"start":{"line":944,"column":2},"end":{"line":944,"column":45}},"401":{"start":{"line":945,"column":2},"end":{"line":947,"column":3}},"402":{"start":{"line":946,"column":4},"end":{"line":946,"column":33}},"403":{"start":{"line":950,"column":31},"end":{"line":952,"column":62}},"404":{"start":{"line":953,"column":2},"end":{"line":953,"column":91}},"405":{"start":{"line":957,"column":25},"end":{"line":957,"column":97}},"406":{"start":{"line":957,"column":44},"end":{"line":957,"column":97}},"407":{"start":{"line":958,"column":24},"end":{"line":966,"column":1}},"408":{"start":{"line":959,"column":2},"end":{"line":964,"column":12}},"409":{"start":{"line":960,"column":33},"end":{"line":960,"column":74}},"410":{"start":{"line":961,"column":4},"end":{"line":963,"column":5}},"411":{"start":{"line":962,"column":6},"end":{"line":962,"column":34}},"412":{"start":{"line":965,"column":2},"end":{"line":965,"column":17}},"413":{"start":{"line":967,"column":22},"end":{"line":972,"column":1}},"414":{"start":{"line":968,"column":34},"end":{"line":968,"column":68}},"415":{"start":{"line":969,"column":2},"end":{"line":971,"column":4}},"416":{"start":{"line":970,"column":4},"end":{"line":970,"column":66}},"417":{"start":{"line":974,"column":13},"end":{"line":974,"column":14}},"418":{"start":{"line":976,"column":4},"end":{"line":976,"column":79}},"419":{"start":{"line":976,"column":38},"end":{"line":976,"column":78}},"420":{"start":{"line":977,"column":4},"end":{"line":977,"column":47}},"421":{"start":{"line":981,"column":25},"end":{"line":981,"column":148}},"422":{"start":{"line":982,"column":23},"end":{"line":986,"column":1}},"423":{"start":{"line":983,"column":2},"end":{"line":985,"column":4}},"424":{"start":{"line":984,"column":4},"end":{"line":984,"column":38}},"425":{"start":{"line":987,"column":25},"end":{"line":987,"column":64}},"426":{"start":{"line":989,"column":13},"end":{"line":989,"column":22}},"427":{"start":{"line":991,"column":4},"end":{"line":991,"column":29}},"428":{"start":{"line":992,"column":4},"end":{"line":992,"column":79}},"429":{"start":{"line":992,"column":38},"end":{"line":992,"column":78}},"430":{"start":{"line":993,"column":4},"end":{"line":993,"column":68}},"431":{"start":{"line":999,"column":2},"end":{"line":999,"column":67}},"432":{"start":{"line":1002,"column":21},"end":{"line":1015,"column":1}},"433":{"start":{"line":1006,"column":20},"end":{"line":1010,"column":6}},"434":{"start":{"line":1007,"column":4},"end":{"line":1007,"column":42}},"435":{"start":{"line":1007,"column":14},"end":{"line":1007,"column":42}},"436":{"start":{"line":1008,"column":4},"end":{"line":1008,"column":44}},"437":{"start":{"line":1008,"column":17},"end":{"line":1008,"column":44}},"438":{"start":{"line":1009,"column":4},"end":{"line":1009,"column":32}},"439":{"start":{"line":1011,"column":17},"end":{"line":1011,"column":56}},"440":{"start":{"line":1012,"column":2},"end":{"line":1014,"column":4}},"441":{"start":{"line":1013,"column":4},"end":{"line":1013,"column":38}},"442":{"start":{"line":1016,"column":23},"end":{"line":1016,"column":62}},"443":{"start":{"line":1018,"column":13},"end":{"line":1018,"column":22}},"444":{"start":{"line":1020,"column":4},"end":{"line":1020,"column":29}},"445":{"start":{"line":1021,"column":4},"end":{"line":1021,"column":77}},"446":{"start":{"line":1021,"column":38},"end":{"line":1021,"column":76}},"447":{"start":{"line":1022,"column":4},"end":{"line":1022,"column":40}},"448":{"start":{"line":1027,"column":15},"end":{"line":1027,"column":17}},"449":{"start":{"line":1034,"column":4},"end":{"line":1034,"column":28}},"450":{"start":{"line":1035,"column":4},"end":{"line":1038,"column":8}},"451":{"start":{"line":1039,"column":4},"end":{"line":1039,"column":39}},"452":{"start":{"line":1040,"column":4},"end":{"line":1040,"column":21}},"453":{"start":{"line":1043,"column":4},"end":{"line":1046,"column":6}},"454":{"start":{"line":1049,"column":4},"end":{"line":1051,"column":5}},"455":{"start":{"line":1050,"column":6},"end":{"line":1050,"column":48}},"456":{"start":{"line":1054,"column":4},"end":{"line":1056,"column":5}},"457":{"start":{"line":1055,"column":6},"end":{"line":1055,"column":43}},"458":{"start":{"line":1059,"column":4},"end":{"line":1061,"column":5}},"459":{"start":{"line":1060,"column":6},"end":{"line":1060,"column":44}},"460":{"start":{"line":1064,"column":4},"end":{"line":1066,"column":5}},"461":{"start":{"line":1065,"column":6},"end":{"line":1065,"column":42}},"462":{"start":{"line":1069,"column":4},"end":{"line":1071,"column":5}},"463":{"start":{"line":1070,"column":6},"end":{"line":1070,"column":42}},"464":{"start":{"line":1074,"column":4},"end":{"line":1087,"column":5}},"465":{"start":{"line":1075,"column":6},"end":{"line":1075,"column":18}},"466":{"start":{"line":1077,"column":6},"end":{"line":1077,"column":26}},"467":{"start":{"line":1078,"column":21},"end":{"line":1078,"column":25}},"468":{"start":{"line":1079,"column":6},"end":{"line":1086,"column":7}},"469":{"start":{"line":1080,"column":8},"end":{"line":1082,"column":11}},"470":{"start":{"line":1081,"column":10},"end":{"line":1081,"column":29}},"471":{"start":{"line":1084,"column":8},"end":{"line":1084,"column":27}},"472":{"start":{"line":1085,"column":8},"end":{"line":1085,"column":22}},"473":{"start":{"line":1090,"column":4},"end":{"line":1090,"column":18}},"474":{"start":{"line":1099,"column":2},"end":{"line":1104,"column":5}},"475":{"start":{"line":1100,"column":4},"end":{"line":1103,"column":7}},"476":{"start":{"line":1105,"column":2},"end":{"line":1110,"column":5}},"477":{"start":{"line":1106,"column":4},"end":{"line":1109,"column":7}}},"fnMap":{"0":{"name":"clearCache","decl":{"start":{"line":19,"column":9},"end":{"line":19,"column":19}},"loc":{"start":{"line":19,"column":22},"end":{"line":21,"column":1}},"line":19},"1":{"name":"handleConfig","decl":{"start":{"line":22,"column":9},"end":{"line":22,"column":21}},"loc":{"start":{"line":22,"column":30},"end":{"line":52,"column":1}},"line":22},"2":{"name":"configure","decl
[...]
,"/home/runner/work/nightingale/nightingale/packages/nightingale/src/handlers/ConsoleCLIHandler.ts": {"path":"/home/runner/work/nightingale/nightingale/packages/nightingale/src/handlers/ConsoleCLIHandler.ts","statementMap":{"0":{"start":{"line":16,"column":21},"end":{"line":29,"column":1}},"1":{"start":{"line":20,"column":20},"end":{"line":24,"column":6}},"2":{"start":{"line":21,"column":4},"end":{"line":21,"column":42}},"3":{"start":{"line":21,"column":14},"end":{"line":21,"column":42}},"4":{"start":{"line":22,"column":4},"end":{"line":22,"column":44}},"5":{"start":{"line":22,"column":17},"end":{"line":22,"column":44}},"6":{"start":{"line":23,"column":4},"end":{"line":23,"column":32}},"7":{"start":{"line":25,"column":17},"end":{"line":25,"column":56}},"8":{"start":{"line":26,"column":2},"end":{"line":28,"column":4}},"9":{"start":{"line":27,"column":4},"end":{"line":27,"column":38}},"10":{"start":{"line":30,"column":23},"end":{"line":30,"column":62}},"11":{"start":{"line":38,"column":20},"end":{"line":38,"column":29}},"12":{"start":{"line":45,"column":4},"end":{"line":45,"column":29}},"13":{"start":{"line":46,"column":4},"end":{"line":47,"column":45}},"14":{"start":{"line":47,"column":6},"end":{"line":47,"column":44}},"15":{"start":{"line":48,"column":4},"end":{"line":48,"column":40}}},"fnMap":{"0":{"name":"(anonymous_0)","decl":{"start":{"line":16,"column":21},"end":{"line":16,"column":22}},"loc":{"start":{"line":19,"column":40},"end":{"line":29,"column":1}},"line":19},"1":{"name":"(anonymous_1)","decl":{"start":{"line":20,"column":21},"end":{"line":20,"column":22}},"loc":{"start":{"line":20,"column":27},"end":{"line":24,"column":3}},"line":20},"2":{"name":"(anonymous_2)","decl":{"start":{"line":26,"column":9},"end":{"line":26,"column":10}},"loc":{"start":{"line":26,"column":61},"end":{"line":28,"column":3}},"line":26},"3":{"name":"(anonymous_3)","decl":{"start":{"line":44,"column":2},"end":{"line":44,"column":3}},"loc":{"start":{"line":44,"column":71},"end":{"line":49,"column":3}},"line":44},"4":{"name":"(anonymous_4)","decl":{"start":{"line":46,"column":22},"end":{"line":46,"column":23}},"loc":{"start":{"line":47,"column":6},"end":{"line":47,"column":44}},"line":47}},"branchMap":{"0":{"loc":{"start":{"line":18,"column":2},"end":{"line":18,"column":75}},"type":"default-arg","locations":[{"start":{"line":18,"column":12},"end":{"line":18,"column":75}}],"line":18},"1":{"loc":{"start":{"line":18,"column":12},"end":{"line":18,"column":75}},"type":"binary-expr","locations":[{"start":{"line":18,"column":12},"end":{"line":18,"column":40}},{"start":{"line":18,"column":44},"end":{"line":18,"column":75}}],"line":18},"2":{"loc":{"start":{"line":21,"column":4},"end":{"line":21,"column":42}},"type":"if","locations":[{"start":{"line":21,"column":4},"end":{"line":21,"column":42}},{"start":{},"end":{}}],"line":21},"3":{"loc":{"start":{"line":22,"column":4},"end":{"line":22,"column":44}},"type":"if","locations":[{"start":{"line":22,"column":4},"end":{"line":22,"column":44}},{"start":{},"end":{}}],"line":22},"4":{"loc":{"start":{"line":25,"column":17},"end":{"line":25,"column":56}},"type":"cond-expr","locations":[{"start":{"line":25,"column":24},"end":{"line":25,"column":37}},{"start":{"line":25,"column":40},"end":{"line":25,"column":56}}],"line":25},"5":{"loc":{"start":{"line":44,"column":31},"end":{"line":44,"column":69}},"type":"default-arg","locations":[{"start":{"line":44,"column":67},"end":{"line":44,"column":69}}],"line":44}},"s":{"0":2,"1":1,"2":1,"3":0,"4":1,"5":1,"6":0,"7":1,"8":1,"9":1,"10":2,"11":1,"12":1,"13":1,"14":0,"15":1},"f":{"0":1,"1":1,"2":1,"3":1,"4":0},"b":{"0":[0],"1":[0,0],"2":[0,1],"3":[1,0],"4":[0,1],"5":[0]},"_coverageSchema":"1a1c01bbd47fc00a2c39e90264f33305004495a9","hash":"7980d83c454215e08d6830f188eb1eabc1eb5aff"}
,"/home/runner/work/nightingale/nightingale/packages/nightingale/src/handlers/ConsoleHandler.ts": {"path":"/home/runner/work/nightingale/nightingale/packages/nightingale/src/handlers/ConsoleHandler.ts","statementMap":{"0":{"start":{"line":17,"column":2},"end":{"line":21,"column":26}},"1":{"start":{"line":23,"column":21},"end":{"line":30,"column":1}},"2":{"start":{"line":27,"column":2},"end":{"line":29,"column":4}},"3":{"start":{"line":28,"column":4},"end":{"line":28,"column":38}},"4":{"start":{"line":31,"column":23},"end":{"line":31,"column":62}},"5":{"start":{"line":44,"column":20},"end":{"line":44,"column":29}},"6":{"start":{"line":51,"column":4},"end":{"line":51,"column":29}},"7":{"start":{"line":52,"column":4},"end":{"line":53,"column":45}},"8":{"start":{"line":53,"column":6},"end":{"line":53,"column":44}},"9":{"start":{"line":54,"column":4},"end":{"line":54,"column":66}}},"fnMap":{"0":{"name":"(anonymous_0)","decl":{"start":{"line":23,"column":21},"end":{"line":23,"column":22}},"loc":{"start":{"line":26,"column":13},"end":{"line":30,"column":1}},"line":26},"1":{"name":"(anonymous_1)","decl":{"start":{"line":27,"column":9},"end":{"line":27,"column":10}},"loc":{"start":{"line":27,"column":61},"end":{"line":29,"column":3}},"line":27},"2":{"name":"(anonymous_2)","decl":{"start":{"line":50,"column":2},"end":{"line":50,"column":3}},"loc":{"start":{"line":50,"column":68},"end":{"line":55,"column":3}},"line":50},"3":{"name":"(anonymous_3)","decl":{"start":{"line":52,"column":22},"end":{"line":52,"column":23}},"loc":{"start":{"line":53,"column":6},"end":{"line":53,"column":44}},"line":53}},"branchMap":{"0":{"loc":{"start":{"line":17,"column":2},"end":{"line":21,"column":26}},"type":"cond-expr","locations":[{"start":{"line":20,"column":6},"end":{"line":20,"column":26}},{"start":{"line":21,"column":6},"end":{"line":21,"column":26}}],"line":17},"1":{"loc":{"start":{"line":17,"column":2},"end":{"line":19,"column":54}},"type":"binary-expr","locations":[{"start":{"line":17,"column":2},"end":{"line":17,"column":23}},{"start":{"line":18,"column":2},"end":{"line":18,"column":23}},{"start":{"line":19,"column":2},"end":{"line":19,"column":54}}],"line":17},"2":{"loc":{"start":{"line":24,"column":2},"end":{"line":24,"column":30}},"type":"default-arg","locations":[{"start":{"line":24,"column":14},"end":{"line":24,"column":30}}],"line":24},"3":{"loc":{"start":{"line":25,"column":2},"end":{"line":25,"column":24}},"type":"default-arg","locations":[{"start":{"line":25,"column":11},"end":{"line":25,"column":24}}],"line":25},"4":{"loc":{"start":{"line":50,"column":31},"end":{"line":50,"column":66}},"type":"default-arg","locations":[{"start":{"line":50,"column":64},"end":{"line":50,"column":66}}],"line":50}},"s":{"0":1,"1":1,"2":0,"3":0,"4":1,"5":0,"6":0,"7":0,"8":0,"9":0},"f":{"0":0,"1":0,"2":0,"3":0},"b":{"0":[1,0],"1":[1,1,1],"2":[0],"3":[0],"4":[0]},"_coverageSchema":"1a1c01bbd47fc00a2c39e90264f33305004495a9","hash":"0debd6f66f0d78311acd9fcd32b1833f01a60ed8"}
,"/home/runner/work/nightingale/nightingale/packages/nightingale/src/handlers/StringHandler.ts": {"path":"/home/runner/work/nightingale/nightingale/packages/nightingale/src/handlers/StringHandler.ts","statementMap":{"0":{"start":{"line":8,"column":20},"end":{"line":8,"column":22}},"1":{"start":{"line":11,"column":4},"end":{"line":11,"column":29}},"2":{"start":{"line":15,"column":4},"end":{"line":15,"column":24}},"3":{"start":{"line":19,"column":4},"end":{"line":19,"column":58}}},"fnMap":{"0":{"name":"(anonymous_0)","decl":{"start":{"line":10,"column":2},"end":{"line":10,"column":3}},"loc":{"start":{"line":10,"column":31},"end":{"line":12,"column":3}},"line":10},"1":{"name":"(anonymous_1)","decl":{"start":{"line":14,"column":2},"end":{"line":14,"column":3}},"loc":{"start":{"line":14,"column":23},"end":{"line":16,"column":3}},"line":14},"2":{"name":"(anonymous_2)","decl":{"start":{"line":18,"column":2},"end":{"line":18,"column":3}},"loc":{"start":{"line":18,"column":57},"end":{"line":20,"column":3}},"line":18}},"branchMap":{},"s":{"0":8,"1":8,"2":8,"3":8},"f":{"0":8,"1":8,"2":8},"b":{},"_coverageSchema":"1a1c01bbd47fc00a2c39e90264f33305004495a9","hash":"6db9dbf02a6f1c7e7fdb26134288068298865f39"}
,"/home/runner/work/nightingale/nightingale/packages/nightingale/src/loggers/LoggerCLI.ts": {"path":"/home/runner/work/nightingale/nightingale/packages/nightingale/src/loggers/LoggerCLI.ts","statementMap":{"0":{"start":{"line":16,"column":36},"end":{"line":16,"column":38}},"1":{"start":{"line":22,"column":4},"end":{"line":22,"column":28}},"2":{"start":{"line":23,"column":4},"end":{"line":23,"column":75}},"3":{"start":{"line":24,"column":4},"end":{"line":24,"column":39}},"4":{"start":{"line":25,"column":4},"end":{"line":25,"column":21}},"5":{"start":{"line":31,"column":4},"end":{"line":34,"column":6}},"6":{"start":{"line":42,"column":4},"end":{"line":44,"column":5}},"7":{"start":{"line":43,"column":6},"end":{"line":43,"column":48}},"8":{"start":{"line":51,"column":4},"end":{"line":53,"column":5}},"9":{"start":{"line":52,"column":6},"end":{"line":52,"column":43}},"10":{"start":{"line":60,"column":4},"end":{"line":62,"column":5}},"11":{"start":{"line":61,"column":6},"end":{"line":61,"column":44}},"12":{"start":{"line":69,"column":4},"end":{"line":71,"column":5}},"13":{"start":{"line":70,"column":6},"end":{"line":70,"column":42}},"14":{"start":{"line":78,"column":4},"end":{"line":80,"column":5}},"15":{"start":{"line":79,"column":6},"end":{"line":79,"column":42}},"16":{"start":{"line":87,"column":4},"end":{"line":102,"column":5}},"17":{"start":{"line":88,"column":6},"end":{"line":88,"column":79}},"18":{"start":{"line":90,"column":6},"end":{"line":90,"column":26}},"19":{"start":{"line":91,"column":21},"end":{"line":91,"column":25}},"20":{"start":{"line":92,"column":6},"end":{"line":101,"column":7}},"21":{"start":{"line":93,"column":8},"end":{"line":95,"column":67}},"22":{"start":{"line":94,"column":10},"end":{"line":94,"column":29}},"23":{"start":{"line":97,"column":8},"end":{"line":97,"column":27}},"24":{"start":{"line":98,"column":8},"end":{"line":100,"column":23}},"25":{"start":{"line":106,"column":4},"end":{"line":106,"column":18}},"26":{"start":{"line":121,"column":4},"end":{"line":121,"column":69}}},"fnMap":{"0":{"name":"(anonymous_0)","decl":{"start":{"line":18,"column":2},"end":{"line":18,"column":3}},"loc":{"start":{"line":21,"column":4},"end":{"line":26,"column":3}},"line":21},"1":{"name":"(anonymous_1)","decl":{"start":{"line":28,"column":2},"end":{"line":28,"column":3}},"loc":{"start":{"line":30,"column":26},"end":{"line":35,"column":3}},"line":30},"2":{"name":"(anonymous_2)","decl":{"start":{"line":37,"column":2},"end":{"line":37,"column":3}},"loc":{"start":{"line":41,"column":10},"end":{"line":45,"column":3}},"line":41},"3":{"name":"(anonymous_3)","decl":{"start":{"line":47,"column":2},"end":{"line":47,"column":3}},"loc":{"start":{"line":50,"column":10},"end":{"line":54,"column":3}},"line":50},"4":{"name":"(anonymous_4)","decl":{"start":{"line":56,"column":2},"end":{"line":56,"column":3}},"loc":{"start":{"line":59,"column":10},"end":{"line":63,"column":3}},"line":59},"5":{"name":"(anonymous_5)","decl":{"start":{"line":65,"column":2},"end":{"line":65,"column":3}},"loc":{"start":{"line":68,"column":10},"end":{"line":72,"column":3}},"line":68},"6":{"name":"(anonymous_6)","decl":{"start":{"line":74,"column":2},"end":{"line":74,"column":3}},"loc":{"start":{"line":77,"column":10},"end":{"line":81,"column":3}},"line":77},"7":{"name":"(anonymous_7)","decl":{"start":{"line":83,"column":2},"end":{"line":83,"column":3}},"loc":{"start":{"line":86,"column":63},"end":{"line":103,"column":3}},"line":86},"8":{"name":"(anonymous_8)","decl":{"start":{"line":93,"column":30},"end":{"line":93,"column":31}},"loc":{"start":{"line":93,"column":36},"end":{"line":95,"column":9}},"line":93},"9":{"name":"(anonymous_9)","decl":{"start":{"line":105,"column":2},"end":{"line":105,"column":3}},"loc":{"start":{"line":105,"column":20},"end":{"line":107,"column":3}},"line":105},"10":{"name":"(anonymous_10)","decl":{"start":{"line":111,"column":2},"end":{"line":111,"column":3}},"loc":{"start":{"line":120,"column":4},"end":{"line":122,"column":3}},"line":120}},"branchMap":{"0":{"loc":{"start":{"line":20,"column":4},"end":{"line":20,"column":77}},"type":"default-arg","locations":[{"start":{"line":20,"column":75},"end":{"line":20,"column":77}}],"line":20},"1":{"loc":{"start":{"line":20,"column":31},"end":{"line":20,"column":43}},"type":"default-arg","locations":[{"start":{"line":20,"column":38},"end":{"line":20,"column":43}}],"line":20},"2":{"loc":{"start":{"line":24,"column":22},"end":{"line":24,"column":38}},"type":"binary-expr","locations":[{"start":{"line":24,"column":22},"end":{"line":24,"column":32}},{"start":{"line":24,"column":36},"end":{"line":24,"column":38}}],"line":24},"3":{"loc":{"start":{"line":40,"column":4},"end":{"line":40,"column":29}},"type":"default-arg","locations":[{"start":{"line":40,"column":19},"end":{"line":40,"column":29}}],"line":40},"4":{"loc":{"start":{"line":42,"column":4},"end":{"line":44,"column":5}},"type":"if","locations":[{"start":{"line":42,"column":4},"end":{"line":44,"column":5}},{"start":{},"end":{}}],"line":42},"5":{"loc":{"start":{"line":51,"column":4},"end":{"line":53,"column":5}},"type":"if","locations":[{"start":{"line":51,"column":4},"end":{"line":53,"column":5}},{"start":{},"end":{}}],"line":51},"6":{"loc":{"start":{"line":60,"column":4},"end":{"line":62,"column":5}},"type":"if","locations":[{"start":{"line":60,"column":4},"end":{"line":62,"column":5}},{"start":{},"end":{}}],"line":60},"7":{"loc":{"start":{"line":69,"column":4},"end":{"line":71,"column":5}},"type":"if","locations":[{"start":{"line":69,"column":4},"end":{"line":71,"column":5}},{"start":{},"end":{}}],"line":69},"8":{"loc":{"start":{"line":78,"column":4},"end":{"line":80,"column":5}},"type":"if","locations":[{"start":{"line":78,"column":4},"end":{"line":80,"column":5}},{"start":{},"end":{}}],"line":78},"9":{"loc":{"start":{"line":87,"column":4},"end":{"line":102,"column":5}},"type":"if","locations":[{"start":{"line":87,"column":4},"end":{"line":102,"column":5}},{"start":{"line":89,"column":11},"end":{"line":102,"column":5}}],"line":87},"10":{"loc":{"start":{"line":92,"column":6},"end":{"line":101,"column":7}},"type":"if","locations":[{"start":{"line":92,"column":6},"end":{"line":101,"column":7}},{"start":{"line":96,"column":13},"end":{"line":101,"column":7}}],"line":92},"11":{"loc":{"start":{"line":113,"column":4},"end":{"line":119,"column":28}},"type":"default-arg","locations":[{"start":{"line":119,"column":26},"end":{"line":119,"column":28}}],"line":113},"12":{"loc":{"start":{"line":117,"column":6},"end":{"line":117,"column":18}},"type":"default-arg","locations":[{"start":{"line":117,"column":13},"end":{"line":117,"column":18}}],"line":117},"13":{"loc":{"start":{"line":118,"column":6},"end":{"line":118,"column":21}},"type":"default-arg","locations":[{"start":{"line":118,"column":16},"end":{"line":118,"column":21}}],"line":118}},"s":{"0":1,"1":1,"2":1,"3":1,"4":1,"5":1,"6":0,"7":0,"8":0,"9":0,"10":0,"11":0,"12":0,"13":0,"14":0,"15":0,"16":0,"17":0,"18":0,"19":0,"20":0,"21":0,"22":0,"23":0,"24":0,"25":0,"26":1},"f":{"0":1,"1":1,"2":0,"3":0,"4":0,"5":0,"6":0,"7":0,"8":0,"9":0,"10":1},"b":{"0":[0],"1":[0],"2":[1,1],"3":[0],"4":[0,0],"5":[0,0],"6":[0,0],"7":[0,0],"8":[0,0],"9":[0,0],"10":[0,0],"11":[0],"12":[1],"13":[0]},"_coverageSchema":"1a1c01bbd47fc00a2c39e90264f33305004495a9","hash":"9b283c1a59e519c6a220c1e7e6d903cdaa04a969"}
,"/home/runner/work/nightingale/nightingale/packages/nightingale/src/outputs/cliConsoleOutput.ts": {"path":"/home/runner/work/nightingale/nightingale/packages/nightingale/src/outputs/cliConsoleOutput.ts","statementMap":{"0":{"start":{"line":10,"column":2},"end":{"line":14,"column":3}},"1":{"start":{"line":11,"column":4},"end":{"line":11,"column":69}},"2":{"start":{"line":13,"column":4},"end":{"line":13,"column":69}}},"fnMap":{"0":{"name":"cliConsoleOutput","decl":{"start":{"line":6,"column":16},"end":{"line":6,"column":32}},"loc":{"start":{"line":9,"column":8},"end":{"line":15,"column":1}},"line":9}},"branchMap":{"0":{"loc":{"start":{"line":10,"column":2},"end":{"line":14,"column":3}},"type":"if","locations":[{"start":{"line":10,"column":2},"end":{"line":14,"column":3}},{"start":{"line":12,"column":9},"end":{"line":14,"column":3}}],"line":10},"1":{"loc":{"start":{"line":11,"column":12},"end":{"line":11,"column":57}},"type":"cond-expr","locations":[{"start":{"line":11,"column":42},"end":{"line":11,"column":49}},{"start":{"line":11,"column":52},"end":{"line":11,"column":57}}],"line":11},"2":{"loc":{"start":{"line":13,"column":12},"end":{"line":13,"column":57}},"type":"cond-expr","locations":[{"start":{"line":13,"column":42},"end":{"line":13,"column":49}},{"start":{"line":13,"column":52},"end":{"line":13,"column":57}}],"line":13}},"s":{"0":1,"1":1,"2":0},"f":{"0":1},"b":{"0":[1,0],"1":[0,1],"2":[0,0]},"_coverageSchema":"1a1c01bbd47fc00a2c39e90264f33305004495a9","hash":"84b3998031a2cb38f763047bb9bbd2ccdb0ebe55"}
,"/home/runner/work/nightingale/nightingale/packages/nightingale/src/outputs/consoleOutput.ts": {"path":"/home/runner/work/nightingale/nightingale/packages/nightingale/src/outputs/consoleOutput.ts","statementMap":{"0":{"start":{"line":10,"column":2},"end":{"line":15,"column":3}},"1":{"start":{"line":11,"column":19},"end":{"line":11,"column":68}},"2":{"start":{"line":12,"column":4},"end":{"line":12,"column":43}},"3":{"start":{"line":14,"column":4},"end":{"line":14,"column":69}}},"fnMap":{"0":{"name":"consoleOutput","decl":{"start":{"line":6,"column":16},"end":{"line":6,"column":29}},"loc":{"start":{"line":9,"column":8},"end":{"line":16,"column":1}},"line":9}},"branchMap":{"0":{"loc":{"start":{"line":10,"column":2},"end":{"line":15,"column":3}},"type":"if","locations":[{"start":{"line":10,"column":2},"end":{"line":15,"column":3}},{"start":{"line":13,"column":9},"end":{"line":15,"column":3}}],"line":10},"1":{"loc":{"start":{"line":11,"column":19},"end":{"line":11,"column":68}},"type":"cond-expr","locations":[{"start":{"line":11,"column":49},"end":{"line":11,"column":57}},{"start":{"line":11,"column":60},"end":{"line":11,"column":68}}],"line":11},"2":{"loc":{"start":{"line":14,"column":12},"end":{"line":14,"column":57}},"type":"cond-expr","locations":[{"start":{"line":14,"column":42},"end":{"line":14,"column":49}},{"start":{"line":14,"column":52},"end":{"line":14,"column":57}}],"line":14}},"s":{"0":0,"1":0,"2":0,"3":0},"f":{"0":0},"b":{"0":[0,0],"1":[0,0],"2":[0,0]},"_coverageSchema":"1a1c01bbd47fc00a2c39e90264f33305004495a9","hash":"b4c3cc7081f44e7d5e1c57b6e3e06372ad2779bd"}
}
