{"/home/runner/work/nightingale/nightingale/packages/nightingale-levels/dist/index-node20.mjs": {"path":"/home/runner/work/nightingale/nightingale/packages/nightingale-levels/dist/index-node20.mjs","statementMap":{"0":{"start":{"line":1,"column":28},"end":{"line":15,"column":15}},"1":{"start":{"line":2,"column":2},"end":{"line":2,"column":36}},"2":{"start":{"line":3,"column":2},"end":{"line":3,"column":41}},"3":{"start":{"line":4,"column":2},"end":{"line":4,"column":42}},"4":{"start":{"line":5,"column":2},"end":{"line":5,"column":40}},"5":{"start":{"line":6,"column":2},"end":{"line":6,"column":44}},"6":{"start":{"line":7,"column":2},"end":{"line":7,"column":40}},"7":{"start":{"line":8,"column":2},"end":{"line":8,"column":46}},"8":{"start":{"line":9,"column":2},"end":{"line":9,"column":42}},"9":{"start":{"line":10,"column":2},"end":{"line":10,"column":48}},"10":{"start":{"line":11,"column":2},"end":{"line":11,"column":42}},"11":{"start":{"line":12,"column":2},"end":{"line":12,"column":42}},"12":{"start":{"line":13,"column":2},"end":{"line":13,"column":50}},"13":{"start":{"line":14,"column":2},"end":{"line":14,"column":16}}},"fnMap":{"0":{"name":"(anonymous_0)","decl":{"start":{"line":1,"column":29},"end":{"line":1,"column":30}},"loc":{"start":{"line":1,"column":41},"end":{"line":15,"column":1}},"line":1}},"branchMap":{"0":{"loc":{"start":{"line":15,"column":3},"end":{"line":15,"column":14}},"type":"binary-expr","locations":[{"start":{"line":15,"column":3},"end":{"line":15,"column":8}},{"start":{"line":15,"column":12},"end":{"line":15,"column":14}}],"line":15}},"s":{"0":12,"1":12,"2":12,"3":12,"4":12,"5":12,"6":12,"7":12,"8":12,"9":12,"10":12,"11":12,"12":12,"13":12},"f":{"0":12},"b":{"0":[12,12]},"inputSourceMap":null,"_coverageSchema":"1a1c01bbd47fc00a2c39e90264f33305004495a9","hash":"3ea5e24e25bb62191f6277be7d50aba9651903dd"}
,"/home/runner/work/nightingale/nightingale/packages/nightingale-logger/dist/index-node20.mjs": {"path":"/home/runner/work/nightingale/nightingale/packages/nightingale-logger/dist/index-node20.mjs","statementMap":{"0":{"start":{"line":5,"column":21},"end":{"line":9,"column":1}},"1":{"start":{"line":8,"column":2},"end":{"line":8,"column":35}},"2":{"start":{"line":11,"column":23},"end":{"line":11,"column":82}},"3":{"start":{"line":12,"column":0},"end":{"line":17,"column":1}},"4":{"start":{"line":13,"column":2},"end":{"line":16,"column":5}},"5":{"start":{"line":13,"column":62},"end":{"line":16,"column":3}},"6":{"start":{"line":18,"column":0},"end":{"line":28,"column":1}},"7":{"start":{"line":19,"column":2},"end":{"line":27,"column":4}},"8":{"start":{"line":20,"column":37},"end":{"line":20,"column":92}},"9":{"start":{"line":21,"column":4},"end":{"line":26,"column":6}},"10":{"start":{"line":23,"column":21},"end":{"line":23,"column":105}},"11":{"start":{"line":30,"column":2},"end":{"line":33,"column":4}},"12":{"start":{"line":36,"column":2},"end":{"line":36,"column":41}},"13":{"start":{"line":46,"column":4},"end":{"line":46,"column":19}},"14":{"start":{"line":47,"column":4},"end":{"line":47,"column":35}},"15":{"start":{"line":48,"column":4},"end":{"line":52,"column":5}},"16":{"start":{"line":49,"column":6},"end":{"line":51,"column":8}},"17":{"start":{"line":56,"column":4},"end":{"line":56,"column":59}},"18":{"start":{"line":60,"column":4},"end":{"line":60,"column":72}},"19":{"start":{"line":66,"column":4},"end":{"line":66,"column":73}},"20":{"start":{"line":86,"column":19},"end":{"line":86,"column":39}},"21":{"start":{"line":87,"column":4},"end":{"line":87,"column":31}},"22":{"start":{"line":88,"column":4},"end":{"line":88,"column":18}},"23":{"start":{"line":94,"column":4},"end":{"line":94,"column":30}},"24":{"start":{"line":102,"column":4},"end":{"line":102,"column":33}},"25":{"start":{"line":108,"column":4},"end":{"line":112,"column":5}},"26":{"start":{"line":109,"column":6},"end":{"line":111,"column":8}},"27":{"start":{"line":113,"column":4},"end":{"line":113,"column":55}},"28":{"start":{"line":121,"column":37},"end":{"line":123,"column":5}},"29":{"start":{"line":124,"column":4},"end":{"line":132,"column":5}},"30":{"start":{"line":125,"column":6},"end":{"line":130,"column":7}},"31":{"start":{"line":126,"column":8},"end":{"line":129,"column":11}},"32":{"start":{"line":131,"column":6},"end":{"line":131,"column":13}},"33":{"start":{"line":133,"column":4},"end":{"line":137,"column":5}},"34":{"start":{"line":134,"column":6},"end":{"line":136,"column":9}},"35":{"start":{"line":135,"column":8},"end":{"line":135,"column":41}},"36":{"start":{"line":138,"column":4},"end":{"line":138,"column":65}},"37":{"start":{"line":138,"column":31},"end":{"line":138,"column":63}},"38":{"start":{"line":144,"column":27},"end":{"line":144,"column":50}},"39":{"start":{"line":145,"column":20},"end":{"line":145,"column":105}},"40":{"start":{"line":146,"column":29},"end":{"line":146,"column":146}},"41":{"start":{"line":147,"column":20},"end":{"line":147,"column":45}},"42":{"start":{"line":148,"column":4},"end":{"line":150,"column":5}},"43":{"start":{"line":149,"column":6},"end":{"line":149,"column":38}},"44":{"start":{"line":151,"column":19},"end":{"line":161,"column":5}},"45":{"start":{"line":162,"column":4},"end":{"line":162,"column":27}},"46":{"start":{"line":168,"column":4},"end":{"line":168,"column":72}},"47":{"start":{"line":174,"column":4},"end":{"line":174,"column":72}},"48":{"start":{"line":180,"column":4},"end":{"line":180,"column":73}},"49":{"start":{"line":186,"column":4},"end":{"line":186,"column":71}},"50":{"start":{"line":192,"column":4},"end":{"line":192,"column":71}},"51":{"start":{"line":208,"column":4},"end":{"line":208,"column":72}},"52":{"start":{"line":214,"column":4},"end":{"line":214,"column":75}},"53":{"start":{"line":230,"column":4},"end":{"line":230,"column":72}},"54":{"start":{"line":236,"column":4},"end":{"line":236,"column":72}},"55":{"start":{"line":242,"column":27},"end":{"line":242,"column":46}},"56":{"start":{"line":243,"column":4},"end":{"line":246,"column":7}},"57":{"start":{"line":252,"column":27},"end":{"line":252,"column":49}},"58":{"start":{"line":253,"column":4},"end":{"line":256,"column":7}},"59":{"start":{"line":262,"column":4},"end":{"line":262,"column":56}},"60":{"start":{"line":268,"column":4},"end":{"line":272,"column":7}},"61":{"start":{"line":278,"column":4},"end":{"line":282,"column":7}},"62":{"start":{"line":288,"column":4},"end":{"line":288,"column":60}},"63":{"start":{"line":294,"column":4},"end":{"line":298,"column":7}},"64":{"start":{"line":304,"column":4},"end":{"line":308,"column":7}},"65":{"start":{"line":314,"column":4},"end":{"line":316,"column":5}},"66":{"start":{"line":315,"column":6},"end":{"line":315,"column":61}},"67":{"start":{"line":317,"column":4},"end":{"line":317,"column":22}},"68":{"start":{"line":320,"column":4},"end":{"line":320,"column":68}},"69":{"start":{"line":329,"column":16},"end":{"line":329,"column":26}},"70":{"start":{"line":330,"column":21},"end":{"line":330,"column":36}},"71":{"start":{"line":332,"column":4},"end":{"line":338,"column":5}},"72":{"start":{"line":333,"column":6},"end":{"line":333,"column":37}},"73":{"start":{"line":335,"column":22},"end":{"line":335,"column":69}},"74":{"start":{"line":336,"column":17},"end":{"line":336,"column":41}},"75":{"start":{"line":337,"column":6},"end":{"line":337,"column":67}},"76":{"start":{"line":339,"column":29},"end":{"line":343,"column":5}},"77":{"start":{"line":344,"column":4},"end":{"line":344,"column":79}},"78":{"start":{"line":350,"column":4},"end":{"line":350,"column":70}},"79":{"start":{"line":356,"column":4},"end":{"line":359,"column":7}},"80":{"start":{"line":376,"column":29},"end":{"line":379,"column":5}},"81":{"start":{"line":380,"column":4},"end":{"line":380,"column":73}},"82":{"start":{"line":397,"column":29},"end":{"line":400,"column":5}},"83":{"start":{"line":401,"column":4},"end":{"line":401,"column":72}},"84":{"start":{"line":406,"column":4},"end":{"line":415,"column":5}},"85":{"start":{"line":407,"column":6},"end":{"line":407,"column":25}},"86":{"start":{"line":409,"column":6},"end":{"line":409,"column":25}},"87":{"start":{"line":410,"column":6},"end":{"line":414,"column":7}},"88":{"start":{"line":411,"column":8},"end":{"line":411,"column":27}},"89":{"start":{"line":413,"column":8},"end":{"line":413,"column":33}},"90":{"start":{"line":416,"column":4},"end":{"line":416,"column":45}},"91":{"start":{"line":417,"column":4},"end":{"line":417,"column":15}},"92":{"start":{"line":418,"column":4},"end":{"line":418,"column":18}}},"fnMap":{"0":{"name":"(anonymous_0)","decl":{"start":{"line":5,"column":21},"end":{"line":5,"column":22}},"loc":{"start":{"line":8,"column":2},"end":{"line":8,"column":35}},"line":8},"1":{"name":"(anonymous_1)","decl":{"start":{"line":13,"column":55},"end":{"line":13,"column":56}},"loc":{"start":{"line":13,"column":62},"end":{"line":16,"column":3}},"line":13},"2":{"name":"(anonymous_2)","decl":{"start":{"line":19,"column":62},"end":{"line":19,"column":63}},"loc":{"start":{"line":19,"column":78},"end":{"line":27,"column":3}},"line":19},"3":{"name":"(anonymous_3)","decl":{"start":{"line":23,"column":8},"end":{"line":23,"column":9}},"loc":{"start":{"line":23,"column":21},"end":{"line":23,"column":105}},"line":23},"4":{"name":"getConfigForLoggerRecord","decl":{"start":{"line":29,"column":9},"end":{"line":29,"column":33}},"loc":{"start":{"line":29,"column":52},"end":{"line":34,"column":1}},"line":29},"5":{"name":"isError","decl":{"start":{"line":35,"column":9},"end":{"line":35,"column":16}},"loc":{"start":{"line":35,"column":33},"end":{"line":37,"column":1}},"line":35},"6":{"name":"(anonymous_6)","decl":{"start":{"line":45,"column":2},"end":{"line":45,"column":3}},"loc":{"start":{"line":45,"column":32},"end":{"line":53,"column":3}},"line":45},"7":{"name":"(anonymous_7)","decl":{"start":{"line":55,"column":2},"end":{"line":55,"column":3}},"loc":{"start":{"line":55,"column":40},"end":{"line":57,"column":3}},"line":55},"8":{"name":"(anonymous_8)","decl":{"start":{"line":59,"column":2},"end":{"line":59,"column":3}},"loc":{"start":{"line":59,"column":14},"end":{"line":61,"column":3}},"line":59},"9":{"name":"(anonymous_9)","decl":{"start":{"line":65,"column":2},"end":{"line":65,"column":3}},"loc":{"start":{"line":65,"column":42},"end":{"line":67,"column":3}},"line":65},"10":{"name":"(anonymous_10)","decl":{"start":{"line":85,"column":2},"end":{"line":85,"column":3}},"loc":{"start":{"line":85,"column":19},"end":{"line":89,"column":3}},"line":85},"11":{"name":"(anonymous_11)","decl":{"start":{"line":93,"column":2},"end":{"line":93,"column":3}},"loc":{"start":{"line":93,"column":21},"end":{"line":95,"column":3}},"line":93},"12":{"name":"(anonymous_12)","decl":{"start":{"line":101,"column":2},"end":{"line":101,"column":3}},"loc":{"start":{"line":101,"column":22},"end":{"line":103,"column":3}},"line":101},"13":{"name":"(anonymous_13)","decl":{"start":{"line":107,"column":2},"end":{"line":107,"column":3}},"loc":{"start":{"line":107,"column":34},"end":{"line":114,"column":3}},"line":107},"14":{"name":"(anonymous_14)","decl":{"start":{"line":120,"column":2},"end":{"line":120,"column":3}},"loc":{"start":{"line":120,"column":20},"end":{"line":139,"column":3}},"line":120},"15":{"name":"(anonymous_15)","decl":{"start":{"line":134,"column":25},"end":{"line":134,"column":26}},"loc":{"start":{"line":134,"column":39},"end":{"line":136,"column":7}},"line":134},"16":{"name":"(anonymous_16)","decl":{"start":{"line":138,"column":18},"end":{"line":138,"column":19}},"loc":{"start":{"line":138,"column":31},"end":{"line":138,"column":63}},"line":138},"17":{"name":"(anonymous_17)","decl":{"start":{"line":143,"column":2},"end":{"line":143,"column":3}},"loc":{"start":{"line":143,"column":61},"end":{"line":163,"column":3}},"line":143},"18":{"name":"(anonymous_18)","decl":{"start":{"line":167,"column":2},"end":{"line":167,"column":3}},"loc":{"start":{"line":167,"column":50},"end":{"line":169,"column":3}},"line":167},"19":{"name":"(anonymous_19)","decl":{"start":{"line":173,"column":2},"end":{"line":173,"column":3}},"loc":{"start":{"line":173,"column":50},"end":{"line":175,"column":3}},"line":173},"20":{"name":"(anonymous_20)","decl":{"start":{"line":179,"column":2},"end":{"line":179,"column":3}},"loc":{"start":{"line":179,"column":51},"end":{"line":181,"column":3}},"line":179},"21":{"name":"(anonymous_21)","decl":{"start":{"line":185,"column":2},"end":{"line":185,"column":3}},"loc":{"start":{"line":185,"column":49},"end":{"line":187,"column":3}},"line":185},"22":{"name":"(anonymous_22)","decl":{"start":{"line":191,"column":2},"end":{"line":191,"column":3}},"loc":{"start":{"line":191,"column":49},"end":{"line":193,"column":3}},"line":191},"23":{"name":"(anonymous_23)","decl":{"start":{"line":207,"column":2},"end":{"line":207,"column":3}},"loc":{"start":{"line":207,"column":50},"end":{"line":209,"column":3}},"line":207},"24":{"name":"(anonymous_24)","decl":{"start":{"line":213,"column":2},"end":{"line":213,"column":3}},"loc":{"start":{"line":213,"column":53},"end":{"line":215,"column":3}},"line":213},"25":{"name":"(anonymous_25)","decl":{"start":{"line":229,"column":2},"end":{"line":229,"column":3}},"loc":{"start":{"line":229,"column":50},"end":{"line":231,"column":3}},"line":229},"26":{"name":"(anonymous_26)","decl":{"start":{"line":235,"column":2},"end":{"line":235,"column":3}},"loc":{"start":{"line":235,"column":50},"end":{"line":237,"column":3}},"line":235},"27":{"name":"(anonymous_27)","decl":{"start":{"line":241,"column":2},"end":{"line":241,"column":3}},"loc":{"start":{"line":241,"column":48},"end":{"line":247,"column":3}},"line":241},"28":{"name":"(anonymous_28)","decl":{"start":{"line":251,"column":2},"end":{"line":251,"column":3}},"loc":{"start":{"line":251,"column":58},"end":{"line":257,"column":3}},"line":251},"29":{"name":"(anonymous_29)","decl":{"start":{"line":261,"column":2},"end":{"line":261,"column":3}},"loc":{"start":{"line":261,"column":45},"end":{"line":263,"column":3}},"line":261},"30":{"name":"(anonymous_30)","decl":{"start":{"line":267,"column":2},"end":{"line":267,"column":3}},"loc":{"start":{"line":267,"column":49},"end":{"line":273,"column":3}},"line":267},"31":{"name":"(anonymous_31)","decl":{"start":{"line":277,"column":2},"end":{"line":277,"column":3}},"loc":{"start":{"line":277,"column":50},"end":{"line":283,"column":3}},"line":277},"32":{"name":"(anonymous_32)","decl":{"start":{"line":287,"column":2},"end":{"line":287,"column":3}},"loc":{"start":{"line":287,"column":49},"end":{"line":289,"column":3}},"line":287},"33":{"name":"(anonymous_33)","decl":{"start":{"line":293,"column":2},"end":{"line":293,"column":3}},"loc":{"start":{"line":293,"column":53},"end":{"line":299,"column":3}},"line":293},"34":{"name":"(anonymous_34)","decl":{"start":{"line":303,"column":2},"end":{"line":303,"column":3}},"loc":{"start":{"line":303,"column":54},"end":{"line":309,"column":3}},"line":303},"35":{"name":"(anonymous_35)","decl":{"start":{"line":313,"column":2},"end":{"line":313,"column":3}},"loc":{"start":{"line":313,"column":63},"end":{"line":318,"column":3}},"line":313},"36":{"name":"(anonymous_36)","decl":{"start":{"line":319,"column":2},"end":{"line":319,"column":3}},"loc":{"start":{"line":319,"column":46},"end":{"line":321,"column":3}},"line":319},"37":{"name":"(anonymous_37)","decl":{"start":{"line":328,"column":2},"end":{"line":328,"column":3}},"loc":{"start":{"line":328,"column":86},"end":{"line":345,"column":3}},"line":328},"38":{"name":"(anonymous_38)","decl":{"start":{"line":349,"column":2},"end":{"line":349,"column":3}},"loc":{"start":{"line":349,"column":55},"end":{"line":351,"column":3}},"line":349},"39":{"name":"(anonymous_39)","decl":{"start":{"line":355,"column":2},"end":{"line":355,"column":3}},"loc":{"start":{"line":355,"column":62},"end":{"line":360,"column":3}},"line":355},"40":{"name":"(anonymous_40)","decl":{"start":{"line":375,"column":2},"end":{"line":375,"column":3}},"loc":{"start":{"line":375,"column":38},"end":{"line":381,"column":3}},"line":375},"41":{"name":"(anonymous_41)","decl":{"start":{"line":396,"column":2},"end":{"line":396,"column":3}},"loc":{"start":{"line":396,"column":37},"end":{"line":402,"column":3}},"line":396},"42":{"name":"(anonymous_42)","decl":{"start":{"line":403,"column":2},"end":{"line":403,"column":3}},"loc":{"start":{"line":403,"column":39},"end":{"line":419,"column":3}},"line":403}},"branchMap":{"0":{"loc":{"start":{"line":11,"column":23},"end":{"line":11,"column":82}},"type":"cond-expr","locations":[{"start":{"line":11,"column":59},"end":{"line":11,"column":69}},{"start":{"line":11,"column":72},"end":{"line":11,"column":82}}],"line":11},"1":{"loc":{"start":{"line":12,"column":0},"end":{"line":17,"column":1}},"type":"if","locations":[{"start":{"line":12,"column":0},"end":{"line":17,"column":1}},{"start":{},"end":{}}],"line":12},"2":{"loc":{"start":{"line":18,"column":0},"end":{"line":28,"column":1}},"type":"if","locations":[{"start":{"line":18,"column":0},"end":{"line":28,"column":1}},{"start":{},"end":{}}],"line":18},"3":{"loc":{"start":{"line":23,"column":21},"end":{"line":23,"column":105}},"type":"binary-expr","locations":[{"start":{"line":23,"column":21},"end":{"line":23,"column":46}},{"start":{"line":23,"column":51},"end":{"line":23,"column":70}},{"start":{"line":23,"column":74},"end":{"line":23,"column":104}}],"line":23},"4":{"loc":{"start":{"line":48,"column":4},"end":{"line":52,"column":5}},"type":"if","locations":[{"start":{"line":48,"column":4},"end":{"line":52,"column":5}},{"start":{},"end":{}}],"line":48},"5":{"loc":{"start":{"line":48,"column":8},"end":{"line":48,"column":66}},"type":"binary-expr","locations":[{"start":{"line":48,"column":8},"end":{"line":48,"column":45}},{"start":{"line":48,"column":49},"end":{"line":48,"column":66}}],"line":48},"6":{"loc":{"start":{"line":108,"column":4},"end":{"line":112,"column":5}},"type":"if","locations":[{"start":{"line":108,"column":4},"end":{"line":112,"column":5}},{"start":{},"end":{}}],"line":108},"7":{"loc":{"start":{"line":124,"column":4},"end":{"line":132,"column":5}},"type":"if","locations":[{"start":{"line":124,"column":4},"end":{"line":132,"column":5}},{"start":{},"end":{}}],"line":124},"8":{"loc":{"start":{"line":125,"column":6},"end":{"line":130,"column":7}},"type":"if","locations":[{"start":{"line":125,"column":6},"end":{"line":130,"column":7}},{"start":{},"end":{}}],"line":125},"9":{"loc":{"start":{"line":133,"column":4},"end":{"line":137,"column":5}},"type":"if","locations":[{"start":{"line":133,"column":4},"end":{"line":137,"column":5}},{"start":{},"end":{}}],"line":133},"10":{"loc":{"start":{"line":143,"column":32},"end":{"line":143,"column":50}},"type":"default-arg","locations":[{"start":{"line":143,"column":40},"end":{"line":143,"column":50}}],"line":143},"11":{"loc":{"start":{"line":145,"column":20},"end":{"line":145,"column":105}},"type":"cond-expr","locations":[{"start":{"line":145,"column":37},"end":{"line":145,"column":88}},{"start":{"line":145,"column":91},"end":{"line":145,"column":105}}],"line":145},"12":{"loc":{"start":{"line":146,"column":29},"end":{"line":146,"column":146}},"type":"cond-expr","locations":[{"start":{"line":146,"column":97},"end":{"line":146,"column":135}},{"start":{"line":146,"column":138},"end":{"line":146,"column":146}}],"line":146},"13":{"loc":{"start":{"line":146,"column":29},"end":{"line":146,"column":94}},"type":"binary-expr","locations":[{"start":{"line":146,"column":29},"end":{"line":146,"column":43}},{"start":{"line":146,"column":47},"end":{"line":146,"column":94}}],"line":146},"14":{"loc":{"start":{"line":146,"column":49},"end":{"line":146,"column":93}},"type":"binary-expr","locations":[{"start":{"line":146,"column":49},"end":{"line":146,"column":57}},{"start":{"line":146,"column":61},"end":{"line":146,"column":93}}],"line":146},"15":{"loc":{"start":{"line":148,"column":4},"end":{"line":150,"column":5}},"type":"if","locations":[{"start":{"line":148,"column":4},"end":{"line":150,"column":5}},{"start":{},"end":{}}],"line":148},"16":{"loc":{"start":{"line":157,"column":15},"end":{"line":157,"column":44}},"type":"binary-expr","locations":[{"start":{"line":157,"column":15},"end":{"line":157,"column":22}},{"start":{"line":157,"column":26},"end":{"line":157,"column":44}}],"line":157},"17":{"loc":{"start":{"line":313,"column":42},"end":{"line":313,"column":61}},"type":"default-arg","locations":[{"start":{"line":313,"column":50},"end":{"line":313,"column":61}}],"line":313},"18":{"loc":{"start":{"line":314,"column":4},"end":{"line":316,"column":5}},"type":"if","locations":[{"start":{"line":314,"column":4},"end":{"line":316,"column":5}},{"start":{},"end":{}}],"line":314},"19":{"loc":{"start":{"line":328,"column":56},"end":{"line":328,"column":75}},"type":"default-arg","locations":[{"start":{"line":328,"column":64},"end":{"line":328,"column":75}}],"line":328},"20":{"loc":{"start":{"line":332,"column":4},"end":{"line":338,"column":5}},"type":"if","locations":[{"start":{"line":332,"column":4},"end":{"line":338,"column":5}},{"start":{"line":334,"column":11},"end":{"line":338,"column":5}}],"line":332},"21":{"loc":{"start":{"line":335,"column":22},"end":{"line":335,"column":69}},"type":"cond-expr","locations":[{"start":{"line":335,"column":39},"end":{"line":335,"column":65}},{"start":{"line":335,"column":68},"end":{"line":335,"column":69}}],"line":335},"22":{"loc":{"start":{"line":337,"column":24},"end":{"line":337,"column":57}},"type":"cond-expr","locations":[{"start":{"line":337,"column":34},"end":{"line":337,"column":52}},{"start":{"line":337,"column":55},"end":{"line":337,"column":57}}],"line":337},"23":{"loc":{"start":{"line":406,"column":4},"end":{"line":415,"column":5}},"type":"if","locations":[{"start":{"line":406,"column":4},"end":{"line":415,"column":5}},{"start":{"line":408,"column":11},"end":{"line":415,"column":5}}],"line":406},"24":{"loc":{"start":{"line":410,"column":6},"end":{"line":414,"column":7}},"type":"if","locations":[{"start":{"line":410,"column":6},"end":{"line":414,"column":7}},{"start":{"line":412,"column":13},"end":{"line":414,"column":7}}],"line":410}},"s":{"0":3,"1":0,"2":3,"3":3,"4":3,"5":0,"6":3,"7":3,"8":0,"9":0,"10":0,"11":0,"12":9,"13":9,"14":9,"15":9,"16":0,"17":0,"18":0,"19":0,"20":0,"21":0,"22":0,"23":0,"24":0,"25":0,"26":0,"27":0,"28":9,"29":9,"30":0,"31":0,"32":0,"33":9,"34":9,"35":0,"36":9,"37":9,"38":9,"39":9,"40":9,"41":9,"42":9,"43":1,"44":9,"45":9,"46":0,"47":1,"48":0,"49":2,"50":1,"51":1,"52":0,"53":1,"54":1,"55":0,"56":0,"57":0,"58":0,"59":1,"60":1,"61":0,"62":0,"63":0,"64":0,"65":0,"66":0,"67":0,"68":0,"69":0,"70":0,"71":0,"72":0,"73":0,"74":0,"75":0,"76":0,"77":0,"78":0,"79":0,"80":0,"81":0,"82":0,"83":0,"84":0,"85":0,"86":0,"87":0,"88":0,"89":0,"90":0,"91":0,"92":0},"f":{"0":0,"1":0,"2":0,"3":0,"4":0,"5":9,"6":9,"7":0,"8":0,"9":0,"10":0,"11":0,"12":0,"13":0,"14":9,"15":0,"16":9,"17":9,"18":0,"19":1,"20":0,"21":2,"22":1,"23":1,"24":0,"25":1,"26":1,"27":0,"28":0,"29":1,"30":1,"31":0,"32":0,"33":0,"34":0,"35":0,"36":0,"37":0,"38":0,"39":0,"40":0,"41":0,"42":0},"b":{"0":[3,0],"1":[3,0],"2":[3,0],"3":[0,0,0],"4":[0,9],"5":[9,9],"6":[0,0],"7":[0,9],"8":[0,0],"9":[9,0],"10":[1],"11":[0,9],"12":[0,9],"13":[9,0],"14":[0,0],"15":[1,8],"16":[9,9],"17":[0],"18":[0,0],"19":[0],"20":[0,0],"21":[0,0],"22":[0,0],"23":[0,0],"24":[0,0]},"inputSourceMap":null,"_coverageSchema":"1a1c01bbd47fc00a2c39e90264f33305004495a9","hash":"c2001d1191b95471577fa710ba2568a55683e224"}
,"/home/runner/work/nightingale/nightingale/packages/nightingale-logger/src/index.ts": {"path":"/home/runner/work/nightingale/nightingale/packages/nightingale-logger/src/index.ts","statementMap":{"0":{"start":{"line":60,"column":2},"end":{"line":60,"column":61}},"1":{"start":{"line":62,"column":0},"end":{"line":68,"column":1}},"2":{"start":{"line":63,"column":2},"end":{"line":67,"column":7}},"3":{"start":{"line":64,"column":33},"end":{"line":67,"column":5}},"4":{"start":{"line":70,"column":0},"end":{"line":87,"column":1}},"5":{"start":{"line":71,"column":2},"end":{"line":86,"column":4}},"6":{"start":{"line":76,"column":6},"end":{"line":76,"column":61}},"7":{"start":{"line":78,"column":4},"end":{"line":85,"column":6}},"8":{"start":{"line":81,"column":10},"end":{"line":82,"column":65}},"9":{"start":{"line":93,"column":2},"end":{"line":96,"column":4}},"10":{"start":{"line":100,"column":2},"end":{"line":100,"column":41}},"11":{"start":{"line":121,"column":4},"end":{"line":121,"column":19}},"12":{"start":{"line":122,"column":4},"end":{"line":122,"column":35}},"13":{"start":{"line":124,"column":4},"end":{"line":128,"column":5}},"14":{"start":{"line":125,"column":6},"end":{"line":127,"column":8}},"15":{"start":{"line":135,"column":4},"end":{"line":135,"column":59}},"16":{"start":{"line":140,"column":4},"end":{"line":140,"column":72}},"17":{"start":{"line":147,"column":4},"end":{"line":147,"column":73}},"18":{"start":{"line":168,"column":19},"end":{"line":168,"column":39}},"19":{"start":{"line":169,"column":4},"end":{"line":169,"column":31}},"20":{"start":{"line":170,"column":4},"end":{"line":170,"column":18}},"21":{"start":{"line":177,"column":4},"end":{"line":177,"column":30}},"22":{"start":{"line":186,"column":4},"end":{"line":186,"column":33}},"23":{"start":{"line":193,"column":4},"end":{"line":197,"column":5}},"24":{"start":{"line":194,"column":6},"end":{"line":196,"column":8}},"25":{"start":{"line":198,"column":4},"end":{"line":198,"column":55}},"26":{"start":{"line":207,"column":37},"end":{"line":209,"column":5}},"27":{"start":{"line":211,"column":4},"end":{"line":220,"column":5}},"28":{"start":{"line":212,"column":6},"end":{"line":218,"column":7}},"29":{"start":{"line":214,"column":8},"end":{"line":217,"column":11}},"30":{"start":{"line":219,"column":6},"end":{"line":219,"column":13}},"31":{"start":{"line":222,"column":4},"end":{"line":226,"column":5}},"32":{"start":{"line":223,"column":6},"end":{"line":225,"column":9}},"33":{"start":{"line":224,"column":8},"end":{"line":224,"column":40}},"34":{"start":{"line":228,"column":4},"end":{"line":228,"column":65}},"35":{"start":{"line":228,"column":31},"end":{"line":228,"column":63}},"36":{"start":{"line":240,"column":27},"end":{"line":240,"column":50}},"37":{"start":{"line":242,"column":20},"end":{"line":244,"column":22}},"38":{"start":{"line":247,"column":6},"end":{"line":249,"column":18}},"39":{"start":{"line":251,"column":20},"end":{"line":251,"column":45}},"40":{"start":{"line":252,"column":4},"end":{"line":254,"column":5}},"41":{"start":{"line":253,"column":6},"end":{"line":253,"column":38}},"42":{"start":{"line":256,"column":68},"end":{"line":266,"column":5}},"43":{"start":{"line":267,"column":4},"end":{"line":267,"column":27}},"44":{"start":{"line":278,"column":4},"end":{"line":278,"column":72}},"45":{"start":{"line":289,"column":4},"end":{"line":289,"column":72}},"46":{"start":{"line":300,"column":4},"end":{"line":300,"column":73}},"47":{"start":{"line":311,"column":4},"end":{"line":311,"column":71}},"48":{"start":{"line":322,"column":4},"end":{"line":322,"column":71}},"49":{"start":{"line":343,"column":4},"end":{"line":343,"column":72}},"50":{"start":{"line":354,"column":4},"end":{"line":354,"column":75}},"51":{"start":{"line":375,"column":4},"end":{"line":375,"column":72}},"52":{"start":{"line":386,"column":4},"end":{"line":386,"column":72}},"53":{"start":{"line":397,"column":27},"end":{"line":397,"column":46}},"54":{"start":{"line":398,"column":4},"end":{"line":401,"column":7}},"55":{"start":{"line":413,"column":27},"end":{"line":413,"column":49}},"56":{"start":{"line":414,"column":4},"end":{"line":417,"column":7}},"57":{"start":{"line":428,"column":4},"end":{"line":428,"column":56}},"58":{"start":{"line":439,"column":4},"end":{"line":443,"column":7}},"59":{"start":{"line":454,"column":4},"end":{"line":458,"column":7}},"60":{"start":{"line":469,"column":4},"end":{"line":469,"column":60}},"61":{"start":{"line":480,"column":4},"end":{"line":484,"column":7}},"62":{"start":{"line":495,"column":4},"end":{"line":499,"column":7}},"63":{"start":{"line":511,"column":4},"end":{"line":513,"column":5}},"64":{"start":{"line":512,"column":6},"end":{"line":512,"column":61}},"65":{"start":{"line":515,"column":4},"end":{"line":515,"column":22}},"66":{"start":{"line":523,"column":4},"end":{"line":523,"column":68}},"67":{"start":{"line":540,"column":16},"end":{"line":540,"column":26}},"68":{"start":{"line":542,"column":21},"end":{"line":542,"column":36}},"69":{"start":{"line":545,"column":4},"end":{"line":551,"column":5}},"70":{"start":{"line":546,"column":6},"end":{"line":546,"column":37}},"71":{"start":{"line":548,"column":22},"end":{"line":548,"column":71}},"72":{"start":{"line":549,"column":17},"end":{"line":549,"column":42}},"73":{"start":{"line":550,"column":6},"end":{"line":550,"column":67}},"74":{"start":{"line":553,"column":29},"end":{"line":557,"column":5}},"75":{"start":{"line":559,"column":4},"end":{"line":559,"column":79}},"76":{"start":{"line":571,"column":4},"end":{"line":571,"column":70}},"77":{"start":{"line":583,"column":4},"end":{"line":586,"column":7}},"78":{"start":{"line":608,"column":29},"end":{"line":611,"column":5}},"79":{"start":{"line":612,"column":4},"end":{"line":612,"column":73}},"80":{"start":{"line":634,"column":29},"end":{"line":637,"column":5}},"81":{"start":{"line":638,"column":4},"end":{"line":638,"column":72}},"82":{"start":{"line":683,"column":4},"end":{"line":693,"column":5}},"83":{"start":{"line":684,"column":6},"end":{"line":684,"column":25}},"84":{"start":{"line":686,"column":6},"end":{"line":686,"column":25}},"85":{"start":{"line":688,"column":6},"end":{"line":692,"column":7}},"86":{"start":{"line":689,"column":8},"end":{"line":689,"column":27}},"87":{"start":{"line":691,"column":8},"end":{"line":691,"column":33}},"88":{"start":{"line":695,"column":4},"end":{"line":695,"column":45}},"89":{"start":{"line":696,"column":4},"end":{"line":696,"column":31}},"90":{"start":{"line":697,"column":4},"end":{"line":697,"column":18}}},"fnMap":{"0":{"name":"(anonymous_0)","decl":{"start":{"line":64,"column":4},"end":{"line":64,"column":5}},"loc":{"start":{"line":64,"column":33},"end":{"line":67,"column":5}},"line":64},"1":{"name":"(anonymous_1)","decl":{"start":{"line":71,"column":62},"end":{"line":71,"column":63}},"loc":{"start":{"line":74,"column":29},"end":{"line":86,"column":3}},"line":74},"2":{"name":"(anonymous_2)","decl":{"start":{"line":80,"column":8},"end":{"line":80,"column":9}},"loc":{"start":{"line":81,"column":10},"end":{"line":82,"column":65}},"line":81},"3":{"name":"getConfigForLoggerRecord","decl":{"start":{"line":89,"column":9},"end":{"line":89,"column":33}},"loc":{"start":{"line":92,"column":24},"end":{"line":97,"column":1}},"line":92},"4":{"name":"isError","decl":{"start":{"line":99,"column":9},"end":{"line":99,"column":16}},"loc":{"start":{"line":99,"column":74},"end":{"line":101,"column":1}},"line":99},"5":{"name":"(anonymous_5)","decl":{"start":{"line":120,"column":2},"end":{"line":120,"column":3}},"loc":{"start":{"line":120,"column":49},"end":{"line":129,"column":3}},"line":120},"6":{"name":"(anonymous_6)","decl":{"start":{"line":132,"column":2},"end":{"line":132,"column":3}},"loc":{"start":{"line":134,"column":26},"end":{"line":136,"column":3}},"line":134},"7":{"name":"(anonymous_7)","decl":{"start":{"line":139,"column":2},"end":{"line":139,"column":3}},"loc":{"start":{"line":139,"column":46},"end":{"line":141,"column":3}},"line":139},"8":{"name":"(anonymous_8)","decl":{"start":{"line":146,"column":2},"end":{"line":146,"column":3}},"loc":{"start":{"line":146,"column":67},"end":{"line":148,"column":3}},"line":146},"9":{"name":"(anonymous_9)","decl":{"start":{"line":167,"column":2},"end":{"line":167,"column":3}},"loc":{"start":{"line":167,"column":52},"end":{"line":171,"column":3}},"line":167},"10":{"name":"(anonymous_10)","decl":{"start":{"line":176,"column":2},"end":{"line":176,"column":3}},"loc":{"start":{"line":176,"column":68},"end":{"line":178,"column":3}},"line":176},"11":{"name":"(anonymous_11)","decl":{"start":{"line":185,"column":2},"end":{"line":185,"column":3}},"loc":{"start":{"line":185,"column":53},"end":{"line":187,"column":3}},"line":185},"12":{"name":"(anonymous_12)","decl":{"start":{"line":192,"column":2},"end":{"line":192,"column":3}},"loc":{"start":{"line":192,"column":65},"end":{"line":199,"column":3}},"line":192},"13":{"name":"(anonymous_13)","decl":{"start":{"line":206,"column":2},"end":{"line":206,"column":3}},"loc":{"start":{"line":206,"column":70},"end":{"line":229,"column":3}},"line":206},"14":{"name":"(anonymous_14)","decl":{"start":{"line":223,"column":25},"end":{"line":223,"column":26}},"loc":{"start":{"line":223,"column":38},"end":{"line":225,"column":7}},"line":223},"15":{"name":"(anonymous_15)","decl":{"start":{"line":228,"column":18},"end":{"line":228,"column":19}},"loc":{"start":{"line":228,"column":31},"end":{"line":228,"column":63}},"line":228},"16":{"name":"(anonymous_16)","decl":{"start":{"line":234,"column":2},"end":{"line":234,"column":3}},"loc":{"start":{"line":239,"column":10},"end":{"line":268,"column":3}},"line":239},"17":{"name":"(anonymous_17)","decl":{"start":{"line":273,"column":2},"end":{"line":273,"column":3}},"loc":{"start":{"line":277,"column":10},"end":{"line":279,"column":3}},"line":277},"18":{"name":"(anonymous_18)","decl":{"start":{"line":284,"column":2},"end":{"line":284,"column":3}},"loc":{"start":{"line":288,"column":10},"end":{"line":290,"column":3}},"line":288},"19":{"name":"(anonymous_19)","decl":{"start":{"line":295,"column":2},"end":{"line":295,"column":3}},"loc":{"start":{"line":299,"column":10},"end":{"line":301,"column":3}},"line":299},"20":{"name":"(anonymous_20)","decl":{"start":{"line":306,"column":2},"end":{"line":306,"column":3}},"loc":{"start":{"line":310,"column":10},"end":{"line":312,"column":3}},"line":310},"21":{"name":"(anonymous_21)","decl":{"start":{"line":317,"column":2},"end":{"line":317,"column":3}},"loc":{"start":{"line":321,"column":10},"end":{"line":323,"column":3}},"line":321},"22":{"name":"(anonymous_22)","decl":{"start":{"line":338,"column":2},"end":{"line":338,"column":3}},"loc":{"start":{"line":342,"column":10},"end":{"line":344,"column":3}},"line":342},"23":{"name":"(anonymous_23)","decl":{"start":{"line":349,"column":2},"end":{"line":349,"column":3}},"loc":{"start":{"line":353,"column":10},"end":{"line":355,"column":3}},"line":353},"24":{"name":"(anonymous_24)","decl":{"start":{"line":370,"column":2},"end":{"line":370,"column":3}},"loc":{"start":{"line":374,"column":10},"end":{"line":376,"column":3}},"line":374},"25":{"name":"(anonymous_25)","decl":{"start":{"line":381,"column":2},"end":{"line":381,"column":3}},"loc":{"start":{"line":385,"column":10},"end":{"line":387,"column":3}},"line":385},"26":{"name":"(anonymous_26)","decl":{"start":{"line":392,"column":2},"end":{"line":392,"column":3}},"loc":{"start":{"line":396,"column":10},"end":{"line":402,"column":3}},"line":396},"27":{"name":"(anonymous_27)","decl":{"start":{"line":407,"column":2},"end":{"line":407,"column":3}},"loc":{"start":{"line":412,"column":10},"end":{"line":418,"column":3}},"line":412},"28":{"name":"(anonymous_28)","decl":{"start":{"line":423,"column":2},"end":{"line":423,"column":3}},"loc":{"start":{"line":427,"column":10},"end":{"line":429,"column":3}},"line":427},"29":{"name":"(anonymous_29)","decl":{"start":{"line":434,"column":2},"end":{"line":434,"column":3}},"loc":{"start":{"line":438,"column":10},"end":{"line":444,"column":3}},"line":438},"30":{"name":"(anonymous_30)","decl":{"start":{"line":449,"column":2},"end":{"line":449,"column":3}},"loc":{"start":{"line":453,"column":10},"end":{"line":459,"column":3}},"line":453},"31":{"name":"(anonymous_31)","decl":{"start":{"line":464,"column":2},"end":{"line":464,"column":3}},"loc":{"start":{"line":468,"column":10},"end":{"line":470,"column":3}},"line":468},"32":{"name":"(anonymous_32)","decl":{"start":{"line":475,"column":2},"end":{"line":475,"column":3}},"loc":{"start":{"line":479,"column":10},"end":{"line":485,"column":3}},"line":479},"33":{"name":"(anonymous_33)","decl":{"start":{"line":490,"column":2},"end":{"line":490,"column":3}},"loc":{"start":{"line":494,"column":10},"end":{"line":500,"column":3}},"line":494},"34":{"name":"(anonymous_34)","decl":{"start":{"line":505,"column":2},"end":{"line":505,"column":3}},"loc":{"start":{"line":510,"column":12},"end":{"line":516,"column":3}},"line":510},"35":{"name":"(anonymous_35)","decl":{"start":{"line":518,"column":2},"end":{"line":518,"column":3}},"loc":{"start":{"line":522,"column":12},"end":{"line":524,"column":3}},"line":522},"36":{"name":"(anonymous_36)","decl":{"start":{"line":532,"column":2},"end":{"line":532,"column":3}},"loc":{"start":{"line":539,"column":10},"end":{"line":560,"column":3}},"line":539},"37":{"name":"(anonymous_37)","decl":{"start":{"line":565,"column":2},"end":{"line":565,"column":3}},"loc":{"start":{"line":570,"column":10},"end":{"line":572,"column":3}},"line":570},"38":{"name":"(anonymous_38)","decl":{"start":{"line":577,"column":2},"end":{"line":577,"column":3}},"loc":{"start":{"line":582,"column":10},"end":{"line":587,"column":3}},"line":582},"39":{"name":"(anonymous_39)","decl":{"start":{"line":603,"column":2},"end":{"line":603,"column":3}},"loc":{"start":{"line":607,"column":10},"end":{"line":613,"column":3}},"line":607},"40":{"name":"(anonymous_40)","decl":{"start":{"line":629,"column":2},"end":{"line":629,"column":3}},"loc":{"start":{"line":633,"column":10},"end":{"line":639,"column":3}},"line":633},"41":{"name":"(anonymous_41)","decl":{"start":{"line":674,"column":2},"end":{"line":674,"column":3}},"loc":{"start":{"line":679,"column":10},"end":{"line":698,"column":3}},"line":679}},"branchMap":{"0":{"loc":{"start":{"line":60,"column":2},"end":{"line":60,"column":61}},"type":"cond-expr","locations":[{"start":{"line":60,"column":38},"end":{"line":60,"column":48}},{"start":{"line":60,"column":51},"end":{"line":60,"column":61}}],"line":60},"1":{"loc":{"start":{"line":62,"column":0},"end":{"line":68,"column":1}},"type":"if","locations":[{"start":{"line":62,"column":0},"end":{"line":68,"column":1}},{"start":{},"end":{}}],"line":62},"2":{"loc":{"start":{"line":70,"column":0},"end":{"line":87,"column":1}},"type":"if","locations":[{"start":{"line":70,"column":0},"end":{"line":87,"column":1}},{"start":{},"end":{}}],"line":70},"3":{"loc":{"start":{"line":81,"column":10},"end":{"line":82,"column":65}},"type":"binary-expr","locations":[{"start":{"line":81,"column":10},"end":{"line":81,"column":35}},{"start":{"line":82,"column":11},"end":{"line":82,"column":30}},{"start":{"line":82,"column":34},"end":{"line":82,"column":64}}],"line":81},"4":{"loc":{"start":{"line":124,"column":4},"end":{"line":128,"column":5}},"type":"if","locations":[{"start":{"line":124,"column":4},"end":{"line":128,"column":5}},{"start":{},"end":{}}],"line":124},"5":{"loc":{"start":{"line":124,"column":8},"end":{"line":124,"column":66}},"type":"binary-expr","locations":[{"start":{"line":124,"column":8},"end":{"line":124,"column":45}},{"start":{"line":124,"column":49},"end":{"line":124,"column":66}}],"line":124},"6":{"loc":{"start":{"line":193,"column":4},"end":{"line":197,"column":5}},"type":"if","locations":[{"start":{"line":193,"column":4},"end":{"line":197,"column":5}},{"start":{},"end":{}}],"line":193},"7":{"loc":{"start":{"line":211,"column":4},"end":{"line":220,"column":5}},"type":"if","locations":[{"start":{"line":211,"column":4},"end":{"line":220,"column":5}},{"start":{},"end":{}}],"line":211},"8":{"loc":{"start":{"line":212,"column":6},"end":{"line":218,"column":7}},"type":"if","locations":[{"start":{"line":212,"column":6},"end":{"line":218,"column":7}},{"start":{},"end":{}}],"line":212},"9":{"loc":{"start":{"line":222,"column":4},"end":{"line":226,"column":5}},"type":"if","locations":[{"start":{"line":222,"column":4},"end":{"line":226,"column":5}},{"start":{},"end":{}}],"line":222},"10":{"loc":{"start":{"line":237,"column":4},"end":{"line":237,"column":29}},"type":"default-arg","locations":[{"start":{"line":237,"column":19},"end":{"line":237,"column":29}}],"line":237},"11":{"loc":{"start":{"line":242,"column":20},"end":{"line":244,"column":22}},"type":"cond-expr","locations":[{"start":{"line":243,"column":8},"end":{"line":243,"column":59}},{"start":{"line":244,"column":8},"end":{"line":244,"column":22}}],"line":242},"12":{"loc":{"start":{"line":247,"column":6},"end":{"line":249,"column":18}},"type":"cond-expr","locations":[{"start":{"line":248,"column":10},"end":{"line":248,"column":48}},{"start":{"line":249,"column":10},"end":{"line":249,"column":18}}],"line":247},"13":{"loc":{"start":{"line":247,"column":6},"end":{"line":247,"column":71}},"type":"binary-expr","locations":[{"start":{"line":247,"column":6},"end":{"line":247,"column":20}},{"start":{"line":247,"column":24},"end":{"line":247,"column":71}}],"line":247},"14":{"loc":{"start":{"line":247,"column":26},"end":{"line":247,"column":70}},"type":"binary-expr","locations":[{"start":{"line":247,"column":26},"end":{"line":247,"column":34}},{"start":{"line":247,"column":38},"end":{"line":247,"column":70}}],"line":247},"15":{"loc":{"start":{"line":252,"column":4},"end":{"line":254,"column":5}},"type":"if","locations":[{"start":{"line":252,"column":4},"end":{"line":254,"column":5}},{"start":{},"end":{}}],"line":252},"16":{"loc":{"start":{"line":262,"column":15},"end":{"line":262,"column":44}},"type":"binary-expr","locations":[{"start":{"line":262,"column":15},"end":{"line":262,"column":22}},{"start":{"line":262,"column":26},"end":{"line":262,"column":44}}],"line":262},"17":{"loc":{"start":{"line":509,"column":4},"end":{"line":509,"column":31}},"type":"default-arg","locations":[{"start":{"line":509,"column":20},"end":{"line":509,"column":31}}],"line":509},"18":{"loc":{"start":{"line":511,"column":4},"end":{"line":513,"column":5}},"type":"if","locations":[{"start":{"line":511,"column":4},"end":{"line":513,"column":5}},{"start":{},"end":{}}],"line":511},"19":{"loc":{"start":{"line":537,"column":4},"end":{"line":537,"column":31}},"type":"default-arg","locations":[{"start":{"line":537,"column":20},"end":{"line":537,"column":31}}],"line":537},"20":{"loc":{"start":{"line":545,"column":4},"end":{"line":551,"column":5}},"type":"if","locations":[{"start":{"line":545,"column":4},"end":{"line":551,"column":5}},{"start":{"line":547,"column":11},"end":{"line":551,"column":5}}],"line":545},"21":{"loc":{"start":{"line":548,"column":22},"end":{"line":548,"column":71}},"type":"cond-expr","locations":[{"start":{"line":548,"column":40},"end":{"line":548,"column":67}},{"start":{"line":548,"column":70},"end":{"line":548,"column":71}}],"line":548},"22":{"loc":{"start":{"line":550,"column":24},"end":{"line":550,"column":57}},"type":"cond-expr","locations":[{"start":{"line":550,"column":34},"end":{"line":550,"column":52}},{"start":{"line":550,"column":55},"end":{"line":550,"column":57}}],"line":550},"23":{"loc":{"start":{"line":683,"column":4},"end":{"line":693,"column":5}},"type":"if","locations":[{"start":{"line":683,"column":4},"end":{"line":693,"column":5}},{"start":{"line":685,"column":11},"end":{"line":693,"column":5}}],"line":683},"24":{"loc":{"start":{"line":688,"column":6},"end":{"line":692,"column":7}},"type":"if","locations":[{"start":{"line":688,"column":6},"end":{"line":692,"column":7}},{"start":{"line":690,"column":13},"end":{"line":692,"column":7}}],"line":688}},"s":{"0":1,"1":1,"2":1,"3":0,"4":1,"5":1,"6":0,"7":0,"8":0,"9":0,"10":1,"11":4,"12":4,"13":4,"14":0,"15":0,"16":0,"17":0,"18":0,"19":0,"20":0,"21":4,"22":1,"23":2,"24":1,"25":1,"26":0,"27":0,"28":0,"29":0,"30":0,"31":0,"32":0,"33":0,"34":0,"35":0,"36":1,"37":1,"38":1,"39":1,"40":1,"41":1,"42":1,"43":1,"44":0,"45":0,"46":0,"47":0,"48":0,"49":0,"50":0,"51":0,"52":0,"53":0,"54":0,"55":0,"56":0,"57":0,"58":0,"59":0,"60":0,"61":0,"62":0,"63":0,"64":0,"65":0,"66":0,"67":0,"68":0,"69":0,"70":0,"71":0,"72":0,"73":0,"74":0,"75":0,"76":0,"77":0,"78":0,"79":0,"80":0,"81":0,"82":0,"83":0,"84":0,"85":0,"86":0,"87":0,"88":0,"89":0,"90":0},"f":{"0":0,"1":0,"2":0,"3":0,"4":1,"5":4,"6":0,"7":0,"8":0,"9":0,"10":4,"11":1,"12":2,"13":0,"14":0,"15":0,"16":1,"17":0,"18":0,"19":0,"20":0,"21":0,"22":0,"23":0,"24":0,"25":0,"26":0,"27":0,"28":0,"29":0,"30":0,"31":0,"32":0,"33":0,"34":0,"35":0,"36":0,"37":0,"38":0,"39":0,"40":0,"41":0},"b":{"0":[1,0],"1":[1,0],"2":[1,0],"3":[0,0,0],"4":[0,4],"5":[4,4],"6":[1,1],"7":[0,0],"8":[0,0],"9":[0,0],"10":[1],"11":[1,0],"12":[1,0],"13":[1,1],"14":[1,0],"15":[1,0],"16":[1,1],"17":[0],"18":[0,0],"19":[0],"20":[0,0],"21":[0,0],"22":[0,0],"23":[0,0],"24":[0,0]},"_coverageSchema":"1a1c01bbd47fc00a2c39e90264f33305004495a9","hash":"ed80b2b3dd99baa4e11a8f5a5e2e001b1c8640b0"}
,"/home/runner/work/nightingale/nightingale/packages/nightingale-logger/src/inspectValue.ts": {"path":"/home/runner/work/nightingale/nightingale/packages/nightingale-logger/src/inspectValue.ts","statementMap":{"0":{"start":{"line":1,"column":28},"end":{"line":3,"column":1}},"1":{"start":{"line":2,"column":2},"end":{"line":2,"column":71}}},"fnMap":{"0":{"name":"(anonymous_0)","decl":{"start":{"line":1,"column":28},"end":{"line":1,"column":29}},"loc":{"start":{"line":1,"column":56},"end":{"line":3,"column":1}},"line":1}},"branchMap":{},"s":{"0":1,"1":0},"f":{"0":0},"b":{},"_coverageSchema":"1a1c01bbd47fc00a2c39e90264f33305004495a9","hash":"9774b22931c22dcc1417f5a5ac0ba826bf3ab708"}
,"/home/runner/work/nightingale/nightingale/packages/nightingale-slack/src/createBody.ts": {"path":"/home/runner/work/nightingale/nightingale/packages/nightingale-slack/src/createBody.ts","statementMap":{"0":{"start":{"line":6,"column":50},"end":{"line":15,"column":1}},"1":{"start":{"line":21,"column":19},"end":{"line":21,"column":51}},"2":{"start":{"line":22,"column":14},"end":{"line":22,"column":41}},"3":{"start":{"line":24,"column":2},"end":{"line":38,"column":4}}},"fnMap":{"0":{"name":"createBody","decl":{"start":{"line":17,"column":24},"end":{"line":17,"column":34}},"loc":{"start":{"line":20,"column":27},"end":{"line":39,"column":1}},"line":20}},"branchMap":{},"s":{"0":1,"1":5,"2":5,"3":5},"f":{"0":5},"b":{},"_coverageSchema":"1a1c01bbd47fc00a2c39e90264f33305004495a9","hash":"b093eefc0dcc3058a626a560eb291b3a347517ff"}
,"/home/runner/work/nightingale/nightingale/packages/nightingale/dist/index-node20.mjs": {"path":"/home/runner/work/nightingale/nightingale/packages/nightingale/dist/index-node20.mjs","statementMap":{"0":{"start":{"line":7,"column":23},"end":{"line":7,"column":70}},"1":{"start":{"line":8,"column":0},"end":{"line":10,"column":1}},"2":{"start":{"line":9,"column":2},"end":{"line":9,"column":55}},"3":{"start":{"line":11,"column":0},"end":{"line":18,"column":1}},"4":{"start":{"line":12,"column":2},"end":{"line":12,"column":43}},"5":{"start":{"line":13,"column":2},"end":{"line":13,"column":76}},"6":{"start":{"line":14,"column":2},"end":{"line":17,"column":4}},"7":{"start":{"line":20,"column":2},"end":{"line":20,"column":56}},"8":{"start":{"line":23,"column":2},"end":{"line":36,"column":3}},"9":{"start":{"line":24,"column":4},"end":{"line":26,"column":5}},"10":{"start":{"line":25,"column":6},"end":{"line":25,"column":73}},"11":{"start":{"line":27,"column":4},"end":{"line":29,"column":5}},"12":{"start":{"line":28,"column":6},"end":{"line":28,"column":70}},"13":{"start":{"line":30,"column":9},"end":{"line":36,"column":3}},"14":{"start":{"line":31,"column":4},"end":{"line":33,"column":5}},"15":{"start":{"line":32,"column":6},"end":{"line":32,"column":73}},"16":{"start":{"line":34,"column":4},"end":{"line":34,"column":31}},"17":{"start":{"line":35,"column":4},"end":{"line":35,"column":22}},"18":{"start":{"line":37,"column":2},"end":{"line":43,"column":3}},"19":{"start":{"line":38,"column":4},"end":{"line":40,"column":5}},"20":{"start":{"line":39,"column":6},"end":{"line":39,"column":78}},"21":{"start":{"line":41,"column":4},"end":{"line":41,"column":39}},"22":{"start":{"line":42,"column":4},"end":{"line":42,"column":26}},"23":{"start":{"line":44,"column":2},"end":{"line":52,"column":3}},"24":{"start":{"line":45,"column":4},"end":{"line":49,"column":5}},"25":{"start":{"line":46,"column":6},"end":{"line":48,"column":8}},"26":{"start":{"line":50,"column":4},"end":{"line":50,"column":43}},"27":{"start":{"line":51,"column":4},"end":{"line":51,"column":28}},"28":{"start":{"line":53,"column":2},"end":{"line":53,"column":16}},"29":{"start":{"line":56,"column":2},"end":{"line":58,"column":3}},"30":{"start":{"line":57,"column":4},"end":{"line":57,"column":59}},"31":{"start":{"line":59,"column":2},"end":{"line":59,"column":15}},"32":{"start":{"line":60,"column":2},"end":{"line":60,"column":65}},"33":{"start":{"line":63,"column":2},"end":{"line":63,"column":32}},"34":{"start":{"line":64,"column":2},"end":{"line":64,"column":76}},"35":{"start":{"line":65,"column":2},"end":{"line":65,"column":15}},"36":{"start":{"line":67,"column":23},"end":{"line":71,"column":1}},"37":{"start":{"line":67,"column":32},"end":{"line":71,"column":1}},"38":{"start":{"line":68,"column":2},"end":{"line":68,"column":52}},"39":{"start":{"line":68,"column":19},"end":{"line":68,"column":52}},"40":{"start":{"line":69,"column":2},"end":{"line":69,"column":54}},"41":{"start":{"line":69,"column":22},"end":{"line":69,"column":54}},"42":{"start":{"line":70,"column":2},"end":{"line":70,"column":14}},"43":{"start":{"line":72,"column":0},"end":{"line":89,"column":2}},"44":{"start":{"line":73,"column":22},"end":{"line":73,"column":67}},"45":{"start":{"line":74,"column":24},"end":{"line":74,"column":44}},"46":{"start":{"line":75,"column":2},"end":{"line":77,"column":3}},"47":{"start":{"line":76,"column":4},"end":{"line":76,"column":25}},"48":{"start":{"line":78,"column":23},"end":{"line":81,"column":3}},"49":{"start":{"line":82,"column":2},"end":{"line":86,"column":5}},"50":{"start":{"line":83,"column":4},"end":{"line":83,"column":72}},"51":{"start":{"line":83,"column":25},"end":{"line":83,"column":72}},"52":{"start":{"line":84,"column":4},"end":{"line":84,"column":78}},"53":{"start":{"line":84,"column":27},"end":{"line":84,"column":78}},"54":{"start":{"line":85,"column":4},"end":{"line":85,"column":23}},"55":{"start":{"line":87,"column":2},"end":{"line":87,"column":37}},"56":{"start":{"line":88,"column":2},"end":{"line":88,"column":22}},"57":{"start":{"line":90,"column":0},"end":{"line":100,"column":1}},"58":{"start":{"line":91,"column":2},"end":{"line":99,"column":4}},"59":{"start":{"line":92,"column":37},"end":{"line":92,"column":92}},"60":{"start":{"line":93,"column":4},"end":{"line":98,"column":6}},"61":{"start":{"line":95,"column":21},"end":{"line":95,"column":105}},"62":{"start":{"line":102,"column":22},"end":{"line":111,"column":1}},"63":{"start":{"line":113,"column":22},"end":{"line":122,"column":1}},"64":{"start":{"line":124,"column":24},"end":{"line":126,"column":1}},"65":{"start":{"line":128,"column":35},"end":{"line":166,"column":1}},"66":{"start":{"line":167,"column":34},"end":{"line":174,"column":1}},"67":{"start":{"line":176,"column":21},"end":{"line":188,"column":1}},"68":{"start":{"line":190,"column":18},"end":{"line":190,"column":42}},"69":{"start":{"line":190,"column":37},"end":{"line":190,"column":42}},"70":{"start":{"line":192,"column":2},"end":{"line":196,"column":3}},"71":{"start":{"line":193,"column":4},"end":{"line":193,"column":53}},"72":{"start":{"line":195,"column":4},"end":{"line":195,"column":24}},"73":{"start":{"line":198,"column":30},"end":{"line":201,"column":2}},"74":{"start":{"line":198,"column":42},"end":{"line":201,"column":1}},"75":{"start":{"line":202,"column":25},"end":{"line":202,"column":28}},"76":{"start":{"line":203,"column":27},"end":{"line":211,"column":1}},"77":{"start":{"line":204,"column":15},"end":{"line":204,"column":17}},"78":{"start":{"line":205,"column":10},"end":{"line":205,"column":32}},"79":{"start":{"line":206,"column":16},"end":{"line":206,"column":55}},"80":{"start":{"line":207,"column":2},"end":{"line":209,"column":3}},"81":{"start":{"line":208,"column":4},"end":{"line":208,"column":78}},"82":{"start":{"line":210,"column":2},"end":{"line":210,"column":100}},"83":{"start":{"line":212,"column":34},"end":{"line":219,"column":1}},"84":{"start":{"line":213,"column":15},"end":{"line":213,"column":17}},"85":{"start":{"line":214,"column":10},"end":{"line":214,"column":11}},"86":{"start":{"line":215,"column":2},"end":{"line":217,"column":3}},"87":{"start":{"line":216,"column":4},"end":{"line":216,"column":70}},"88":{"start":{"line":218,"column":2},"end":{"line":218,"column":76}},"89":{"start":{"line":220,"column":26},"end":{"line":246,"column":1}},"90":{"start":{"line":221,"column":2},"end":{"line":223,"column":3}},"91":{"start":{"line":222,"column":4},"end":{"line":222,"column":17}},"92":{"start":{"line":224,"column":2},"end":{"line":226,"column":3}},"93":{"start":{"line":225,"column":4},"end":{"line":225,"column":23}},"94":{"start":{"line":227,"column":2},"end":{"line":229,"column":3}},"95":{"start":{"line":228,"column":4},"end":{"line":228,"column":23}},"96":{"start":{"line":230,"column":2},"end":{"line":232,"column":3}},"97":{"start":{"line":231,"column":4},"end":{"line":231,"column":21}},"98":{"start":{"line":233,"column":2},"end":{"line":235,"column":3}},"99":{"start":{"line":234,"column":4},"end":{"line":234,"column":16}},"100":{"start":{"line":236,"column":18},"end":{"line":236,"column":35}},"101":{"start":{"line":237,"column":26},"end":{"line":237,"column":44}},"102":{"start":{"line":238,"column":2},"end":{"line":245,"column":3}},"103":{"start":{"line":239,"column":4},"end":{"line":241,"column":5}},"104":{"start":{"line":240,"column":6},"end":{"line":240,"column":29}},"105":{"start":{"line":242,"column":4},"end":{"line":242,"column":47}},"106":{"start":{"line":244,"column":4},"end":{"line":244,"column":130}},"107":{"start":{"line":248,"column":22},"end":{"line":248,"column":34}},"108":{"start":{"line":249,"column":2},"end":{"line":288,"column":3}},"109":{"start":{"line":250,"column":4},"end":{"line":287,"column":5}},"110":{"start":{"line":251,"column":6},"end":{"line":251,"column":24}},"111":{"start":{"line":253,"column":6},"end":{"line":286,"column":7}},"112":{"start":{"line":255,"column":10},"end":{"line":255,"column":39}},"113":{"start":{"line":256,"column":10},"end":{"line":256,"column":16}},"114":{"start":{"line":258,"column":10},"end":{"line":258,"column":40}},"115":{"start":{"line":259,"column":10},"end":{"line":259,"column":16}},"116":{"start":{"line":261,"column":10},"end":{"line":261,"column":42}},"117":{"start":{"line":262,"column":10},"end":{"line":262,"column":16}},"118":{"start":{"line":264,"column":10},"end":{"line":264,"column":39}},"119":{"start":{"line":265,"column":10},"end":{"line":265,"column":16}},"120":{"start":{"line":267,"column":10},"end":{"line":267,"column":39}},"121":{"start":{"line":268,"column":10},"end":{"line":268,"column":16}},"122":{"start":{"line":270,"column":10},"end":{"line":270,"column":39}},"123":{"start":{"line":271,"column":10},"end":{"line":271,"column":16}},"124":{"start":{"line":273,"column":10},"end":{"line":275,"column":11}},"125":{"start":{"line":274,"column":12},"end":{"line":274,"column":39}},"126":{"start":{"line":276,"column":10},"end":{"line":278,"column":11}},"127":{"start":{"line":277,"column":12},"end":{"line":277,"column":41}},"128":{"start":{"line":279,"column":10},"end":{"line":281,"column":11}},"129":{"start":{"line":280,"column":12},"end":{"line":280,"column":40}},"130":{"start":{"line":282,"column":10},"end":{"line":282,"column":16}},"131":{"start":{"line":284,"column":10},"end":{"line":284,"column":41}},"132":{"start":{"line":285,"column":10},"end":{"line":285,"column":16}},"133":{"start":{"line":290,"column":2},"end":{"line":369,"column":3}},"134":{"start":{"line":291,"column":4},"end":{"line":291,"column":25}},"135":{"start":{"line":292,"column":9},"end":{"line":369,"column":3}},"136":{"start":{"line":293,"column":4},"end":{"line":293,"column":30}},"137":{"start":{"line":294,"column":9},"end":{"line":369,"column":3}},"138":{"start":{"line":295,"column":4},"end":{"line":295,"column":43}},"139":{"start":{"line":296,"column":9},"end":{"line":369,"column":3}},"140":{"start":{"line":297,"column":4},"end":{"line":297,"column":35}},"141":{"start":{"line":298,"column":9},"end":{"line":369,"column":3}},"142":{"start":{"line":299,"column":4},"end":{"line":313,"column":5}},"143":{"start":{"line":300,"column":6},"end":{"line":300,"column":34}},"144":{"start":{"line":302,"column":6},"end":{"line":312,"column":8}},"145":{"start":{"line":314,"column":9},"end":{"line":369,"column":3}},"146":{"start":{"line":315,"column":4},"end":{"line":324,"column":5}},"147":{"start":{"line":316,"column":6},"end":{"line":316,"column":33}},"148":{"start":{"line":318,"column":6},"end":{"line":323,"column":9}},"149":{"start":{"line":325,"column":9},"end":{"line":369,"column":3}},"150":{"start":{"line":326,"column":18},"end":{"line":326,"column":29}},"151":{"start":{"line":327,"column":4},"end":{"line":328,"column":16}},"152":{"start":{"line":329,"column":9},"end":{"line":369,"column":3}},"153":{"start":{"line":330,"column":17},"end":{"line":330,"column":39}},"154":{"start":{"line":331,"column":4},"end":{"line":340,"column":5}},"155":{"start":{"line":332,"column":6},"end":{"line":332,"column":35}},"156":{"start":{"line":334,"column":6},"end":{"line":339,"column":9}},"157":{"start":{"line":341,"column":9},"end":{"line":369,"column":3}},"158":{"start":{"line":342,"column":4},"end":{"line":342,"column":50}},"159":{"start":{"line":343,"column":9},"end":{"line":369,"column":3}},"160":{"start":{"line":344,"column":4},"end":{"line":344,"column":35}},"161":{"start":{"line":345,"column":9},"end":{"line":369,"column":3}},"162":{"start":{"line":346,"column":17},"end":{"line":346,"column":39}},"163":{"start":{"line":347,"column":4},"end":{"line":356,"column":5}},"164":{"start":{"line":348,"column":6},"end":{"line":348,"column":35}},"165":{"start":{"line":350,"column":6},"end":{"line":355,"column":9}},"166":{"start":{"line":357,"column":9},"end":{"line":369,"column":3}},"167":{"start":{"line":358,"column":4},"end":{"line":358,"column":33}},"168":{"start":{"line":359,"column":9},"end":{"line":369,"column":3}},"169":{"start":{"line":360,"column":4},"end":{"line":360,"column":33}},"170":{"start":{"line":361,"column":9},"end":{"line":369,"column":3}},"171":{"start":{"line":362,"column":4},"end":{"line":362,"column":51}},"172":{"start":{"line":363,"column":9},"end":{"line":369,"column":3}},"173":{"start":{"line":364,"column":4},"end":{"line":364,"column":50}},"174":{"start":{"line":365,"column":9},"end":{"line":369,"column":3}},"175":{"start":{"line":366,"column":4},"end":{"line":366,"column":46}},"176":{"start":{"line":368,"column":4},"end":{"line":368,"column":38}},"177":{"start":{"line":370,"column":25},"end":{"line":370,"column":53}},"178":{"start":{"line":371,"column":2},"end":{"line":374,"column":4}},"179":{"start":{"line":376,"column":18},"end":{"line":376,"column":21}},"180":{"start":{"line":377,"column":26},"end":{"line":382,"column":1}},"181":{"start":{"line":378,"column":2},"end":{"line":381,"column":4}},"182":{"start":{"line":383,"column":22},"end":{"line":385,"column":1}},"183":{"start":{"line":384,"column":2},"end":{"line":384,"column":45}},"184":{"start":{"line":386,"column":29},"end":{"line":397,"column":1}},"185":{"start":{"line":387,"column":42},"end":{"line":392,"column":3}},"186":{"start":{"line":393,"column":2},"end":{"line":396,"column":4}},"187":{"start":{"line":398,"column":31},"end":{"line":451,"column":1}},"188":{"start":{"line":404,"column":18},"end":{"line":404,"column":23}},"189":{"start":{"line":405,"column":29},"end":{"line":405,"column":63}},"190":{"start":{"line":405,"column":35},"end":{"line":405,"column":63}},"191":{"start":{"line":406,"column":25},"end":{"line":406,"column":42}},"192":{"start":{"line":407,"column":26},"end":{"line":440,"column":3}},"193":{"start":{"line":409,"column":24},"end":{"line":409,"column":33}},"194":{"start":{"line":410,"column":35},"end":{"line":415,"column":7}},"195":{"start":{"line":416,"column":42},"end":{"line":420,"column":7}},"196":{"start":{"line":421,"column":44},"end":{"line":426,"column":7}},"197":{"start":{"line":427,"column":6},"end":{"line":433,"column":7}},"198":{"start":{"line":428,"column":8},"end":{"line":428,"column":25}},"199":{"start":{"line":429,"column":8},"end":{"line":430,"column":13}},"200":{"start":{"line":431,"column":8},"end":{"line":432,"column":13}},"201":{"start":{"line":434,"column":6},"end":{"line":438,"column":8}},"202":{"start":{"line":441,"column":2},"end":{"line":450,"column":4}},"203":{"start":{"line":443,"column":25},"end":{"line":444,"column":27}},"204":{"start":{"line":444,"column":38},"end":{"line":444,"column":52}},"205":{"start":{"line":447,"column":25},"end":{"line":448,"column":30}},"206":{"start":{"line":448,"column":40},"end":{"line":448,"column":56}},"207":{"start":{"line":453,"column":2},"end":{"line":455,"column":3}},"208":{"start":{"line":454,"column":4},"end":{"line":454,"column":54}},"209":{"start":{"line":456,"column":15},"end":{"line":456,"column":34}},"210":{"start":{"line":457,"column":2},"end":{"line":459,"column":3}},"211":{"start":{"line":458,"column":4},"end":{"line":458,"column":39}},"212":{"start":{"line":460,"column":2},"end":{"line":460,"column":22}},"213":{"start":{"line":461,"column":17},"end":{"line":467,"column":3}},"214":{"start":{"line":462,"column":23},"end":{"line":462,"column":50}},"215":{"start":{"line":468,"column":2},"end":{"line":468,"column":25}},"216":{"start":{"line":469,"column":2},"end":{"line":469,"column":16}},"217":{"start":{"line":472,"column":2},"end":{"line":474,"column":3}},"218":{"start":{"line":473,"column":4},"end":{"line":473,"column":55}},"219":{"start":{"line":475,"column":15},"end":{"line":475,"column":30}},"220":{"start":{"line":476,"column":2},"end":{"line":478,"column":3}},"221":{"start":{"line":477,"column":4},"end":{"line":477,"column":47}},"222":{"start":{"line":479,"column":2},"end":{"line":479,"column":19}},"223":{"start":{"line":480,"column":17},"end":{"line":486,"column":3}},"224":{"start":{"line":481,"column":23},"end":{"line":481,"column":51}},"225":{"start":{"line":487,"column":2},"end":{"line":487,"column":22}},"226":{"start":{"line":488,"column":2},"end":{"line":488,"column":16}},"227":{"start":{"line":491,"column":2},"end":{"line":493,"column":3}},"228":{"start":{"line":492,"column":4},"end":{"line":492,"column":53}},"229":{"start":{"line":494,"column":2},"end":{"line":496,"column":3}},"230":{"start":{"line":495,"column":4},"end":{"line":495,"column":39}},"231":{"start":{"line":497,"column":2},"end":{"line":497,"column":21}},"232":{"start":{"line":498,"column":17},"end":{"line":509,"column":3}},"233":{"start":{"line":499,"column":26},"end":{"line":499,"column":48}},"234":{"start":{"line":510,"column":2},"end":{"line":510,"column":24}},"235":{"start":{"line":511,"column":2},"end":{"line":511,"column":16}},"236":{"start":{"line":514,"column":2},"end":{"line":516,"column":3}},"237":{"start":{"line":515,"column":4},"end":{"line":515,"column":55}},"238":{"start":{"line":517,"column":17},"end":{"line":517,"column":34}},"239":{"start":{"line":518,"column":2},"end":{"line":520,"column":3}},"240":{"start":{"line":519,"column":4},"end":{"line":519,"column":47}},"241":{"start":{"line":521,"column":2},"end":{"line":521,"column":19}},"242":{"start":{"line":522,"column":17},"end":{"line":528,"column":3}},"243":{"start":{"line":523,"column":27},"end":{"line":523,"column":49}},"244":{"start":{"line":529,"column":2},"end":{"line":529,"column":22}},"245":{"start":{"line":530,"column":2},"end":{"line":530,"column":16}},"246":{"start":{"line":533,"column":37},"end":{"line":543,"column":3}},"247":{"start":{"line":544,"column":2},"end":{"line":546,"column":3}},"248":{"start":{"line":545,"column":4},"end":{"line":545,"column":14}},"249":{"start":{"line":547,"column":2},"end":{"line":547,"column":16}},"250":{"start":{"line":551,"column":16},"end":{"line":551,"column":18}},"251":{"start":{"line":552,"column":2},"end":{"line":556,"column":3}},"252":{"start":{"line":553,"column":4},"end":{"line":553,"column":51}},"253":{"start":{"line":554,"column":9},"end":{"line":556,"column":3}},"254":{"start":{"line":555,"column":4},"end":{"line":555,"column":43}},"255":{"start":{"line":557,"column":2},"end":{"line":561,"column":3}},"256":{"start":{"line":558,"column":4},"end":{"line":560,"column":6}},"257":{"start":{"line":562,"column":16},"end":{"line":562,"column":66}},"258":{"start":{"line":563,"column":17},"end":{"line":563,"column":61}},"259":{"start":{"line":564,"column":2},"end":{"line":570,"column":3}},"260":{"start":{"line":565,"column":4},"end":{"line":569,"column":5}},"261":{"start":{"line":566,"column":6},"end":{"line":566,"column":38}},"262":{"start":{"line":568,"column":6},"end":{"line":568,"column":31}},"263":{"start":{"line":571,"column":2},"end":{"line":576,"column":3}},"264":{"start":{"line":572,"column":4},"end":{"line":574,"column":5}},"265":{"start":{"line":573,"column":6},"end":{"line":573,"column":39}},"266":{"start":{"line":575,"column":4},"end":{"line":575,"column":24}},"267":{"start":{"line":577,"column":29},"end":{"line":586,"column":3}},"268":{"start":{"line":578,"column":4},"end":{"line":580,"column":5}},"269":{"start":{"line":579,"column":6},"end":{"line":579,"column":13}},"270":{"start":{"line":581,"column":25},"end":{"line":581,"column":66}},"271":{"start":{"line":582,"column":4},"end":{"line":584,"column":5}},"272":{"start":{"line":583,"column":6},"end":{"line":583,"column":13}},"273":{"start":{"line":585,"column":4},"end":{"line":585,"column":29}},"274":{"start":{"line":587,"column":2},"end":{"line":587,"column":73}},"275":{"start":{"line":588,"column":2},"end":{"line":588,"column":52}},"276":{"start":{"line":589,"column":2},"end":{"line":589,"column":56}},"277":{"start":{"line":590,"column":2},"end":{"line":590,"column":27}},"278":{"start":{"line":593,"column":27},"end":{"line":593,"column":46}},"279":{"start":{"line":594,"column":37},"end":{"line":594,"column":80}},"280":{"start":{"line":594,"column":49},"end":{"line":594,"column":80}},"281":{"start":{"line":594,"column":61},"end":{"line":594,"column":80}},"282":{"start":{"line":595,"column":43},"end":{"line":598,"column":1}},"283":{"start":{"line":596,"column":2},"end":{"line":596,"column":74}},"284":{"start":{"line":596,"column":28},"end":{"line":596,"column":74}},"285":{"start":{"line":597,"column":2},"end":{"line":597,"column":70}},"286":{"start":{"line":599,"column":36},"end":{"line":605,"column":1}},"287":{"start":{"line":600,"column":2},"end":{"line":603,"column":3}},"288":{"start":{"line":601,"column":4},"end":{"line":601,"column":31}},"289":{"start":{"line":602,"column":4},"end":{"line":602,"column":48}},"290":{"start":{"line":602,"column":23},"end":{"line":602,"column":47}},"291":{"start":{"line":604,"column":2},"end":{"line":604,"column":38}},"292":{"start":{"line":604,"column":21},"end":{"line":604,"column":37}},"293":{"start":{"line":607,"column":19},"end":{"line":607,"column":24}},"294":{"start":{"line":608,"column":22},"end":{"line":608,"column":24}},"295":{"start":{"line":609,"column":16},"end":{"line":609,"column":18}},"296":{"start":{"line":610,"column":2},"end":{"line":623,"column":3}},"297":{"start":{"line":611,"column":4},"end":{"line":622,"column":5}},"298":{"start":{"line":612,"column":6},"end":{"line":612,"column":65}},"299":{"start":{"line":613,"column":6},"end":{"line":613,"column":26}},"300":{"start":{"line":614,"column":11},"end":{"line":622,"column":5}},"301":{"start":{"line":615,"column":6},"end":{"line":615,"column":37}},"302":{"start":{"line":616,"column":6},"end":{"line":621,"column":7}},"303":{"start":{"line":617,"column":8},"end":{"line":617,"column":73}},"304":{"start":{"line":618,"column":8},"end":{"line":618,"column":28}},"305":{"start":{"line":620,"column":8},"end":{"line":620,"column":48}},"306":{"start":{"line":624,"column":2},"end":{"line":642,"column":3}},"307":{"start":{"line":625,"column":4},"end":{"line":641,"column":7}},"308":{"start":{"line":626,"column":6},"end":{"line":630,"column":7}},"309":{"start":{"line":627,"column":8},"end":{"line":629,"column":10}},"310":{"start":{"line":631,"column":6},"end":{"line":631,"column":25}},"311":{"start":{"line":631,"column":18},"end":{"line":631,"column":25}},"312":{"start":{"line":632,"column":6},"end":{"line":635,"column":7}},"313":{"start":{"line":633,"column":8},"end":{"line":633,"column":26}},"314":{"start":{"line":634,"column":8},"end":{"line":634,"column":15}},"315":{"start":{"line":636,"column":6},"end":{"line":640,"column":7}},"316":{"start":{"line":637,"column":8},"end":{"line":637,"column":64}},"317":{"start":{"line":638,"column":13},"end":{"line":640,"column":7}},"318":{"start":{"line":639,"column":8},"end":{"line":639,"column":61}},"319":{"start":{"line":643,"column":2},"end":{"line":649,"column":3}},"320":{"start":{"line":644,"column":4},"end":{"line":648,"column":5}},"321":{"start":{"line":645,"column":6},"end":{"line":645,"column":29}},"322":{"start":{"line":645,"column":19},"end":{"line":645,"column":28}},"323":{"start":{"line":647,"column":6},"end":{"line":647,"column":87}},"324":{"start":{"line":647,"column":32},"end":{"line":647,"column":86}},"325":{"start":{"line":647,"column":53},"end":{"line":647,"column":62}},"326":{"start":{"line":650,"column":2},"end":{"line":652,"column":3}},"327":{"start":{"line":651,"column":4},"end":{"line":651,"column":34}},"328":{"start":{"line":651,"column":25},"end":{"line":651,"column":33}},"329":{"start":{"line":653,"column":2},"end":{"line":661,"column":4}},"330":{"start":{"line":654,"column":4},"end":{"line":656,"column":5}},"331":{"start":{"line":655,"column":6},"end":{"line":655,"column":22}},"332":{"start":{"line":657,"column":4},"end":{"line":659,"column":5}},"333":{"start":{"line":657,"column":33},"end":{"line":657,"column":40}},"334":{"start":{"line":658,"column":6},"end":{"line":658,"column":68}},"335":{"start":{"line":658,"column":34},"end":{"line":658,"column":43}},"336":{"start":{"line":660,"column":4},"end":{"line":660,"column":20}},"337":{"start":{"line":665,"column":2},"end":{"line":665,"column":15}},"338":{"start":{"line":667,"column":21},"end":{"line":671,"column":1}},"339":{"start":{"line":669,"column":4},"end":{"line":669,"column":49}},"340":{"start":{"line":674,"column":2},"end":{"line":676,"column":3}},"341":{"start":{"line":675,"column":4},"end":{"line":675,"column":18}},"342":{"start":{"line":677,"column":2},"end":{"line":687,"column":13}},"343":{"start":{"line":678,"column":4},"end":{"line":685,"column":5}},"344":{"start":{"line":680,"column":8},"end":{"line":680,"column":27}},"345":{"start":{"line":682,"column":8},"end":{"line":682,"column":27}},"346":{"start":{"line":684,"column":8},"end":{"line":684,"column":27}},"347":{"start":{"line":686,"column":4},"end":{"line":686,"column":16}},"348":{"start":{"line":689,"column":26},"end":{"line":693,"column":1}},"349":{"start":{"line":691,"column":4},"end":{"line":691,"column":49}},"350":{"start":{"line":696,"column":17},"end":{"line":696,"column":19}},"351":{"start":{"line":697,"column":2},"end":{"line":702,"column":5}},"352":{"start":{"line":698,"column":4},"end":{"line":700,"column":5}},"353":{"start":{"line":699,"column":6},"end":{"line":699,"column":13}},"354":{"start":{"line":701,"column":4},"end":{"line":701,"column":32}},"355":{"start":{"line":703,"column":2},"end":{"line":703,"column":16}},"356":{"start":{"line":706,"column":2},"end":{"line":721,"column":4}},"357":{"start":{"line":709,"column":6},"end":{"line":711,"column":7}},"358":{"start":{"line":710,"column":8},"end":{"line":710,"column":39}},"359":{"start":{"line":712,"column":6},"end":{"line":717,"column":7}},"360":{"start":{"line":713,"column":8},"end":{"line":716,"column":10}},"361":{"start":{"line":718,"column":6},"end":{"line":718,"column":25}},"362":{"start":{"line":723,"column":22},"end":{"line":736,"column":1}},"363":{"start":{"line":725,"column":4},"end":{"line":734,"column":6}},"364":{"start":{"line":738,"column":19},"end":{"line":764,"column":1}},"365":{"start":{"line":766,"column":2},"end":{"line":768,"column":3}},"366":{"start":{"line":767,"column":4},"end":{"line":767,"column":18}},"367":{"start":{"line":769,"column":2},"end":{"line":775,"column":13}},"368":{"start":{"line":770,"column":21},"end":{"line":770,"column":42}},"369":{"start":{"line":771,"column":4},"end":{"line":773,"column":5}},"370":{"start":{"line":772,"column":6},"end":{"line":772,"column":53}},"371":{"start":{"line":774,"column":4},"end":{"line":774,"column":57}},"372":{"start":{"line":777,"column":22},"end":{"line":779,"column":1}},"373":{"start":{"line":778,"column":22},"end":{"line":778,"column":59}},"374":{"start":{"line":782,"column":2},"end":{"line":784,"column":3}},"375":{"start":{"line":783,"column":4},"end":{"line":783,"column":18}},"376":{"start":{"line":785,"column":2},"end":{"line":787,"column":35}},"377":{"start":{"line":786,"column":19},"end":{"line":786,"column":61}},"378":{"start":{"line":789,"column":22},"end":{"line":793,"column":1}},"379":{"start":{"line":791,"column":4},"end":{"line":791,"column":49}},"380":{"start":{"line":795,"column":14},"end":{"line":807,"column":1}},"381":{"start":{"line":795,"column":42},"end":{"line":807,"column":1}},"382":{"start":{"line":796,"column":2},"end":{"line":798,"column":3}},"383":{"start":{"line":797,"column":4},"end":{"line":797,"column":18}},"384":{"start":{"line":799,"column":21},"end":{"line":801,"column":3}},"385":{"start":{"line":800,"column":19},"end":{"line":800,"column":46}},"386":{"start":{"line":802,"column":2},"end":{"line":805,"column":4}},"387":{"start":{"line":803,"column":26},"end":{"line":803,"column":32}},"388":{"start":{"line":804,"column":26},"end":{"line":804,"column":33}},"389":{"start":{"line":806,"column":2},"end":{"line":806,"column":25}},"390":{"start":{"line":810,"column":4},"end":{"line":810,"column":102}},"391":{"start":{"line":813,"column":17},"end":{"line":813,"column":19}},"392":{"start":{"line":814,"column":19},"end":{"line":817,"column":8}},"393":{"start":{"line":818,"column":4},"end":{"line":818,"column":29}},"394":{"start":{"line":823,"column":17},"end":{"line":823,"column":66}},"395":{"start":{"line":824,"column":2},"end":{"line":825,"column":3}},"396":{"start":{"line":830,"column":4},"end":{"line":830,"column":22}},"397":{"start":{"line":831,"column":4},"end":{"line":831,"column":29}},"398":{"start":{"line":834,"column":4},"end":{"line":834,"column":24}},"399":{"start":{"line":837,"column":4},"end":{"line":837,"column":58}},"400":{"start":{"line":842,"column":22},"end":{"line":842,"column":46}},"401":{"start":{"line":845,"column":4},"end":{"line":845,"column":47}},"402":{"start":{"line":847,"column":2},"end":{"line":849,"column":3}},"403":{"start":{"line":848,"column":4},"end":{"line":848,"column":33}},"404":{"start":{"line":850,"column":31},"end":{"line":856,"column":3}},"405":{"start":{"line":857,"column":2},"end":{"line":857,"column":91}},"406":{"start":{"line":859,"column":25},"end":{"line":859,"column":97}},"407":{"start":{"line":859,"column":44},"end":{"line":859,"column":97}},"408":{"start":{"line":860,"column":24},"end":{"line":869,"column":1}},"409":{"start":{"line":861,"column":2},"end":{"line":867,"column":3}},"410":{"start":{"line":862,"column":33},"end":{"line":862,"column":74}},"411":{"start":{"line":863,"column":4},"end":{"line":865,"column":5}},"412":{"start":{"line":864,"column":6},"end":{"line":864,"column":34}},"413":{"start":{"line":868,"column":2},"end":{"line":868,"column":17}},"414":{"start":{"line":870,"column":22},"end":{"line":875,"column":1}},"415":{"start":{"line":871,"column":34},"end":{"line":871,"column":68}},"416":{"start":{"line":872,"column":2},"end":{"line":874,"column":4}},"417":{"start":{"line":873,"column":4},"end":{"line":873,"column":66}},"418":{"start":{"line":878,"column":4},"end":{"line":878,"column":22}},"419":{"start":{"line":879,"column":4},"end":{"line":879,"column":79}},"420":{"start":{"line":879,"column":38},"end":{"line":879,"column":78}},"421":{"start":{"line":880,"column":4},"end":{"line":880,"column":47}},"422":{"start":{"line":884,"column":25},"end":{"line":884,"column":148}},"423":{"start":{"line":886,"column":23},"end":{"line":890,"column":1}},"424":{"start":{"line":887,"column":2},"end":{"line":889,"column":4}},"425":{"start":{"line":888,"column":4},"end":{"line":888,"column":38}},"426":{"start":{"line":891,"column":25},"end":{"line":891,"column":64}},"427":{"start":{"line":894,"column":4},"end":{"line":894,"column":30}},"428":{"start":{"line":895,"column":4},"end":{"line":895,"column":29}},"429":{"start":{"line":896,"column":4},"end":{"line":896,"column":79}},"430":{"start":{"line":896,"column":38},"end":{"line":896,"column":78}},"431":{"start":{"line":897,"column":4},"end":{"line":897,"column":68}},"432":{"start":{"line":902,"column":2},"end":{"line":902,"column":67}},"433":{"start":{"line":905,"column":21},"end":{"line":918,"column":1}},"434":{"start":{"line":909,"column":20},"end":{"line":913,"column":6}},"435":{"start":{"line":910,"column":4},"end":{"line":910,"column":42}},"436":{"start":{"line":910,"column":14},"end":{"line":910,"column":42}},"437":{"start":{"line":911,"column":4},"end":{"line":911,"column":44}},"438":{"start":{"line":911,"column":17},"end":{"line":911,"column":44}},"439":{"start":{"line":912,"column":4},"end":{"line":912,"column":32}},"440":{"start":{"line":914,"column":17},"end":{"line":914,"column":56}},"441":{"start":{"line":915,"column":2},"end":{"line":917,"column":4}},"442":{"start":{"line":916,"column":4},"end":{"line":916,"column":38}},"443":{"start":{"line":919,"column":23},"end":{"line":919,"column":62}},"444":{"start":{"line":922,"column":4},"end":{"line":922,"column":30}},"445":{"start":{"line":923,"column":4},"end":{"line":923,"column":29}},"446":{"start":{"line":924,"column":4},"end":{"line":924,"column":77}},"447":{"start":{"line":924,"column":38},"end":{"line":924,"column":76}},"448":{"start":{"line":925,"column":4},"end":{"line":925,"column":40}},"449":{"start":{"line":931,"column":4},"end":{"line":931,"column":28}},"450":{"start":{"line":932,"column":4},"end":{"line":932,"column":25}},"451":{"start":{"line":933,"column":4},"end":{"line":933,"column":77}},"452":{"start":{"line":934,"column":4},"end":{"line":934,"column":39}},"453":{"start":{"line":935,"column":4},"end":{"line":935,"column":21}},"454":{"start":{"line":938,"column":4},"end":{"line":941,"column":6}},"455":{"start":{"line":944,"column":4},"end":{"line":946,"column":5}},"456":{"start":{"line":945,"column":6},"end":{"line":945,"column":48}},"457":{"start":{"line":949,"column":4},"end":{"line":951,"column":5}},"458":{"start":{"line":950,"column":6},"end":{"line":950,"column":43}},"459":{"start":{"line":954,"column":4},"end":{"line":956,"column":5}},"460":{"start":{"line":955,"column":6},"end":{"line":955,"column":44}},"461":{"start":{"line":959,"column":4},"end":{"line":961,"column":5}},"462":{"start":{"line":960,"column":6},"end":{"line":960,"column":42}},"463":{"start":{"line":964,"column":4},"end":{"line":966,"column":5}},"464":{"start":{"line":965,"column":6},"end":{"line":965,"column":42}},"465":{"start":{"line":969,"column":4},"end":{"line":982,"column":5}},"466":{"start":{"line":970,"column":6},"end":{"line":970,"column":18}},"467":{"start":{"line":972,"column":6},"end":{"line":972,"column":26}},"468":{"start":{"line":973,"column":21},"end":{"line":973,"column":25}},"469":{"start":{"line":974,"column":6},"end":{"line":981,"column":7}},"470":{"start":{"line":975,"column":8},"end":{"line":977,"column":11}},"471":{"start":{"line":976,"column":10},"end":{"line":976,"column":29}},"472":{"start":{"line":979,"column":8},"end":{"line":979,"column":27}},"473":{"start":{"line":980,"column":8},"end":{"line":980,"column":22}},"474":{"start":{"line":985,"column":4},"end":{"line":985,"column":18}},"475":{"start":{"line":993,"column":2},"end":{"line":998,"column":5}},"476":{"start":{"line":994,"column":4},"end":{"line":997,"column":7}},"477":{"start":{
[...]
:13,"column":16},"end":{"line":13,"column":30}},"loc":{"start":{"line":13,"column":41},"end":{"line":36,"column":1}},"line":13},"1":{"name":"(anonymous_1)","decl":{"start":{"line":39,"column":23},"end":{"line":39,"column":24}},"loc":{"start":{"line":40,"column":2},"end":{"line":40,"column":55}},"line":40},"2":{"name":"(anonymous_2)","decl":{"start":{"line":44,"column":24},"end":{"line":44,"column":25}},"loc":{"start":{"line":44,"column":37},"end":{"line":52,"column":1}},"line":44},"3":{"name":"(anonymous_3)","decl":{"start":{"line":54,"column":22},"end":{"line":54,"column":23}},"loc":{"start":{"line":54,"column":68},"end":{"line":59,"column":1}},"line":54},"4":{"name":"(anonymous_4)","decl":{"start":{"line":56,"column":9},"end":{"line":56,"column":10}},"loc":{"start":{"line":56,"column":55},"end":{"line":58,"column":3}},"line":56},"5":{"name":"(anonymous_5)","decl":{"start":{"line":72,"column":2},"end":{"line":72,"column":3}},"loc":{"start":{"line":72,"column":75},"end":{"line":77,"column":3}},"line":72},"6":{"name":"(anonymous_6)","decl":{"start":{"line":73,"column":22},"end":{"line":73,"column":23}},"loc":{"start":{"line":74,"column":6},"end":{"line":74,"column":44}},"line":74}},"branchMap":{"0":{"loc":{"start":{"line":17,"column":4},"end":{"line":17,"column":47}},"type":"binary-expr","locations":[{"start":{"line":17,"column":4},"end":{"line":17,"column":41}},{"start":{"line":17,"column":45},"end":{"line":17,"column":47}}],"line":17},"1":{"loc":{"start":{"line":19,"column":2},"end":{"line":21,"column":3}},"type":"if","locations":[{"start":{"line":19,"column":2},"end":{"line":21,"column":3}},{"start":{},"end":{}}],"line":19},"2":{"loc":{"start":{"line":33,"column":5},"end":{"line":33,"column":61}},"type":"cond-expr","locations":[{"start":{"line":33,"column":29},"end":{"line":33,"column":56}},{"start":{"line":33,"column":59},"end":{"line":33,"column":61}}],"line":33},"3":{"loc":{"start":{"line":47,"column":4},"end":{"line":49,"column":5}},"type":"if","locations":[{"start":{"line":47,"column":4},"end":{"line":49,"column":5}},{"start":{},"end":{}}],"line":47},"4":{"loc":{"start":{"line":47,"column":8},"end":{"line":47,"column":63}},"type":"binary-expr","locations":[{"start":{"line":47,"column":8},"end":{"line":47,"column":28}},{"start":{"line":47,"column":32},"end":{"line":47,"column":63}}],"line":47},"5":{"loc":{"start":{"line":54,"column":23},"end":{"line":54,"column":55}},"type":"default-arg","locations":[{"start":{"line":54,"column":38},"end":{"line":54,"column":55}}],"line":54},"6":{"loc":{"start":{"line":72,"column":31},"end":{"line":72,"column":73}},"type":"default-arg","locations":[{"start":{"line":72,"column":71},"end":{"line":72,"column":73}}],"line":72}},"s":{"0":0,"1":0,"2":0,"3":0,"4":0,"5":0,"6":1,"7":0,"8":1,"9":0,"10":0,"11":0,"12":0,"13":0,"14":1,"15":0,"16":0,"17":0,"18":0,"19":0,"20":0,"21":0},"f":{"0":0,"1":0,"2":0,"3":0,"4":0,"5":0,"6":0},"b":{"0":[0,0],"1":[0,0],"2":[0,0],"3":[0,0],"4":[0,0],"5":[0],"6":[0]},"_coverageSchema":"1a1c01bbd47fc00a2c39e90264f33305004495a9","hash":"69ab2aa2754ba2964effded2131f784c84e562fe"}
,"/home/runner/work/nightingale/nightingale/packages/nightingale/src/handlers/ConsoleCLIHandler.ts": {"path":"/home/runner/work/nightingale/nightingale/packages/nightingale/src/handlers/ConsoleCLIHandler.ts","statementMap":{"0":{"start":{"line":16,"column":21},"end":{"line":29,"column":1}},"1":{"start":{"line":20,"column":20},"end":{"line":24,"column":6}},"2":{"start":{"line":21,"column":4},"end":{"line":21,"column":42}},"3":{"start":{"line":21,"column":14},"end":{"line":21,"column":42}},"4":{"start":{"line":22,"column":4},"end":{"line":22,"column":44}},"5":{"start":{"line":22,"column":17},"end":{"line":22,"column":44}},"6":{"start":{"line":23,"column":4},"end":{"line":23,"column":32}},"7":{"start":{"line":25,"column":17},"end":{"line":25,"column":56}},"8":{"start":{"line":26,"column":2},"end":{"line":28,"column":4}},"9":{"start":{"line":27,"column":4},"end":{"line":27,"column":38}},"10":{"start":{"line":30,"column":23},"end":{"line":30,"column":62}},"11":{"start":{"line":38,"column":20},"end":{"line":38,"column":29}},"12":{"start":{"line":45,"column":4},"end":{"line":45,"column":29}},"13":{"start":{"line":46,"column":4},"end":{"line":47,"column":45}},"14":{"start":{"line":47,"column":6},"end":{"line":47,"column":44}},"15":{"start":{"line":48,"column":4},"end":{"line":48,"column":40}}},"fnMap":{"0":{"name":"(anonymous_0)","decl":{"start":{"line":16,"column":21},"end":{"line":16,"column":22}},"loc":{"start":{"line":19,"column":40},"end":{"line":29,"column":1}},"line":19},"1":{"name":"(anonymous_1)","decl":{"start":{"line":20,"column":21},"end":{"line":20,"column":22}},"loc":{"start":{"line":20,"column":27},"end":{"line":24,"column":3}},"line":20},"2":{"name":"(anonymous_2)","decl":{"start":{"line":26,"column":9},"end":{"line":26,"column":10}},"loc":{"start":{"line":26,"column":61},"end":{"line":28,"column":3}},"line":26},"3":{"name":"(anonymous_3)","decl":{"start":{"line":44,"column":2},"end":{"line":44,"column":3}},"loc":{"start":{"line":44,"column":71},"end":{"line":49,"column":3}},"line":44},"4":{"name":"(anonymous_4)","decl":{"start":{"line":46,"column":22},"end":{"line":46,"column":23}},"loc":{"start":{"line":47,"column":6},"end":{"line":47,"column":44}},"line":47}},"branchMap":{"0":{"loc":{"start":{"line":18,"column":2},"end":{"line":18,"column":75}},"type":"default-arg","locations":[{"start":{"line":18,"column":12},"end":{"line":18,"column":75}}],"line":18},"1":{"loc":{"start":{"line":18,"column":12},"end":{"line":18,"column":75}},"type":"binary-expr","locations":[{"start":{"line":18,"column":12},"end":{"line":18,"column":40}},{"start":{"line":18,"column":44},"end":{"line":18,"column":75}}],"line":18},"2":{"loc":{"start":{"line":21,"column":4},"end":{"line":21,"column":42}},"type":"if","locations":[{"start":{"line":21,"column":4},"end":{"line":21,"column":42}},{"start":{},"end":{}}],"line":21},"3":{"loc":{"start":{"line":22,"column":4},"end":{"line":22,"column":44}},"type":"if","locations":[{"start":{"line":22,"column":4},"end":{"line":22,"column":44}},{"start":{},"end":{}}],"line":22},"4":{"loc":{"start":{"line":25,"column":17},"end":{"line":25,"column":56}},"type":"cond-expr","locations":[{"start":{"line":25,"column":24},"end":{"line":25,"column":37}},{"start":{"line":25,"column":40},"end":{"line":25,"column":56}}],"line":25},"5":{"loc":{"start":{"line":44,"column":31},"end":{"line":44,"column":69}},"type":"default-arg","locations":[{"start":{"line":44,"column":67},"end":{"line":44,"column":69}}],"line":44}},"s":{"0":2,"1":1,"2":1,"3":0,"4":1,"5":1,"6":0,"7":1,"8":1,"9":1,"10":2,"11":1,"12":1,"13":1,"14":0,"15":1},"f":{"0":1,"1":1,"2":1,"3":1,"4":0},"b":{"0":[0],"1":[0,0],"2":[0,1],"3":[1,0],"4":[0,1],"5":[0]},"_coverageSchema":"1a1c01bbd47fc00a2c39e90264f33305004495a9","hash":"7980d83c454215e08d6830f188eb1eabc1eb5aff"}
,"/home/runner/work/nightingale/nightingale/packages/nightingale/src/handlers/ConsoleHandler.ts": {"path":"/home/runner/work/nightingale/nightingale/packages/nightingale/src/handlers/ConsoleHandler.ts","statementMap":{"0":{"start":{"line":14,"column":21},"end":{"line":21,"column":1}},"1":{"start":{"line":18,"column":2},"end":{"line":20,"column":4}},"2":{"start":{"line":19,"column":4},"end":{"line":19,"column":38}},"3":{"start":{"line":22,"column":23},"end":{"line":22,"column":62}},"4":{"start":{"line":35,"column":20},"end":{"line":35,"column":29}},"5":{"start":{"line":42,"column":4},"end":{"line":42,"column":29}},"6":{"start":{"line":43,"column":4},"end":{"line":44,"column":45}},"7":{"start":{"line":44,"column":6},"end":{"line":44,"column":44}},"8":{"start":{"line":45,"column":4},"end":{"line":45,"column":66}}},"fnMap":{"0":{"name":"(anonymous_0)","decl":{"start":{"line":14,"column":21},"end":{"line":14,"column":22}},"loc":{"start":{"line":17,"column":13},"end":{"line":21,"column":1}},"line":17},"1":{"name":"(anonymous_1)","decl":{"start":{"line":18,"column":9},"end":{"line":18,"column":10}},"loc":{"start":{"line":18,"column":61},"end":{"line":20,"column":3}},"line":18},"2":{"name":"(anonymous_2)","decl":{"start":{"line":41,"column":2},"end":{"line":41,"column":3}},"loc":{"start":{"line":41,"column":68},"end":{"line":46,"column":3}},"line":41},"3":{"name":"(anonymous_3)","decl":{"start":{"line":43,"column":22},"end":{"line":43,"column":23}},"loc":{"start":{"line":44,"column":6},"end":{"line":44,"column":44}},"line":44}},"branchMap":{"0":{"loc":{"start":{"line":15,"column":2},"end":{"line":15,"column":30}},"type":"default-arg","locations":[{"start":{"line":15,"column":14},"end":{"line":15,"column":30}}],"line":15},"1":{"loc":{"start":{"line":16,"column":2},"end":{"line":16,"column":24}},"type":"default-arg","locations":[{"start":{"line":16,"column":11},"end":{"line":16,"column":24}}],"line":16},"2":{"loc":{"start":{"line":41,"column":31},"end":{"line":41,"column":66}},"type":"default-arg","locations":[{"start":{"line":41,"column":64},"end":{"line":41,"column":66}}],"line":41}},"s":{"0":1,"1":0,"2":0,"3":1,"4":0,"5":0,"6":0,"7":0,"8":0},"f":{"0":0,"1":0,"2":0,"3":0},"b":{"0":[0],"1":[0],"2":[0]},"_coverageSchema":"1a1c01bbd47fc00a2c39e90264f33305004495a9","hash":"9e0a9d5793d42c79dd1ed821804e7a7f31654b37"}
,"/home/runner/work/nightingale/nightingale/packages/nightingale/src/handlers/StringHandler.ts": {"path":"/home/runner/work/nightingale/nightingale/packages/nightingale/src/handlers/StringHandler.ts","statementMap":{"0":{"start":{"line":8,"column":20},"end":{"line":8,"column":22}},"1":{"start":{"line":11,"column":4},"end":{"line":11,"column":29}},"2":{"start":{"line":15,"column":4},"end":{"line":15,"column":24}},"3":{"start":{"line":19,"column":4},"end":{"line":19,"column":58}}},"fnMap":{"0":{"name":"(anonymous_0)","decl":{"start":{"line":10,"column":2},"end":{"line":10,"column":3}},"loc":{"start":{"line":10,"column":31},"end":{"line":12,"column":3}},"line":10},"1":{"name":"(anonymous_1)","decl":{"start":{"line":14,"column":2},"end":{"line":14,"column":3}},"loc":{"start":{"line":14,"column":23},"end":{"line":16,"column":3}},"line":14},"2":{"name":"(anonymous_2)","decl":{"start":{"line":18,"column":2},"end":{"line":18,"column":3}},"loc":{"start":{"line":18,"column":57},"end":{"line":20,"column":3}},"line":18}},"branchMap":{},"s":{"0":8,"1":8,"2":8,"3":8},"f":{"0":8,"1":8,"2":8},"b":{},"_coverageSchema":"1a1c01bbd47fc00a2c39e90264f33305004495a9","hash":"6db9dbf02a6f1c7e7fdb26134288068298865f39"}
,"/home/runner/work/nightingale/nightingale/packages/nightingale/src/handlers/defaultFormatter.ts": {"path":"/home/runner/work/nightingale/nightingale/packages/nightingale/src/handlers/defaultFormatter.ts","statementMap":{"0":{"start":{"line":3,"column":32},"end":{"line":3,"column":52}}},"fnMap":{},"branchMap":{},"s":{"0":1},"f":{},"b":{},"_coverageSchema":"1a1c01bbd47fc00a2c39e90264f33305004495a9","hash":"464137ae4178a82ee0460afc3197b038cfcff7de"}
,"/home/runner/work/nightingale/nightingale/packages/nightingale/src/loggers/LoggerCLI.ts": {"path":"/home/runner/work/nightingale/nightingale/packages/nightingale/src/loggers/LoggerCLI.ts","statementMap":{"0":{"start":{"line":16,"column":36},"end":{"line":16,"column":38}},"1":{"start":{"line":22,"column":4},"end":{"line":22,"column":28}},"2":{"start":{"line":23,"column":4},"end":{"line":23,"column":75}},"3":{"start":{"line":24,"column":4},"end":{"line":24,"column":39}},"4":{"start":{"line":25,"column":4},"end":{"line":25,"column":21}},"5":{"start":{"line":31,"column":4},"end":{"line":34,"column":6}},"6":{"start":{"line":42,"column":4},"end":{"line":44,"column":5}},"7":{"start":{"line":43,"column":6},"end":{"line":43,"column":48}},"8":{"start":{"line":51,"column":4},"end":{"line":53,"column":5}},"9":{"start":{"line":52,"column":6},"end":{"line":52,"column":43}},"10":{"start":{"line":60,"column":4},"end":{"line":62,"column":5}},"11":{"start":{"line":61,"column":6},"end":{"line":61,"column":44}},"12":{"start":{"line":69,"column":4},"end":{"line":71,"column":5}},"13":{"start":{"line":70,"column":6},"end":{"line":70,"column":42}},"14":{"start":{"line":78,"column":4},"end":{"line":80,"column":5}},"15":{"start":{"line":79,"column":6},"end":{"line":79,"column":42}},"16":{"start":{"line":87,"column":4},"end":{"line":102,"column":5}},"17":{"start":{"line":88,"column":6},"end":{"line":88,"column":79}},"18":{"start":{"line":90,"column":6},"end":{"line":90,"column":26}},"19":{"start":{"line":91,"column":21},"end":{"line":91,"column":25}},"20":{"start":{"line":92,"column":6},"end":{"line":101,"column":7}},"21":{"start":{"line":93,"column":8},"end":{"line":95,"column":67}},"22":{"start":{"line":94,"column":10},"end":{"line":94,"column":29}},"23":{"start":{"line":97,"column":8},"end":{"line":97,"column":27}},"24":{"start":{"line":98,"column":8},"end":{"line":100,"column":23}},"25":{"start":{"line":106,"column":4},"end":{"line":106,"column":18}},"26":{"start":{"line":121,"column":4},"end":{"line":121,"column":69}}},"fnMap":{"0":{"name":"(anonymous_0)","decl":{"start":{"line":18,"column":2},"end":{"line":18,"column":3}},"loc":{"start":{"line":21,"column":4},"end":{"line":26,"column":3}},"line":21},"1":{"name":"(anonymous_1)","decl":{"start":{"line":28,"column":2},"end":{"line":28,"column":3}},"loc":{"start":{"line":30,"column":26},"end":{"line":35,"column":3}},"line":30},"2":{"name":"(anonymous_2)","decl":{"start":{"line":37,"column":2},"end":{"line":37,"column":3}},"loc":{"start":{"line":41,"column":10},"end":{"line":45,"column":3}},"line":41},"3":{"name":"(anonymous_3)","decl":{"start":{"line":47,"column":2},"end":{"line":47,"column":3}},"loc":{"start":{"line":50,"column":10},"end":{"line":54,"column":3}},"line":50},"4":{"name":"(anonymous_4)","decl":{"start":{"line":56,"column":2},"end":{"line":56,"column":3}},"loc":{"start":{"line":59,"column":10},"end":{"line":63,"column":3}},"line":59},"5":{"name":"(anonymous_5)","decl":{"start":{"line":65,"column":2},"end":{"line":65,"column":3}},"loc":{"start":{"line":68,"column":10},"end":{"line":72,"column":3}},"line":68},"6":{"name":"(anonymous_6)","decl":{"start":{"line":74,"column":2},"end":{"line":74,"column":3}},"loc":{"start":{"line":77,"column":10},"end":{"line":81,"column":3}},"line":77},"7":{"name":"(anonymous_7)","decl":{"start":{"line":83,"column":2},"end":{"line":83,"column":3}},"loc":{"start":{"line":86,"column":63},"end":{"line":103,"column":3}},"line":86},"8":{"name":"(anonymous_8)","decl":{"start":{"line":93,"column":30},"end":{"line":93,"column":31}},"loc":{"start":{"line":93,"column":36},"end":{"line":95,"column":9}},"line":93},"9":{"name":"(anonymous_9)","decl":{"start":{"line":105,"column":2},"end":{"line":105,"column":3}},"loc":{"start":{"line":105,"column":20},"end":{"line":107,"column":3}},"line":105},"10":{"name":"(anonymous_10)","decl":{"start":{"line":111,"column":2},"end":{"line":111,"column":3}},"loc":{"start":{"line":120,"column":4},"end":{"line":122,"column":3}},"line":120}},"branchMap":{"0":{"loc":{"start":{"line":20,"column":4},"end":{"line":20,"column":77}},"type":"default-arg","locations":[{"start":{"line":20,"column":75},"end":{"line":20,"column":77}}],"line":20},"1":{"loc":{"start":{"line":20,"column":31},"end":{"line":20,"column":43}},"type":"default-arg","locations":[{"start":{"line":20,"column":38},"end":{"line":20,"column":43}}],"line":20},"2":{"loc":{"start":{"line":24,"column":22},"end":{"line":24,"column":38}},"type":"binary-expr","locations":[{"start":{"line":24,"column":22},"end":{"line":24,"column":32}},{"start":{"line":24,"column":36},"end":{"line":24,"column":38}}],"line":24},"3":{"loc":{"start":{"line":40,"column":4},"end":{"line":40,"column":29}},"type":"default-arg","locations":[{"start":{"line":40,"column":19},"end":{"line":40,"column":29}}],"line":40},"4":{"loc":{"start":{"line":42,"column":4},"end":{"line":44,"column":5}},"type":"if","locations":[{"start":{"line":42,"column":4},"end":{"line":44,"column":5}},{"start":{},"end":{}}],"line":42},"5":{"loc":{"start":{"line":51,"column":4},"end":{"line":53,"column":5}},"type":"if","locations":[{"start":{"line":51,"column":4},"end":{"line":53,"column":5}},{"start":{},"end":{}}],"line":51},"6":{"loc":{"start":{"line":60,"column":4},"end":{"line":62,"column":5}},"type":"if","locations":[{"start":{"line":60,"column":4},"end":{"line":62,"column":5}},{"start":{},"end":{}}],"line":60},"7":{"loc":{"start":{"line":69,"column":4},"end":{"line":71,"column":5}},"type":"if","locations":[{"start":{"line":69,"column":4},"end":{"line":71,"column":5}},{"start":{},"end":{}}],"line":69},"8":{"loc":{"start":{"line":78,"column":4},"end":{"line":80,"column":5}},"type":"if","locations":[{"start":{"line":78,"column":4},"end":{"line":80,"column":5}},{"start":{},"end":{}}],"line":78},"9":{"loc":{"start":{"line":87,"column":4},"end":{"line":102,"column":5}},"type":"if","locations":[{"start":{"line":87,"column":4},"end":{"line":102,"column":5}},{"start":{"line":89,"column":11},"end":{"line":102,"column":5}}],"line":87},"10":{"loc":{"start":{"line":92,"column":6},"end":{"line":101,"column":7}},"type":"if","locations":[{"start":{"line":92,"column":6},"end":{"line":101,"column":7}},{"start":{"line":96,"column":13},"end":{"line":101,"column":7}}],"line":92},"11":{"loc":{"start":{"line":113,"column":4},"end":{"line":119,"column":28}},"type":"default-arg","locations":[{"start":{"line":119,"column":26},"end":{"line":119,"column":28}}],"line":113},"12":{"loc":{"start":{"line":117,"column":6},"end":{"line":117,"column":18}},"type":"default-arg","locations":[{"start":{"line":117,"column":13},"end":{"line":117,"column":18}}],"line":117},"13":{"loc":{"start":{"line":118,"column":6},"end":{"line":118,"column":21}},"type":"default-arg","locations":[{"start":{"line":118,"column":16},"end":{"line":118,"column":21}}],"line":118}},"s":{"0":1,"1":1,"2":1,"3":1,"4":1,"5":1,"6":0,"7":0,"8":0,"9":0,"10":0,"11":0,"12":0,"13":0,"14":0,"15":0,"16":0,"17":0,"18":0,"19":0,"20":0,"21":0,"22":0,"23":0,"24":0,"25":0,"26":1},"f":{"0":1,"1":1,"2":0,"3":0,"4":0,"5":0,"6":0,"7":0,"8":0,"9":0,"10":1},"b":{"0":[0],"1":[0],"2":[1,1],"3":[0],"4":[0,0],"5":[0,0],"6":[0,0],"7":[0,0],"8":[0,0],"9":[0,0],"10":[0,0],"11":[0],"12":[1],"13":[0]},"_coverageSchema":"1a1c01bbd47fc00a2c39e90264f33305004495a9","hash":"9b283c1a59e519c6a220c1e7e6d903cdaa04a969"}
,"/home/runner/work/nightingale/nightingale/packages/nightingale/src/outputs/cliConsoleOutput.ts": {"path":"/home/runner/work/nightingale/nightingale/packages/nightingale/src/outputs/cliConsoleOutput.ts","statementMap":{"0":{"start":{"line":9,"column":2},"end":{"line":9,"column":67}}},"fnMap":{"0":{"name":"cliConsoleOutput","decl":{"start":{"line":5,"column":16},"end":{"line":5,"column":32}},"loc":{"start":{"line":8,"column":8},"end":{"line":10,"column":1}},"line":8}},"branchMap":{"0":{"loc":{"start":{"line":9,"column":10},"end":{"line":9,"column":55}},"type":"cond-expr","locations":[{"start":{"line":9,"column":40},"end":{"line":9,"column":47}},{"start":{"line":9,"column":50},"end":{"line":9,"column":55}}],"line":9}},"s":{"0":1},"f":{"0":1},"b":{"0":[0,1]},"_coverageSchema":"1a1c01bbd47fc00a2c39e90264f33305004495a9","hash":"094ecce4b7f9a12671a1da406019faec3d1cd8d7"}
,"/home/runner/work/nightingale/nightingale/packages/nightingale/src/outputs/consoleOutput.ts": {"path":"/home/runner/work/nightingale/nightingale/packages/nightingale/src/outputs/consoleOutput.ts","statementMap":{"0":{"start":{"line":9,"column":2},"end":{"line":9,"column":67}}},"fnMap":{"0":{"name":"consoleOutput","decl":{"start":{"line":5,"column":16},"end":{"line":5,"column":29}},"loc":{"start":{"line":8,"column":8},"end":{"line":10,"column":1}},"line":8}},"branchMap":{"0":{"loc":{"start":{"line":9,"column":10},"end":{"line":9,"column":55}},"type":"cond-expr","locations":[{"start":{"line":9,"column":40},"end":{"line":9,"column":47}},{"start":{"line":9,"column":50},"end":{"line":9,"column":55}}],"line":9}},"s":{"0":0},"f":{"0":0},"b":{"0":[0,0]},"_coverageSchema":"1a1c01bbd47fc00a2c39e90264f33305004495a9","hash":"2332ec6dc0e06856b768fc1327fdd129b1a82b45"}
}
