TN:
SF:packages/nightingale-ansi-formatter/src/index.ts
FN:48,style
FN:54,(anonymous_1)
FN:69,ansiFormat
FNF:3
FNH:3
FNDA:5,style
FNDA:7,(anonymous_1)
FNDA:1,ansiFormat
DA:14,1
DA:49,5
DA:50,0
DA:54,5
DA:55,7
DA:57,7
DA:58,0
DA:61,7
DA:72,1
LF:9
LH:7
BRDA:49,0,0,0
BRDA:49,0,1,5
BRDA:49,1,0,5
BRDA:49,1,1,5
BRDA:49,1,2,5
BRDA:57,2,0,0
BRDA:57,2,1,7
BRF:7
BRH:5
end_of_record
TN:
SF:packages/nightingale-browser-console-formatter/src/index.ts
FN:10,(anonymous_0)
FN:11,(anonymous_1)
FN:16,(anonymous_2)
FN:18,(anonymous_3)
FN:19,(anonymous_4)
FN:24,createBrowserConsoleFormatter
FN:29,format
FNF:7
FNH:7
FNDA:3,(anonymous_0)
FNDA:5,(anonymous_1)
FNDA:8,(anonymous_2)
FNDA:8,(anonymous_3)
FNDA:8,(anonymous_4)
FNDA:2,createBrowserConsoleFormatter
FNDA:2,format
DA:10,1
DA:11,3
DA:12,5
DA:13,0
DA:16,8
DA:17,5
DA:18,8
DA:19,8
DA:21,5
DA:28,2
DA:29,2
DA:30,2
DA:31,2
DA:32,2
LF:14
LH:13
BRDA:12,0,0,0
BRDA:12,0,1,5
BRDA:12,1,0,5
BRDA:12,1,1,5
BRDA:12,1,2,5
BRDA:25,2,0,0
BRDA:28,3,0,1
BRDA:28,3,1,1
BRF:8
BRH:6
end_of_record
TN:
SF:packages/nightingale-debug/src/index.ts
FN:10,(anonymous_0)
FN:11,(anonymous_1)
FN:14,(anonymous_2)
FN:19,(anonymous_3)
FN:22,(anonymous_4)
FN:25,(anonymous_5)
FN:30,createFindDebugLevel
FN:54,(anonymous_7)
FN:78,(anonymous_8)
FN:80,(anonymous_9)
FN:81,(anonymous_10)
FN:86,(anonymous_11)
FN:89,(anonymous_12)
FN:94,(anonymous_13)
FN:95,(anonymous_14)
FNF:15
FNH:12
FNDA:0,(anonymous_0)
FNDA:0,(anonymous_1)
FNDA:0,(anonymous_2)
FNDA:3,(anonymous_3)
FNDA:4,(anonymous_4)
FNDA:3,(anonymous_5)
FNDA:4,createFindDebugLevel
FNDA:5,(anonymous_7)
FNDA:5,(anonymous_8)
FNDA:4,(anonymous_9)
FNDA:4,(anonymous_10)
FNDA:5,(anonymous_11)
FNDA:4,(anonymous_12)
FNDA:2,(anonymous_13)
FNDA:1,(anonymous_14)
DA:4,1
DA:10,1
DA:11,0
DA:12,0
DA:14,1
DA:15,0
DA:16,0
DA:19,1
DA:20,3
DA:21,1
DA:22,4
DA:25,3
DA:33,4
DA:34,4
DA:35,4
DA:37,4
DA:38,4
DA:39,0
DA:40,0
DA:41,4
DA:42,3
DA:44,3
DA:45,0
DA:46,0
DA:48,3
DA:53,4
DA:54,3
DA:55,5
DA:56,0
DA:61,5
DA:63,5
DA:64,2
DA:65,2
DA:68,3
DA:69,2
DA:70,1
DA:71,1
DA:76,4
DA:77,2
DA:78,5
DA:80,1
DA:81,4
DA:85,2
DA:86,5
DA:89,1
DA:90,4
DA:91,2
DA:94,2
DA:95,1
DA:98,1
LF:50
LH:41
BRDA:15,0,0,0
BRDA:15,0,1,0
BRDA:20,1,0,1
BRDA:20,1,1,2
BRDA:37,2,0,4
BRDA:37,2,1,0
BRDA:38,3,0,0
BRDA:38,3,1,4
BRDA:41,4,0,3
BRDA:41,4,1,1
BRDA:44,5,0,0
BRDA:44,5,1,3
BRDA:53,6,0,3
BRDA:53,6,1,1
BRDA:55,7,0,0
BRDA:55,7,1,5
BRDA:61,8,0,0
BRDA:61,8,1,5
BRDA:63,9,0,2
BRDA:63,9,1,3
BRDA:68,10,0,2
BRDA:68,10,1,1
BRDA:70,11,0,1
BRDA:70,11,1,0
BRDA:76,12,0,2
BRDA:76,12,1,2
BRDA:77,13,0,1
BRDA:77,13,1,1
BRDA:81,14,0,2
BRDA:81,14,1,2
BRDA:85,15,0,1
BRDA:85,15,1,1
BRDA:90,16,0,2
BRDA:90,16,1,2
BRDA:90,17,0,4
BRDA:90,17,1,2
BRDA:94,18,0,1
BRDA:94,18,1,1
BRDA:95,19,0,0
BRDA:95,19,1,1
BRF:40
BRH:31
end_of_record
TN:
SF:packages/nightingale-formatter/src/formatObject.ts
FN:13,(anonymous_0)
FN:52,tryStringify
FN:60,(anonymous_2)
FN:65,internalFormatValue
FN:189,(anonymous_4)
FN:200,(anonymous_5)
FN:208,(anonymous_6)
FN:225,(anonymous_7)
FN:238,(anonymous_8)
FN:242,(anonymous_9)
FN:294,(anonymous_10)
FN:295,(anonymous_11)
FN:304,(anonymous_12)
FN:305,(anonymous_13)
FN:313,internalFormatObject
FN:331,(anonymous_15)
FN:343,internalFormatMap
FN:361,(anonymous_17)
FN:373,internalFormatArray
FN:389,(anonymous_19)
FN:406,internalFormatSet
FN:424,(anonymous_21)
FN:436,formatObject
FNF:23
FNH:23
FNDA:3,(anonymous_0)
FNDA:40,tryStringify
FNDA:24,(anonymous_2)
FNDA:74,internalFormatValue
FNDA:58,(anonymous_4)
FNDA:12,(anonymous_5)
FNDA:2,(anonymous_6)
FNDA:41,(anonymous_7)
FNDA:31,(anonymous_8)
FNDA:72,(anonymous_9)
FNDA:4,(anonymous_10)
FNDA:68,(anonymous_11)
FNDA:4,(anonymous_12)
FNDA:68,(anonymous_13)
FNDA:56,internalFormatObject
FNDA:58,(anonymous_15)
FNDA:2,internalFormatMap
FNDA:2,(anonymous_17)
FNDA:5,internalFormatArray
FNDA:10,(anonymous_19)
FNDA:2,internalFormatSet
FNDA:2,(anonymous_21)
FNDA:45,formatObject
DA:13,9
DA:53,40
DA:54,40
DA:56,0
DA:60,24
DA:71,74
DA:73,74
DA:74,74
DA:75,2
DA:77,72
DA:79,0
DA:80,0
DA:82,10
DA:83,10
DA:85,33
DA:86,33
DA:88,1
DA:89,1
DA:91,7
DA:92,7
DA:94,1
DA:95,1
DA:98,20
DA:104,74
DA:105,1
DA:106,73
DA:107,1
DA:108,72
DA:110,10
DA:111,62
DA:112,11
DA:113,0
DA:115,11
DA:127,51
DA:128,5
DA:129,0
DA:131,5
DA:138,46
DA:139,0
DA:140,0
DA:143,46
DA:144,2
DA:145,2
DA:146,0
DA:148,2
DA:155,44
DA:156,1
DA:157,43
DA:158,1
DA:159,42
DA:160,2
DA:161,2
DA:162,0
DA:164,2
DA:171,40
DA:172,0
DA:173,40
DA:174,0
DA:176,40
DA:179,54
DA:181,54
DA:187,9
DA:189,9
DA:194,58
DA:200,9
DA:205,12
DA:208,9
DA:213,2
DA:219,2
DA:225,9
DA:237,41
DA:238,41
DA:240,41
DA:241,41
DA:243,72
DA:244,72
DA:252,72
DA:258,72
DA:267,72
DA:271,4
DA:272,4
DA:273,4
DA:276,72
DA:288,41
DA:294,4
DA:295,68
DA:304,4
DA:305,68
DA:319,56
DA:320,1
DA:323,55
DA:324,55
DA:325,20
DA:328,35
DA:330,35
DA:331,58
DA:338,35
DA:340,35
DA:349,2
DA:350,0
DA:353,2
DA:354,2
DA:355,1
DA:358,1
DA:360,1
DA:361,2
DA:368,1
DA:370,1
DA:378,5
DA:379,0
DA:382,5
DA:383,1
DA:386,4
DA:388,4
DA:389,10
DA:401,4
DA:403,4
DA:412,2
DA:413,0
DA:416,2
DA:417,2
DA:418,1
DA:421,1
DA:423,1
DA:424,2
DA:431,1
DA:433,1
DA:442,45
DA:454,45
DA:455,19
DA:458,26
LF:131
LH:117
BRDA:73,0,0,74
BRDA:73,0,1,0
BRDA:74,1,0,2
BRDA:74,1,1,72
BRDA:77,2,0,0
BRDA:77,2,1,10
BRDA:77,2,2,33
BRDA:77,2,3,1
BRDA:77,2,4,7
BRDA:77,2,5,1
BRDA:77,2,6,20
BRDA:77,2,7,20
BRDA:104,3,0,1
BRDA:104,3,1,73
BRDA:106,4,0,1
BRDA:106,4,1,72
BRDA:108,5,0,10
BRDA:108,5,1,62
BRDA:111,6,0,11
BRDA:111,6,1,51
BRDA:112,7,0,0
BRDA:112,7,1,11
BRDA:127,8,0,5
BRDA:127,8,1,46
BRDA:128,9,0,0
BRDA:128,9,1,5
BRDA:138,10,0,0
BRDA:138,10,1,46
BRDA:140,11,0,0
BRDA:140,11,1,0
BRDA:142,12,0,0
BRDA:142,12,1,0
BRDA:143,13,0,2
BRDA:143,13,1,44
BRDA:145,14,0,0
BRDA:145,14,1,2
BRDA:155,15,0,1
BRDA:155,15,1,43
BRDA:157,16,0,1
BRDA:157,16,1,42
BRDA:159,17,0,2
BRDA:159,17,1,40
BRDA:161,18,0,0
BRDA:161,18,1,2
BRDA:171,19,0,0
BRDA:171,19,1,40
BRDA:173,20,0,0
BRDA:173,20,1,40
BRDA:233,21,0,37
BRDA:261,22,0,0
BRDA:261,22,1,72
BRDA:261,23,0,72
BRDA:261,23,1,60
BRDA:267,24,0,4
BRDA:267,24,1,68
BRDA:268,25,0,72
BRDA:268,25,1,72
BRDA:268,25,2,68
BRDA:278,26,0,41
BRDA:278,26,1,31
BRDA:282,27,0,41
BRDA:282,27,1,31
BRDA:293,28,0,3
BRDA:293,28,1,38
BRDA:297,29,0,3
BRDA:297,29,1,38
BRDA:300,30,0,3
BRDA:300,30,1,38
BRDA:303,31,0,3
BRDA:303,31,1,38
BRDA:307,32,0,3
BRDA:307,32,1,38
BRDA:308,33,0,3
BRDA:308,33,1,38
BRDA:319,34,0,1
BRDA:319,34,1,55
BRDA:324,35,0,20
BRDA:324,35,1,35
BRDA:349,36,0,0
BRDA:349,36,1,2
BRDA:354,37,0,1
BRDA:354,37,1,1
BRDA:378,38,0,0
BRDA:378,38,1,5
BRDA:382,39,0,1
BRDA:382,39,1,4
BRDA:412,40,0,0
BRDA:412,40,1,2
BRDA:417,41,0,1
BRDA:417,41,1,1
BRDA:438,42,0,1
BRDA:440,43,0,45
BRDA:440,44,0,45
BRDA:440,45,0,45
BRDA:454,46,0,19
BRDA:454,46,1,26
BRF:96
BRH:79
end_of_record
TN:
SF:packages/nightingale-formatter/src/formatRecordToString.ts
FN:7,formatRecordToString
FN:44,(anonymous_1)
FNF:2
FNH:2
FNDA:24,formatRecordToString
FNDA:72,(anonymous_1)
DA:11,24
DA:13,24
DA:14,0
DA:15,24
DA:16,16
DA:19,24
DA:20,24
DA:26,24
DA:27,24
DA:29,24
DA:30,24
DA:31,24
DA:33,0
DA:37,24
DA:38,24
DA:39,7
DA:41,24
DA:44,24
DA:49,72
DA:50,44
DA:53,28
DA:55,28
DA:56,18
DA:59,10
DA:62,24
DA:63,24
DA:64,24
DA:66,24
LF:28
LH:26
BRDA:13,0,0,0
BRDA:13,0,1,24
BRDA:15,1,0,16
BRDA:15,1,1,8
BRDA:19,2,0,24
BRDA:19,2,1,0
BRDA:26,3,0,24
BRDA:26,3,1,23
BRDA:27,4,0,24
BRDA:27,4,1,23
BRDA:29,5,0,24
BRDA:29,5,1,0
BRDA:30,6,0,24
BRDA:30,6,1,0
BRDA:37,7,0,24
BRDA:37,7,1,0
BRDA:38,8,0,7
BRDA:38,8,1,17
BRDA:49,9,0,44
BRDA:49,9,1,28
BRDA:55,10,0,18
BRDA:55,10,1,10
BRF:22
BRH:17
end_of_record
TN:
SF:packages/nightingale-formatter/src/index.ts
FNF:0
FNH:0
LF:0
LH:0
BRF:0
BRH:0
end_of_record
TN:
SF:packages/nightingale-formatter/src/levelToStyles.ts
FNF:0
FNH:0
DA:5,8
LF:1
LH:1
BRF:0
BRH:0
end_of_record
TN:
SF:packages/nightingale-formatter/src/levelToSymbol.ts
FNF:0
FNH:0
DA:5,8
LF:1
LH:1
BRF:0
BRH:0
end_of_record
TN:
SF:packages/nightingale-formatter/src/styleToHexColor.ts
FNF:0
FNH:0
DA:3,8
LF:1
LH:1
BRF:0
BRH:0
end_of_record
TN:
SF:packages/nightingale-formatter/src/styleToHtmlStyle.ts
FNF:0
FNH:0
DA:10,8
DA:60,8
LF:2
LH:2
BRF:0
BRH:0
end_of_record
TN:
SF:packages/nightingale-html-formatter/src/index.ts
FN:7,style
FN:13,(anonymous_1)
FN:21,format
FNF:3
FNH:3
FNDA:3,style
FNDA:5,(anonymous_1)
FNDA:1,format
DA:8,3
DA:9,0
DA:12,3
DA:13,5
DA:24,1
LF:5
LH:4
BRDA:8,0,0,0
BRDA:8,0,1,3
BRDA:8,1,0,3
BRDA:8,1,1,3
BRDA:8,1,2,3
BRF:5
BRH:4
end_of_record
TN:
SF:packages/nightingale-json-formatter/src/index.ts
FN:3,map2object
FN:6,(anonymous_1)
FN:18,stringify
FN:21,(anonymous_3)
FN:38,format
FNF:5
FNH:5
FNDA:1,map2object
FNDA:4,(anonymous_1)
FNDA:3,stringify
FNDA:28,(anonymous_3)
FNDA:3,format
DA:4,1
DA:6,1
DA:7,4
DA:9,1
DA:12,3
DA:15,1
DA:19,3
DA:22,28
DA:23,1
DA:25,27
DA:26,1
DA:32,26
DA:41,3
LF:13
LH:13
BRDA:7,0,0,1
BRDA:7,0,1,3
BRDA:22,1,0,1
BRDA:22,1,1,27
BRDA:25,2,0,1
BRDA:25,2,1,26
BRF:6
BRH:6
end_of_record
TN:
SF:packages/nightingale-levels/src/index.ts
FNF:0
FNH:0
LF:0
LH:0
BRF:0
BRH:0
end_of_record
TN:
SF:packages/nightingale-logger/src/index.ts
FN:67,(anonymous_0)
FN:74,(anonymous_1)
FN:83,(anonymous_2)
FN:93,getConfigForLoggerRecord
FN:103,isError
FN:124,(anonymous_5)
FN:136,(anonymous_6)
FN:143,(anonymous_7)
FN:150,(anonymous_8)
FN:171,(anonymous_9)
FN:180,(anonymous_10)
FN:189,(anonymous_11)
FN:196,(anonymous_12)
FN:210,(anonymous_13)
FN:227,(anonymous_14)
FN:232,(anonymous_15)
FN:238,(anonymous_16)
FN:278,(anonymous_17)
FN:289,(anonymous_18)
FN:300,(anonymous_19)
FN:311,(anonymous_20)
FN:322,(anonymous_21)
FN:343,(anonymous_22)
FN:354,(anonymous_23)
FN:375,(anonymous_24)
FN:386,(anonymous_25)
FN:397,(anonymous_26)
FN:418,(anonymous_27)
FN:438,(anonymous_28)
FN:449,(anonymous_29)
FN:464,(anonymous_30)
FN:479,(anonymous_31)
FN:490,(anonymous_32)
FN:505,(anonymous_33)
FN:520,(anonymous_34)
FN:533,(anonymous_35)
FN:547,(anonymous_36)
FN:580,(anonymous_37)
FN:592,(anonymous_38)
FN:618,(anonymous_39)
FN:644,(anonymous_40)
FN:689,(anonymous_41)
FNF:42
FNH:16
FNDA:0,(anonymous_0)
FNDA:0,(anonymous_1)
FNDA:0,(anonymous_2)
FNDA:0,getConfigForLoggerRecord
FNDA:9,isError
FNDA:12,(anonymous_5)
FNDA:0,(anonymous_6)
FNDA:0,(anonymous_7)
FNDA:0,(anonymous_8)
FNDA:0,(anonymous_9)
FNDA:4,(anonymous_10)
FNDA:1,(anonymous_11)
FNDA:2,(anonymous_12)
FNDA:8,(anonymous_13)
FNDA:0,(anonymous_14)
FNDA:8,(anonymous_15)
FNDA:9,(anonymous_16)
FNDA:0,(anonymous_17)
FNDA:1,(anonymous_18)
FNDA:0,(anonymous_19)
FNDA:1,(anonymous_20)
FNDA:1,(anonymous_21)
FNDA:1,(anonymous_22)
FNDA:0,(anonymous_23)
FNDA:1,(anonymous_24)
FNDA:1,(anonymous_25)
FNDA:0,(anonymous_26)
FNDA:0,(anonymous_27)
FNDA:1,(anonymous_28)
FNDA:1,(anonymous_29)
FNDA:0,(anonymous_30)
FNDA:0,(anonymous_31)
FNDA:0,(anonymous_32)
FNDA:0,(anonymous_33)
FNDA:0,(anonymous_34)
FNDA:0,(anonymous_35)
FNDA:0,(anonymous_36)
FNDA:0,(anonymous_37)
FNDA:0,(anonymous_38)
FNDA:0,(anonymous_39)
FNDA:0,(anonymous_40)
FNDA:0,(anonymous_41)
DA:63,2
DA:65,2
DA:66,2
DA:67,0
DA:73,2
DA:74,2
DA:79,0
DA:81,0
DA:84,0
DA:97,0
DA:104,9
DA:125,12
DA:126,12
DA:128,12
DA:129,0
DA:139,0
DA:144,0
DA:151,0
DA:172,0
DA:173,0
DA:174,0
DA:181,4
DA:190,1
DA:197,2
DA:198,1
DA:202,1
DA:211,8
DA:215,8
DA:216,0
DA:218,0
DA:223,0
DA:226,8
DA:227,8
DA:228,0
DA:232,8
DA:244,9
DA:246,9
DA:251,9
DA:256,9
DA:257,9
DA:258,1
DA:261,9
DA:272,9
DA:283,0
DA:294,1
DA:305,0
DA:316,1
DA:327,1
DA:348,1
DA:359,0
DA:380,1
DA:391,1
DA:402,0
DA:403,0
DA:407,0
DA:408,0
DA:424,0
DA:425,0
DA:427,0
DA:428,0
DA:443,1
DA:454,1
DA:469,0
DA:484,0
DA:495,0
DA:510,0
DA:526,0
DA:527,0
DA:530,0
DA:538,0
DA:555,0
DA:557,0
DA:560,0
DA:561,0
DA:563,0
DA:564,0
DA:565,0
DA:568,0
DA:574,0
DA:586,0
DA:598,0
DA:623,0
DA:627,0
DA:649,0
DA:653,0
DA:698,0
DA:699,0
DA:701,0
DA:703,0
DA:704,0
DA:706,0
DA:710,0
DA:711,0
DA:712,0
LF:94
LH:35
BRDA:63,0,0,2
BRDA:63,0,1,0
BRDA:65,1,0,2
BRDA:65,1,1,0
BRDA:73,2,0,2
BRDA:73,2,1,0
BRDA:84,3,0,0
BRDA:84,3,1,0
BRDA:84,3,2,0
BRDA:128,4,0,0
BRDA:128,4,1,12
BRDA:128,5,0,12
BRDA:128,5,1,12
BRDA:197,6,0,1
BRDA:197,6,1,1
BRDA:215,7,0,0
BRDA:215,7,1,8
BRDA:216,8,0,0
BRDA:216,8,1,0
BRDA:226,9,0,8
BRDA:226,9,1,0
BRDA:241,10,0,2
BRDA:246,11,0,1
BRDA:246,11,1,8
BRDA:251,12,0,1
BRDA:251,12,1,8
BRDA:251,13,0,9
BRDA:251,13,1,1
BRDA:252,14,0,1
BRDA:252,14,1,0
BRDA:257,15,0,1
BRDA:257,15,1,8
BRDA:267,16,0,9
BRDA:267,16,1,9
BRDA:402,17,0,0
BRDA:402,17,1,0
BRDA:424,18,0,0
BRDA:424,18,1,0
BRDA:524,19,0,0
BRDA:526,20,0,0
BRDA:526,20,1,0
BRDA:552,21,0,0
BRDA:560,22,0,0
BRDA:560,22,1,0
BRDA:563,23,0,0
BRDA:563,23,1,0
BRDA:565,24,0,0
BRDA:565,24,1,0
BRDA:698,25,0,0
BRDA:698,25,1,0
BRDA:703,26,0,0
BRDA:703,26,1,0
BRF:52
BRH:22
end_of_record
TN:
SF:packages/nightingale-markdown-formatter/src/index.ts
FN:4,style
FN:10,(anonymous_1)
FN:24,format
FNF:3
FNH:3
FNDA:23,style
FNDA:35,(anonymous_1)
FNDA:6,format
DA:5,23
DA:6,0
DA:10,23
DA:11,35
DA:13,12
DA:15,0
DA:17,0
DA:20,23
DA:27,6
LF:9
LH:6
BRDA:5,0,0,0
BRDA:5,0,1,23
BRDA:5,1,0,23
BRDA:5,1,1,23
BRDA:5,1,2,23
BRDA:11,2,0,12
BRDA:11,2,1,0
BRDA:11,2,2,0
BRF:8
BRH:5
end_of_record
TN:
SF:packages/nightingale-raw-formatter/src/index.ts
FN:4,style
FN:12,format
FNF:2
FNH:2
FNDA:37,style
FNDA:14,format
DA:5,37
DA:15,14
LF:2
LH:2
BRF:0
BRH:0
end_of_record
TN:
SF:packages/nightingale-slack/src/createBody.ts
FN:19,createBody
FNF:1
FNH:1
FNDA:5,createBody
DA:8,1
DA:23,5
DA:24,5
DA:26,5
LF:4
LH:4
BRF:0
BRH:0
end_of_record
TN:
SF:packages/nightingale-string/src/index.ts
FN:10,(anonymous_0)
FN:14,(anonymous_1)
FN:18,(anonymous_2)
FNF:3
FNH:3
FNDA:8,(anonymous_0)
FNDA:8,(anonymous_1)
FNDA:8,(anonymous_2)
DA:8,8
DA:11,8
DA:15,8
DA:19,8
LF:4
LH:4
BRF:0
BRH:0
end_of_record
TN:
SF:packages/nightingale/src/config.ts
FN:23,clearCache
FN:27,handleConfig
FN:64,configure
FN:74,addConfig
FN:80,(anonymous_4)
FN:80,(anonymous_5)
FN:86,(anonymous_6)
FN:104,(anonymous_7)
FN:115,(anonymous_8)
FN:124,(anonymous_9)
FNF:10
FNH:0
FNDA:0,clearCache
FNDA:0,handleConfig
FNDA:0,configure
FNDA:0,addConfig
FNDA:0,(anonymous_4)
FNDA:0,(anonymous_5)
FNDA:0,(anonymous_6)
FNDA:0,(anonymous_7)
FNDA:0,(anonymous_8)
FNDA:0,(anonymous_9)
DA:5,1
DA:7,1
DA:8,0
DA:11,1
DA:12,1
DA:13,1
DA:17,1
DA:24,0
DA:28,0
DA:29,0
DA:30,0
DA:32,0
DA:33,0
DA:35,0
DA:36,0
DA:37,0
DA:39,0
DA:40,0
DA:43,0
DA:44,0
DA:45,0
DA:47,0
DA:48,0
DA:51,0
DA:52,0
DA:53,0
DA:57,0
DA:58,0
DA:61,0
DA:65,0
DA:67,0
DA:70,0
DA:71,0
DA:75,0
DA:76,0
DA:77,0
DA:80,1
DA:81,0
DA:82,0
DA:83,0
DA:86,1
DA:89,0
DA:91,0
DA:93,0
DA:94,0
DA:97,0
DA:102,0
DA:105,0
DA:106,0
DA:107,0
DA:110,0
DA:111,0
DA:114,1
DA:115,1
DA:120,0
DA:122,0
DA:125,0
LF:57
LH:10
BRDA:5,0,0,1
BRDA:5,0,1,0
BRDA:7,1,0,0
BRDA:7,1,1,1
BRDA:7,2,0,1
BRDA:7,2,1,1
BRDA:11,3,0,1
BRDA:11,3,1,0
BRDA:28,4,0,0
BRDA:28,4,1,0
BRDA:29,5,0,0
BRDA:29,5,1,0
BRDA:32,6,0,0
BRDA:32,6,1,0
BRDA:35,7,0,0
BRDA:35,7,1,0
BRDA:36,8,0,0
BRDA:36,8,1,0
BRDA:43,9,0,0
BRDA:43,9,1,0
BRDA:44,10,0,0
BRDA:44,10,1,0
BRDA:51,11,0,0
BRDA:51,11,1,0
BRDA:52,12,0,0
BRDA:52,12,1,0
BRDA:65,13,0,0
BRDA:65,13,1,0
BRDA:74,14,0,0
BRDA:76,15,0,0
BRDA:76,15,1,0
BRDA:81,16,0,0
BRDA:81,16,1,0
BRDA:82,17,0,0
BRDA:82,17,1,0
BRDA:93,18,0,0
BRDA:93,18,1,0
BRDA:105,19,0,0
BRDA:105,19,1,0
BRDA:106,20,0,0
BRDA:106,20,1,0
BRDA:114,21,0,1
BRDA:114,21,1,0
BRDA:125,22,0,0
BRDA:125,22,1,0
BRDA:125,22,2,0
BRF:46
BRH:6
end_of_record
TN:
SF:packages/nightingale/src/index.ts
FN:11,listenUnhandledErrors
FN:17,(anonymous_1)
FN:20,(anonymous_2)
FNF:3
FNH:0
FNDA:0,listenUnhandledErrors
FNDA:0,(anonymous_1)
FNDA:0,(anonymous_2)
DA:17,0
DA:18,0
DA:20,0
DA:21,0
LF:4
LH:0
BRDA:12,0,0,0
BRF:1
BRH:0
end_of_record
