TN:
SF:packages/nightingale-ansi-formatter/src/index.ts
FN:48,style
FN:54,(anonymous_1)
FN:69,ansiFormat
FNF:3
FNH:3
FNDA:5,style
FNDA:7,(anonymous_1)
FNDA:1,ansiFormat
DA:14,1
DA:49,5
DA:50,0
DA:54,5
DA:55,7
DA:57,7
DA:58,0
DA:61,7
DA:72,1
LF:9
LH:7
BRDA:49,0,0,0
BRDA:49,0,1,5
BRDA:49,1,0,5
BRDA:49,1,1,5
BRDA:49,1,2,5
BRDA:57,2,0,0
BRDA:57,2,1,7
BRF:7
BRH:5
end_of_record
TN:
SF:packages/nightingale-browser-console-formatter/src/index.ts
FN:10,(anonymous_0)
FN:11,(anonymous_1)
FN:16,(anonymous_2)
FN:18,(anonymous_3)
FN:19,(anonymous_4)
FN:24,createBrowserConsoleFormatter
FN:29,format
FNF:7
FNH:7
FNDA:3,(anonymous_0)
FNDA:5,(anonymous_1)
FNDA:8,(anonymous_2)
FNDA:8,(anonymous_3)
FNDA:8,(anonymous_4)
FNDA:2,createBrowserConsoleFormatter
FNDA:2,format
DA:10,1
DA:11,3
DA:12,5
DA:13,0
DA:16,8
DA:17,5
DA:18,8
DA:19,8
DA:21,5
DA:28,2
DA:29,2
DA:30,2
DA:31,2
DA:32,2
LF:14
LH:13
BRDA:12,0,0,0
BRDA:12,0,1,5
BRDA:12,1,0,5
BRDA:12,1,1,5
BRDA:12,1,2,5
BRDA:25,2,0,0
BRDA:28,3,0,1
BRDA:28,3,1,1
BRF:8
BRH:6
end_of_record
TN:
SF:packages/nightingale-debug/src/index.ts
FN:10,(anonymous_0)
FN:11,(anonymous_1)
FN:14,(anonymous_2)
FN:19,(anonymous_3)
FN:22,(anonymous_4)
FN:25,(anonymous_5)
FN:30,createFindDebugLevel
FN:54,(anonymous_7)
FN:78,(anonymous_8)
FN:80,(anonymous_9)
FN:81,(anonymous_10)
FN:86,(anonymous_11)
FN:89,(anonymous_12)
FN:94,(anonymous_13)
FN:95,(anonymous_14)
FNF:15
FNH:12
FNDA:0,(anonymous_0)
FNDA:0,(anonymous_1)
FNDA:0,(anonymous_2)
FNDA:3,(anonymous_3)
FNDA:4,(anonymous_4)
FNDA:3,(anonymous_5)
FNDA:4,createFindDebugLevel
FNDA:5,(anonymous_7)
FNDA:5,(anonymous_8)
FNDA:4,(anonymous_9)
FNDA:4,(anonymous_10)
FNDA:5,(anonymous_11)
FNDA:4,(anonymous_12)
FNDA:2,(anonymous_13)
FNDA:1,(anonymous_14)
DA:4,1
DA:10,1
DA:11,0
DA:12,0
DA:14,1
DA:15,0
DA:16,0
DA:19,1
DA:20,3
DA:21,1
DA:22,4
DA:25,3
DA:33,4
DA:34,4
DA:35,4
DA:37,4
DA:38,4
DA:39,0
DA:40,0
DA:41,4
DA:42,3
DA:44,3
DA:45,0
DA:46,0
DA:48,3
DA:53,4
DA:54,3
DA:55,5
DA:56,0
DA:61,5
DA:63,5
DA:64,2
DA:65,2
DA:68,3
DA:69,2
DA:70,1
DA:71,1
DA:76,4
DA:77,2
DA:78,5
DA:80,1
DA:81,4
DA:85,2
DA:86,5
DA:89,1
DA:90,4
DA:91,2
DA:94,2
DA:95,1
DA:98,1
LF:50
LH:41
BRDA:15,0,0,0
BRDA:15,0,1,0
BRDA:20,1,0,1
BRDA:20,1,1,2
BRDA:37,2,0,4
BRDA:37,2,1,0
BRDA:38,3,0,0
BRDA:38,3,1,4
BRDA:41,4,0,3
BRDA:41,4,1,1
BRDA:44,5,0,0
BRDA:44,5,1,3
BRDA:53,6,0,3
BRDA:53,6,1,1
BRDA:55,7,0,0
BRDA:55,7,1,5
BRDA:61,8,0,0
BRDA:61,8,1,5
BRDA:63,9,0,2
BRDA:63,9,1,3
BRDA:68,10,0,2
BRDA:68,10,1,1
BRDA:70,11,0,1
BRDA:70,11,1,0
BRDA:76,12,0,2
BRDA:76,12,1,2
BRDA:77,13,0,1
BRDA:77,13,1,1
BRDA:81,14,0,2
BRDA:81,14,1,2
BRDA:85,15,0,1
BRDA:85,15,1,1
BRDA:90,16,0,2
BRDA:90,16,1,2
BRDA:90,17,0,4
BRDA:90,17,1,2
BRDA:94,18,0,1
BRDA:94,18,1,1
BRDA:95,19,0,0
BRDA:95,19,1,1
BRF:40
BRH:31
end_of_record
TN:
SF:packages/nightingale-formatter/dist/index-node18.mjs
FN:148,(anonymous_0)
FN:149,tryStringify
FN:156,(anonymous_2)
FN:160,internalFormatValue
FN:268,(anonymous_4)
FN:274,(anonymous_5)
FN:280,(anonymous_6)
FN:290,(anonymous_7)
FN:302,(anonymous_8)
FN:304,(anonymous_9)
FN:336,(anonymous_10)
FN:336,(anonymous_11)
FN:337,(anonymous_12)
FN:337,(anonymous_13)
FN:340,internalFormatObject
FN:354,(anonymous_15)
FN:370,internalFormatMap
FN:384,(anonymous_17)
FN:400,internalFormatArray
FN:413,(anonymous_19)
FN:430,internalFormatSet
FN:444,(anonymous_21)
FN:460,formatObject
FN:478,formatRecordToString
FN:504,(anonymous_24)
FNF:25
FNH:12
FNDA:0,(anonymous_0)
FNDA:0,tryStringify
FNDA:18,(anonymous_2)
FNDA:10,internalFormatValue
FNDA:10,(anonymous_4)
FNDA:0,(anonymous_5)
FNDA:0,(anonymous_6)
FNDA:10,(anonymous_7)
FNDA:0,(anonymous_8)
FNDA:10,(anonymous_9)
FNDA:0,(anonymous_10)
FNDA:10,(anonymous_11)
FNDA:0,(anonymous_12)
FNDA:10,(anonymous_13)
FNDA:28,internalFormatObject
FNDA:10,(anonymous_15)
FNDA:0,internalFormatMap
FNDA:0,(anonymous_17)
FNDA:0,internalFormatArray
FNDA:0,(anonymous_19)
FNDA:0,internalFormatSet
FNDA:0,(anonymous_21)
FNDA:28,formatObject
FNDA:24,formatRecordToString
FNDA:72,(anonymous_24)
DA:3,7
DA:14,7
DA:25,7
DA:31,7
DA:134,7
DA:148,7
DA:150,0
DA:151,0
DA:153,0
DA:156,18
DA:166,10
DA:167,10
DA:168,10
DA:169,0
DA:171,10
DA:173,0
DA:174,0
DA:176,10
DA:177,10
DA:179,0
DA:180,0
DA:182,0
DA:183,0
DA:185,0
DA:186,0
DA:188,0
DA:189,0
DA:194,10
DA:195,0
DA:196,10
DA:197,0
DA:198,10
DA:200,10
DA:201,0
DA:202,0
DA:203,0
DA:205,0
DA:212,0
DA:213,0
DA:214,0
DA:216,0
DA:223,0
DA:224,0
DA:225,0
DA:226,0
DA:227,0
DA:228,0
DA:229,0
DA:231,0
DA:238,0
DA:239,0
DA:240,0
DA:241,0
DA:242,0
DA:243,0
DA:244,0
DA:245,0
DA:247,0
DA:254,0
DA:255,0
DA:256,0
DA:257,0
DA:259,0
DA:261,10
DA:262,10
DA:267,7
DA:268,7
DA:269,10
DA:274,7
DA:275,0
DA:280,7
DA:284,0
DA:285,0
DA:290,7
DA:301,10
DA:302,10
DA:303,10
DA:304,10
DA:308,10
DA:319,10
DA:323,10
DA:324,10
DA:325,0
DA:326,0
DA:327,0
DA:329,10
DA:335,10
DA:336,10
DA:337,10
DA:346,28
DA:347,0
DA:349,28
DA:350,28
DA:351,18
DA:353,10
DA:354,10
DA:367,10
DA:368,10
DA:376,0
DA:377,0
DA:379,0
DA:380,0
DA:381,0
DA:383,0
DA:384,0
DA:397,0
DA:398,0
DA:406,0
DA:407,0
DA:409,0
DA:410,0
DA:412,0
DA:413,0
DA:427,0
DA:428,0
DA:436,0
DA:437,0
DA:439,0
DA:440,0
DA:441,0
DA:443,0
DA:444,0
DA:457,0
DA:458,0
DA:466,28
DA:472,28
DA:473,18
DA:475,10
DA:479,24
DA:480,24
DA:481,0
DA:482,24
DA:483,16
DA:485,24
DA:486,24
DA:489,24
DA:490,24
DA:491,24
DA:492,24
DA:493,24
DA:495,0
DA:498,24
DA:499,24
DA:500,7
DA:502,24
DA:504,24
DA:505,72
DA:506,44
DA:508,28
DA:509,28
DA:510,18
DA:512,10
DA:514,24
DA:515,24
DA:516,24
DA:517,24
LF:156
LH:75
BRDA:167,0,0,10
BRDA:167,0,1,0
BRDA:168,1,0,0
BRDA:168,1,1,10
BRDA:171,2,0,0
BRDA:171,2,1,10
BRDA:171,2,2,0
BRDA:171,2,3,0
BRDA:171,2,4,0
BRDA:171,2,5,0
BRDA:194,3,0,0
BRDA:194,3,1,10
BRDA:196,4,0,0
BRDA:196,4,1,10
BRDA:198,5,0,10
BRDA:198,5,1,0
BRDA:201,6,0,0
BRDA:201,6,1,0
BRDA:202,7,0,0
BRDA:202,7,1,0
BRDA:212,8,0,0
BRDA:212,8,1,0
BRDA:213,9,0,0
BRDA:213,9,1,0
BRDA:223,10,0,0
BRDA:223,10,1,0
BRDA:225,11,0,0
BRDA:225,11,1,0
BRDA:225,12,0,0
BRDA:225,12,1,0
BRDA:225,13,0,0
BRDA:225,13,1,0
BRDA:226,14,0,0
BRDA:226,14,1,0
BRDA:228,15,0,0
BRDA:228,15,1,0
BRDA:238,16,0,0
BRDA:238,16,1,0
BRDA:240,17,0,0
BRDA:240,17,1,0
BRDA:242,18,0,0
BRDA:242,18,1,0
BRDA:244,19,0,0
BRDA:244,19,1,0
BRDA:254,20,0,0
BRDA:254,20,1,0
BRDA:256,21,0,0
BRDA:256,21,1,0
BRDA:298,22,0,10
BRDA:323,23,0,0
BRDA:323,23,1,10
BRDA:323,24,0,10
BRDA:323,24,1,10
BRDA:324,25,0,0
BRDA:324,25,1,10
BRDA:324,26,0,10
BRDA:324,26,1,10
BRDA:324,26,2,10
BRDA:330,27,0,10
BRDA:330,27,1,0
BRDA:331,28,0,10
BRDA:331,28,1,0
BRDA:336,29,0,0
BRDA:336,29,1,10
BRDA:336,30,0,0
BRDA:336,30,1,10
BRDA:337,31,0,0
BRDA:337,31,1,10
BRDA:337,32,0,0
BRDA:337,32,1,10
BRDA:337,33,0,0
BRDA:337,33,1,10
BRDA:337,34,0,0
BRDA:337,34,1,10
BRDA:346,35,0,0
BRDA:346,35,1,28
BRDA:350,36,0,18
BRDA:350,36,1,10
BRDA:376,37,0,0
BRDA:376,37,1,0
BRDA:380,38,0,0
BRDA:380,38,1,0
BRDA:406,39,0,0
BRDA:406,39,1,0
BRDA:409,40,0,0
BRDA:409,40,1,0
BRDA:436,41,0,0
BRDA:436,41,1,0
BRDA:440,42,0,0
BRDA:440,42,1,0
BRDA:460,43,0,0
BRDA:460,44,0,28
BRDA:461,45,0,28
BRDA:462,46,0,28
BRDA:472,47,0,18
BRDA:472,47,1,10
BRDA:480,48,0,0
BRDA:480,48,1,24
BRDA:482,49,0,16
BRDA:482,49,1,8
BRDA:485,50,0,24
BRDA:485,50,1,0
BRDA:489,51,0,24
BRDA:489,51,1,23
BRDA:490,52,0,24
BRDA:490,52,1,23
BRDA:491,53,0,24
BRDA:491,53,1,0
BRDA:492,54,0,24
BRDA:492,54,1,0
BRDA:498,55,0,24
BRDA:498,55,1,0
BRDA:499,56,0,7
BRDA:499,56,1,17
BRDA:505,57,0,44
BRDA:505,57,1,28
BRDA:509,58,0,18
BRDA:509,58,1,10
BRF:118
BRH:47
end_of_record
TN:
SF:packages/nightingale-formatter/src/formatObject.ts
FN:13,(anonymous_0)
FN:52,tryStringify
FN:60,(anonymous_2)
FN:65,internalFormatValue
FN:191,(anonymous_4)
FN:202,(anonymous_5)
FN:210,(anonymous_6)
FN:227,(anonymous_7)
FN:240,(anonymous_8)
FN:244,(anonymous_9)
FN:296,(anonymous_10)
FN:297,(anonymous_11)
FN:306,(anonymous_12)
FN:307,(anonymous_13)
FN:315,internalFormatObject
FN:333,(anonymous_15)
FN:345,internalFormatMap
FN:363,(anonymous_17)
FN:375,internalFormatArray
FN:391,(anonymous_19)
FN:408,internalFormatSet
FN:426,(anonymous_21)
FN:438,formatObject
FNF:23
FNH:23
FNDA:3,(anonymous_0)
FNDA:40,tryStringify
FNDA:6,(anonymous_2)
FNDA:64,internalFormatValue
FNDA:48,(anonymous_4)
FNDA:12,(anonymous_5)
FNDA:2,(anonymous_6)
FNDA:31,(anonymous_7)
FNDA:31,(anonymous_8)
FNDA:62,(anonymous_9)
FNDA:4,(anonymous_10)
FNDA:58,(anonymous_11)
FNDA:4,(anonymous_12)
FNDA:58,(anonymous_13)
FNDA:28,internalFormatObject
FNDA:48,(anonymous_15)
FNDA:2,internalFormatMap
FNDA:2,(anonymous_17)
FNDA:5,internalFormatArray
FNDA:10,(anonymous_19)
FNDA:2,internalFormatSet
FNDA:2,(anonymous_21)
FNDA:17,formatObject
DA:13,3
DA:53,40
DA:54,40
DA:56,0
DA:60,6
DA:71,64
DA:73,64
DA:74,64
DA:75,2
DA:77,62
DA:79,0
DA:80,0
DA:82,0
DA:83,0
DA:85,33
DA:86,33
DA:88,1
DA:89,1
DA:91,7
DA:92,7
DA:94,1
DA:95,1
DA:98,20
DA:104,64
DA:105,1
DA:106,63
DA:107,1
DA:108,62
DA:110,0
DA:111,62
DA:112,11
DA:113,0
DA:115,11
DA:127,51
DA:128,5
DA:129,0
DA:131,5
DA:138,46
DA:139,0
DA:140,0
DA:145,46
DA:146,2
DA:147,2
DA:148,0
DA:150,2
DA:157,44
DA:158,1
DA:159,43
DA:160,1
DA:161,42
DA:162,2
DA:163,2
DA:164,0
DA:166,2
DA:173,40
DA:174,0
DA:175,40
DA:176,0
DA:178,40
DA:181,44
DA:183,44
DA:189,2
DA:191,2
DA:196,48
DA:202,2
DA:207,12
DA:210,2
DA:215,2
DA:221,2
DA:227,2
DA:239,31
DA:240,31
DA:242,31
DA:243,31
DA:245,62
DA:246,62
DA:254,62
DA:260,62
DA:269,62
DA:273,4
DA:274,4
DA:275,4
DA:278,62
DA:290,31
DA:296,4
DA:297,58
DA:306,4
DA:307,58
DA:321,28
DA:322,1
DA:325,27
DA:326,27
DA:327,2
DA:330,25
DA:332,25
DA:333,48
DA:340,25
DA:342,25
DA:351,2
DA:352,0
DA:355,2
DA:356,2
DA:357,1
DA:360,1
DA:362,1
DA:363,2
DA:370,1
DA:372,1
DA:380,5
DA:381,0
DA:384,5
DA:385,1
DA:388,4
DA:390,4
DA:391,10
DA:403,4
DA:405,4
DA:414,2
DA:415,0
DA:418,2
DA:419,2
DA:420,1
DA:423,1
DA:425,1
DA:426,2
DA:433,1
DA:435,1
DA:444,17
DA:456,17
DA:457,1
DA:460,16
LF:131
LH:114
BRDA:73,0,0,64
BRDA:73,0,1,0
BRDA:74,1,0,2
BRDA:74,1,1,62
BRDA:77,2,0,0
BRDA:77,2,1,0
BRDA:77,2,2,33
BRDA:77,2,3,1
BRDA:77,2,4,7
BRDA:77,2,5,1
BRDA:77,2,6,20
BRDA:77,2,7,20
BRDA:104,3,0,1
BRDA:104,3,1,63
BRDA:106,4,0,1
BRDA:106,4,1,62
BRDA:108,5,0,0
BRDA:108,5,1,62
BRDA:111,6,0,11
BRDA:111,6,1,51
BRDA:112,7,0,0
BRDA:112,7,1,11
BRDA:127,8,0,5
BRDA:127,8,1,46
BRDA:128,9,0,0
BRDA:128,9,1,5
BRDA:138,10,0,0
BRDA:138,10,1,46
BRDA:141,11,0,0
BRDA:141,11,1,0
BRDA:141,12,0,0
BRDA:141,12,1,0
BRDA:144,13,0,0
BRDA:144,13,1,0
BRDA:145,14,0,2
BRDA:145,14,1,44
BRDA:147,15,0,0
BRDA:147,15,1,2
BRDA:157,16,0,1
BRDA:157,16,1,43
BRDA:159,17,0,1
BRDA:159,17,1,42
BRDA:161,18,0,2
BRDA:161,18,1,40
BRDA:163,19,0,0
BRDA:163,19,1,2
BRDA:173,20,0,0
BRDA:173,20,1,40
BRDA:175,21,0,0
BRDA:175,21,1,40
BRDA:235,22,0,27
BRDA:263,23,0,0
BRDA:263,23,1,62
BRDA:263,24,0,62
BRDA:263,24,1,50
BRDA:269,25,0,4
BRDA:269,25,1,58
BRDA:270,26,0,62
BRDA:270,26,1,62
BRDA:270,26,2,58
BRDA:280,27,0,31
BRDA:280,27,1,31
BRDA:284,28,0,31
BRDA:284,28,1,31
BRDA:295,29,0,3
BRDA:295,29,1,28
BRDA:299,30,0,3
BRDA:299,30,1,28
BRDA:302,31,0,3
BRDA:302,31,1,28
BRDA:305,32,0,3
BRDA:305,32,1,28
BRDA:309,33,0,3
BRDA:309,33,1,28
BRDA:310,34,0,3
BRDA:310,34,1,28
BRDA:321,35,0,1
BRDA:321,35,1,27
BRDA:326,36,0,2
BRDA:326,36,1,25
BRDA:351,37,0,0
BRDA:351,37,1,2
BRDA:356,38,0,1
BRDA:356,38,1,1
BRDA:380,39,0,0
BRDA:380,39,1,5
BRDA:384,40,0,1
BRDA:384,40,1,4
BRDA:414,41,0,0
BRDA:414,41,1,2
BRDA:419,42,0,1
BRDA:419,42,1,1
BRDA:440,43,0,1
BRDA:442,44,0,17
BRDA:442,45,0,17
BRDA:442,46,0,17
BRDA:456,47,0,1
BRDA:456,47,1,16
BRF:98
BRH:77
end_of_record
TN:
SF:packages/nightingale-formatter/src/formatRecordToString.ts
FN:7,formatRecordToString
FN:44,(anonymous_1)
FNF:2
FNH:0
FNDA:0,formatRecordToString
FNDA:0,(anonymous_1)
DA:11,0
DA:13,0
DA:14,0
DA:15,0
DA:16,0
DA:19,0
DA:20,0
DA:26,0
DA:27,0
DA:29,0
DA:30,0
DA:31,0
DA:33,0
DA:37,0
DA:38,0
DA:39,0
DA:41,0
DA:44,0
DA:49,0
DA:50,0
DA:53,0
DA:55,0
DA:56,0
DA:59,0
DA:62,0
DA:63,0
DA:64,0
DA:66,0
LF:28
LH:0
BRDA:13,0,0,0
BRDA:13,0,1,0
BRDA:15,1,0,0
BRDA:15,1,1,0
BRDA:19,2,0,0
BRDA:19,2,1,0
BRDA:26,3,0,0
BRDA:26,3,1,0
BRDA:27,4,0,0
BRDA:27,4,1,0
BRDA:29,5,0,0
BRDA:29,5,1,0
BRDA:30,6,0,0
BRDA:30,6,1,0
BRDA:37,7,0,0
BRDA:37,7,1,0
BRDA:38,8,0,0
BRDA:38,8,1,0
BRDA:49,9,0,0
BRDA:49,9,1,0
BRDA:55,10,0,0
BRDA:55,10,1,0
BRF:22
BRH:0
end_of_record
TN:
SF:packages/nightingale-formatter/src/index.ts
FNF:0
FNH:0
LF:0
LH:0
BRF:0
BRH:0
end_of_record
TN:
SF:packages/nightingale-formatter/src/levelToStyles.ts
FNF:0
FNH:0
DA:5,1
LF:1
LH:1
BRF:0
BRH:0
end_of_record
TN:
SF:packages/nightingale-formatter/src/levelToSymbol.ts
FNF:0
FNH:0
DA:5,1
LF:1
LH:1
BRF:0
BRH:0
end_of_record
TN:
SF:packages/nightingale-formatter/src/styleToHexColor.ts
FNF:0
FNH:0
DA:3,1
LF:1
LH:1
BRF:0
BRH:0
end_of_record
TN:
SF:packages/nightingale-formatter/src/styleToHtmlStyle.ts
FNF:0
FNH:0
DA:10,1
DA:60,1
LF:2
LH:2
BRF:0
BRH:0
end_of_record
TN:
SF:packages/nightingale-html-formatter/src/index.ts
FN:7,style
FN:13,(anonymous_1)
FN:21,format
FNF:3
FNH:3
FNDA:3,style
FNDA:5,(anonymous_1)
FNDA:1,format
DA:8,3
DA:9,0
DA:12,3
DA:13,5
DA:24,1
LF:5
LH:4
BRDA:8,0,0,0
BRDA:8,0,1,3
BRDA:8,1,0,3
BRDA:8,1,1,3
BRDA:8,1,2,3
BRF:5
BRH:4
end_of_record
TN:
SF:packages/nightingale-json-formatter/src/index.ts
FN:3,map2object
FN:6,(anonymous_1)
FN:18,stringify
FN:21,(anonymous_3)
FN:38,format
FNF:5
FNH:5
FNDA:1,map2object
FNDA:4,(anonymous_1)
FNDA:3,stringify
FNDA:28,(anonymous_3)
FNDA:3,format
DA:4,1
DA:6,1
DA:7,4
DA:9,1
DA:12,3
DA:15,1
DA:19,3
DA:22,28
DA:23,1
DA:25,27
DA:26,1
DA:32,26
DA:41,3
LF:13
LH:13
BRDA:7,0,0,1
BRDA:7,0,1,3
BRDA:22,1,0,1
BRDA:22,1,1,27
BRDA:25,2,0,1
BRDA:25,2,1,26
BRF:6
BRH:6
end_of_record
TN:
SF:packages/nightingale-levels/dist/index-node18.mjs
FN:22,(anonymous_0)
FNF:1
FNH:1
FNDA:11,(anonymous_0)
DA:22,11
DA:23,11
DA:24,11
DA:25,11
DA:26,11
DA:27,11
DA:28,11
DA:29,11
DA:30,11
DA:31,11
DA:32,11
DA:33,11
DA:34,11
DA:35,11
LF:14
LH:14
BRF:0
BRH:0
end_of_record
TN:
SF:packages/nightingale-logger/dist/index-node18.mjs
FN:8,(anonymous_0)
FN:14,(anonymous_1)
FN:20,(anonymous_2)
FN:25,getConfigForLoggerRecord
FN:28,isError
FN:43,(anonymous_5)
FN:52,(anonymous_6)
FN:57,(anonymous_7)
FN:64,(anonymous_8)
FN:85,(anonymous_9)
FN:94,(anonymous_10)
FN:103,(anonymous_11)
FN:110,(anonymous_12)
FN:122,(anonymous_13)
FN:138,(anonymous_14)
FN:142,(anonymous_15)
FN:148,(anonymous_16)
FN:176,(anonymous_17)
FN:185,(anonymous_18)
FN:194,(anonymous_19)
FN:203,(anonymous_20)
FN:212,(anonymous_21)
FN:231,(anonymous_22)
FN:240,(anonymous_23)
FN:259,(anonymous_24)
FN:268,(anonymous_25)
FN:277,(anonymous_26)
FN:294,(anonymous_27)
FN:309,(anonymous_28)
FN:316,(anonymous_29)
FN:327,(anonymous_30)
FN:338,(anonymous_31)
FN:345,(anonymous_32)
FN:356,(anonymous_33)
FN:367,(anonymous_34)
FN:375,(anonymous_35)
FN:385,(anonymous_36)
FN:409,(anonymous_37)
FN:416,(anonymous_38)
FN:437,(anonymous_39)
FN:461,(anonymous_40)
FN:487,(anonymous_41)
FNF:42
FNH:13
FNDA:0,(anonymous_0)
FNDA:0,(anonymous_1)
FNDA:0,(anonymous_2)
FNDA:0,getConfigForLoggerRecord
FNDA:8,isError
FNDA:8,(anonymous_5)
FNDA:0,(anonymous_6)
FNDA:0,(anonymous_7)
FNDA:0,(anonymous_8)
FNDA:0,(anonymous_9)
FNDA:0,(anonymous_10)
FNDA:0,(anonymous_11)
FNDA:0,(anonymous_12)
FNDA:8,(anonymous_13)
FNDA:0,(anonymous_14)
FNDA:8,(anonymous_15)
FNDA:8,(anonymous_16)
FNDA:0,(anonymous_17)
FNDA:1,(anonymous_18)
FNDA:0,(anonymous_19)
FNDA:1,(anonymous_20)
FNDA:1,(anonymous_21)
FNDA:1,(anonymous_22)
FNDA:0,(anonymous_23)
FNDA:1,(anonymous_24)
FNDA:1,(anonymous_25)
FNDA:0,(anonymous_26)
FNDA:0,(anonymous_27)
FNDA:1,(anonymous_28)
FNDA:1,(anonymous_29)
FNDA:0,(anonymous_30)
FNDA:0,(anonymous_31)
FNDA:0,(anonymous_32)
FNDA:0,(anonymous_33)
FNDA:0,(anonymous_34)
FNDA:0,(anonymous_35)
FNDA:0,(anonymous_36)
FNDA:0,(anonymous_37)
FNDA:0,(anonymous_38)
FNDA:0,(anonymous_39)
FNDA:0,(anonymous_40)
FNDA:0,(anonymous_41)
DA:6,1
DA:7,1
DA:8,1
DA:13,1
DA:14,1
DA:18,0
DA:19,0
DA:20,0
DA:26,0
DA:29,8
DA:44,8
DA:45,8
DA:46,8
DA:47,0
DA:53,0
DA:58,0
DA:65,0
DA:86,0
DA:87,0
DA:88,0
DA:95,0
DA:104,0
DA:111,0
DA:112,0
DA:114,0
DA:126,8
DA:127,8
DA:128,0
DA:130,0
DA:135,0
DA:137,8
DA:138,8
DA:139,0
DA:142,8
DA:149,8
DA:150,8
DA:151,8
DA:155,8
DA:156,8
DA:157,0
DA:159,8
DA:170,8
DA:177,0
DA:186,1
DA:195,0
DA:204,1
DA:213,1
DA:232,1
DA:241,0
DA:260,1
DA:269,1
DA:281,0
DA:284,0
DA:296,0
DA:299,0
DA:310,1
DA:317,1
DA:328,0
DA:339,0
DA:346,0
DA:357,0
DA:368,0
DA:369,0
DA:373,0
DA:376,0
DA:386,0
DA:387,0
DA:389,0
DA:390,0
DA:392,0
DA:393,0
DA:395,0
DA:400,0
DA:410,0
DA:417,0
DA:438,0
DA:442,0
DA:462,0
DA:466,0
DA:490,0
DA:491,0
DA:493,0
DA:494,0
DA:495,0
DA:497,0
DA:500,0
DA:501,0
DA:502,0
LF:88
LH:29
BRDA:6,0,0,1
BRDA:6,0,1,0
BRDA:7,1,0,1
BRDA:7,1,1,0
BRDA:13,2,0,1
BRDA:13,2,1,0
BRDA:20,3,0,0
BRDA:20,3,1,0
BRDA:20,3,2,0
BRDA:46,4,0,0
BRDA:46,4,1,8
BRDA:46,5,0,8
BRDA:46,5,1,8
BRDA:111,6,0,0
BRDA:111,6,1,0
BRDA:127,7,0,0
BRDA:127,7,1,8
BRDA:128,8,0,0
BRDA:128,8,1,0
BRDA:137,9,0,8
BRDA:137,9,1,0
BRDA:148,10,0,1
BRDA:150,11,0,0
BRDA:150,11,1,8
BRDA:151,12,0,0
BRDA:151,12,1,8
BRDA:151,13,0,8
BRDA:151,13,1,0
BRDA:151,14,0,0
BRDA:151,14,1,0
BRDA:156,15,0,0
BRDA:156,15,1,8
BRDA:165,16,0,8
BRDA:165,16,1,8
BRDA:367,17,0,0
BRDA:368,18,0,0
BRDA:368,18,1,0
BRDA:385,19,0,0
BRDA:389,20,0,0
BRDA:389,20,1,0
BRDA:392,21,0,0
BRDA:392,21,1,0
BRDA:393,22,0,0
BRDA:393,22,1,0
BRDA:490,23,0,0
BRDA:490,23,1,0
BRDA:494,24,0,0
BRDA:494,24,1,0
BRF:48
BRH:15
end_of_record
TN:
SF:packages/nightingale-logger/src/index.ts
FN:67,(anonymous_0)
FN:74,(anonymous_1)
FN:83,(anonymous_2)
FN:92,getConfigForLoggerRecord
FN:102,isError
FN:123,(anonymous_5)
FN:135,(anonymous_6)
FN:142,(anonymous_7)
FN:149,(anonymous_8)
FN:170,(anonymous_9)
FN:179,(anonymous_10)
FN:188,(anonymous_11)
FN:195,(anonymous_12)
FN:209,(anonymous_13)
FN:226,(anonymous_14)
FN:231,(anonymous_15)
FN:237,(anonymous_16)
FN:277,(anonymous_17)
FN:288,(anonymous_18)
FN:299,(anonymous_19)
FN:310,(anonymous_20)
FN:321,(anonymous_21)
FN:342,(anonymous_22)
FN:353,(anonymous_23)
FN:374,(anonymous_24)
FN:385,(anonymous_25)
FN:396,(anonymous_26)
FN:417,(anonymous_27)
FN:437,(anonymous_28)
FN:448,(anonymous_29)
FN:463,(anonymous_30)
FN:478,(anonymous_31)
FN:489,(anonymous_32)
FN:504,(anonymous_33)
FN:519,(anonymous_34)
FN:532,(anonymous_35)
FN:546,(anonymous_36)
FN:579,(anonymous_37)
FN:591,(anonymous_38)
FN:617,(anonymous_39)
FN:643,(anonymous_40)
FN:688,(anonymous_41)
FNF:42
FNH:6
FNDA:0,(anonymous_0)
FNDA:0,(anonymous_1)
FNDA:0,(anonymous_2)
FNDA:0,getConfigForLoggerRecord
FNDA:1,isError
FNDA:4,(anonymous_5)
FNDA:0,(anonymous_6)
FNDA:0,(anonymous_7)
FNDA:0,(anonymous_8)
FNDA:0,(anonymous_9)
FNDA:4,(anonymous_10)
FNDA:1,(anonymous_11)
FNDA:2,(anonymous_12)
FNDA:0,(anonymous_13)
FNDA:0,(anonymous_14)
FNDA:0,(anonymous_15)
FNDA:1,(anonymous_16)
FNDA:0,(anonymous_17)
FNDA:0,(anonymous_18)
FNDA:0,(anonymous_19)
FNDA:0,(anonymous_20)
FNDA:0,(anonymous_21)
FNDA:0,(anonymous_22)
FNDA:0,(anonymous_23)
FNDA:0,(anonymous_24)
FNDA:0,(anonymous_25)
FNDA:0,(anonymous_26)
FNDA:0,(anonymous_27)
FNDA:0,(anonymous_28)
FNDA:0,(anonymous_29)
FNDA:0,(anonymous_30)
FNDA:0,(anonymous_31)
FNDA:0,(anonymous_32)
FNDA:0,(anonymous_33)
FNDA:0,(anonymous_34)
FNDA:0,(anonymous_35)
FNDA:0,(anonymous_36)
FNDA:0,(anonymous_37)
FNDA:0,(anonymous_38)
FNDA:0,(anonymous_39)
FNDA:0,(anonymous_40)
FNDA:0,(anonymous_41)
DA:63,1
DA:65,1
DA:66,1
DA:67,0
DA:73,1
DA:74,1
DA:79,0
DA:81,0
DA:84,0
DA:96,0
DA:103,1
DA:124,4
DA:125,4
DA:127,4
DA:128,0
DA:138,0
DA:143,0
DA:150,0
DA:171,0
DA:172,0
DA:173,0
DA:180,4
DA:189,1
DA:196,2
DA:197,1
DA:201,1
DA:210,0
DA:214,0
DA:215,0
DA:217,0
DA:222,0
DA:225,0
DA:226,0
DA:227,0
DA:231,0
DA:243,1
DA:245,1
DA:250,1
DA:255,1
DA:256,1
DA:257,1
DA:260,1
DA:271,1
DA:282,0
DA:293,0
DA:304,0
DA:315,0
DA:326,0
DA:347,0
DA:358,0
DA:379,0
DA:390,0
DA:401,0
DA:402,0
DA:406,0
DA:407,0
DA:423,0
DA:424,0
DA:426,0
DA:427,0
DA:442,0
DA:453,0
DA:468,0
DA:483,0
DA:494,0
DA:509,0
DA:525,0
DA:526,0
DA:529,0
DA:537,0
DA:554,0
DA:556,0
DA:559,0
DA:560,0
DA:562,0
DA:563,0
DA:564,0
DA:567,0
DA:573,0
DA:585,0
DA:597,0
DA:622,0
DA:626,0
DA:648,0
DA:652,0
DA:697,0
DA:698,0
DA:700,0
DA:702,0
DA:703,0
DA:705,0
DA:709,0
DA:710,0
DA:711,0
LF:94
LH:22
BRDA:63,0,0,1
BRDA:63,0,1,0
BRDA:65,1,0,1
BRDA:65,1,1,0
BRDA:73,2,0,1
BRDA:73,2,1,0
BRDA:84,3,0,0
BRDA:84,3,1,0
BRDA:84,3,2,0
BRDA:127,4,0,0
BRDA:127,4,1,4
BRDA:127,5,0,4
BRDA:127,5,1,4
BRDA:196,6,0,1
BRDA:196,6,1,1
BRDA:214,7,0,0
BRDA:214,7,1,0
BRDA:215,8,0,0
BRDA:215,8,1,0
BRDA:225,9,0,0
BRDA:225,9,1,0
BRDA:240,10,0,1
BRDA:245,11,0,1
BRDA:245,11,1,0
BRDA:250,12,0,1
BRDA:250,12,1,0
BRDA:250,13,0,1
BRDA:250,13,1,1
BRDA:251,14,0,1
BRDA:251,14,1,0
BRDA:256,15,0,1
BRDA:256,15,1,0
BRDA:266,16,0,1
BRDA:266,16,1,1
BRDA:401,17,0,0
BRDA:401,17,1,0
BRDA:423,18,0,0
BRDA:423,18,1,0
BRDA:523,19,0,0
BRDA:525,20,0,0
BRDA:525,20,1,0
BRDA:551,21,0,0
BRDA:559,22,0,0
BRDA:559,22,1,0
BRDA:562,23,0,0
BRDA:562,23,1,0
BRDA:564,24,0,0
BRDA:564,24,1,0
BRDA:697,25,0,0
BRDA:697,25,1,0
BRDA:702,26,0,0
BRDA:702,26,1,0
BRF:52
BRH:17
end_of_record
TN:
SF:packages/nightingale-markdown-formatter/dist/index-node18.mjs
FN:3,style
FN:9,(anonymous_1)
FN:21,format
FNF:3
FNH:3
FNDA:20,style
FNDA:30,(anonymous_1)
FNDA:5,format
DA:4,20
DA:5,0
DA:9,20
DA:10,30
DA:12,10
DA:14,0
DA:16,0
DA:18,20
DA:22,5
LF:9
LH:6
BRDA:4,0,0,0
BRDA:4,0,1,20
BRDA:4,1,0,20
BRDA:4,1,1,20
BRDA:4,1,2,20
BRDA:10,2,0,10
BRDA:10,2,1,0
BRDA:10,2,2,0
BRF:8
BRH:5
end_of_record
TN:
SF:packages/nightingale-markdown-formatter/src/index.ts
FN:4,style
FN:10,(anonymous_1)
FN:24,format
FNF:3
FNH:3
FNDA:3,style
FNDA:5,(anonymous_1)
FNDA:1,format
DA:5,3
DA:6,0
DA:10,3
DA:11,5
DA:13,2
DA:15,0
DA:17,0
DA:20,3
DA:27,1
LF:9
LH:6
BRDA:5,0,0,0
BRDA:5,0,1,3
BRDA:5,1,0,3
BRDA:5,1,1,3
BRDA:5,1,2,3
BRDA:11,2,0,2
BRDA:11,2,1,0
BRDA:11,2,2,0
BRF:8
BRH:5
end_of_record
TN:
SF:packages/nightingale-raw-formatter/dist/index-node18.mjs
FN:3,style
FN:11,format
FNF:2
FNH:2
FNDA:34,style
FNDA:13,format
DA:4,34
DA:12,13
LF:2
LH:2
BRF:0
BRH:0
end_of_record
TN:
SF:packages/nightingale-raw-formatter/src/index.ts
FN:4,style
FN:12,format
FNF:2
FNH:2
FNDA:3,style
FNDA:1,format
DA:5,3
DA:15,1
LF:2
LH:2
BRF:0
BRH:0
end_of_record
TN:
SF:packages/nightingale-slack/src/createBody.ts
FN:19,createBody
FNF:1
FNH:1
FNDA:5,createBody
DA:8,1
DA:23,5
DA:24,5
DA:26,5
LF:4
LH:4
BRF:0
BRH:0
end_of_record
TN:
SF:packages/nightingale-string/dist/index-node18.mjs
FN:6,(anonymous_0)
FN:9,(anonymous_1)
FN:12,(anonymous_2)
FNF:3
FNH:3
FNDA:8,(anonymous_0)
FNDA:8,(anonymous_1)
FNDA:8,(anonymous_2)
DA:5,8
DA:7,8
DA:10,8
DA:13,8
LF:4
LH:4
BRF:0
BRH:0
end_of_record
TN:
SF:packages/nightingale/src/config.ts
FN:26,clearCache
FN:30,handleConfig
FN:67,configure
FN:77,addConfig
FN:83,(anonymous_4)
FN:83,(anonymous_5)
FN:89,(anonymous_6)
FN:107,(anonymous_7)
FN:118,(anonymous_8)
FN:127,(anonymous_9)
FNF:10
FNH:0
FNDA:0,clearCache
FNDA:0,handleConfig
FNDA:0,configure
FNDA:0,addConfig
FNDA:0,(anonymous_4)
FNDA:0,(anonymous_5)
FNDA:0,(anonymous_6)
FNDA:0,(anonymous_7)
FNDA:0,(anonymous_8)
FNDA:0,(anonymous_9)
DA:5,1
DA:7,1
DA:11,0
DA:14,1
DA:15,1
DA:16,1
DA:20,1
DA:27,0
DA:31,0
DA:32,0
DA:33,0
DA:35,0
DA:36,0
DA:38,0
DA:39,0
DA:40,0
DA:42,0
DA:43,0
DA:46,0
DA:47,0
DA:48,0
DA:50,0
DA:51,0
DA:54,0
DA:55,0
DA:56,0
DA:60,0
DA:61,0
DA:64,0
DA:68,0
DA:70,0
DA:73,0
DA:74,0
DA:78,0
DA:79,0
DA:80,0
DA:83,1
DA:84,0
DA:85,0
DA:86,0
DA:89,1
DA:92,0
DA:94,0
DA:96,0
DA:97,0
DA:100,0
DA:105,0
DA:108,0
DA:109,0
DA:110,0
DA:113,0
DA:114,0
DA:117,1
DA:118,1
DA:123,0
DA:125,0
DA:128,0
LF:57
LH:10
BRDA:5,0,0,1
BRDA:5,0,1,0
BRDA:7,1,0,0
BRDA:7,1,1,1
BRDA:8,2,0,1
BRDA:8,2,1,1
BRDA:14,3,0,1
BRDA:14,3,1,0
BRDA:31,4,0,0
BRDA:31,4,1,0
BRDA:32,5,0,0
BRDA:32,5,1,0
BRDA:35,6,0,0
BRDA:35,6,1,0
BRDA:38,7,0,0
BRDA:38,7,1,0
BRDA:39,8,0,0
BRDA:39,8,1,0
BRDA:46,9,0,0
BRDA:46,9,1,0
BRDA:47,10,0,0
BRDA:47,10,1,0
BRDA:54,11,0,0
BRDA:54,11,1,0
BRDA:55,12,0,0
BRDA:55,12,1,0
BRDA:68,13,0,0
BRDA:68,13,1,0
BRDA:77,14,0,0
BRDA:79,15,0,0
BRDA:79,15,1,0
BRDA:84,16,0,0
BRDA:84,16,1,0
BRDA:85,17,0,0
BRDA:85,17,1,0
BRDA:96,18,0,0
BRDA:96,18,1,0
BRDA:108,19,0,0
BRDA:108,19,1,0
BRDA:109,20,0,0
BRDA:109,20,1,0
BRDA:117,21,0,1
BRDA:117,21,1,0
BRDA:128,22,0,0
BRDA:128,22,1,0
BRDA:128,22,2,0
BRF:46
BRH:6
end_of_record
TN:
SF:packages/nightingale/src/index.ts
FN:11,listenUnhandledErrors
FN:17,(anonymous_1)
FN:23,(anonymous_2)
FNF:3
FNH:0
FNDA:0,listenUnhandledErrors
FNDA:0,(anonymous_1)
FNDA:0,(anonymous_2)
DA:17,0
DA:18,0
DA:23,0
DA:24,0
LF:4
LH:0
BRDA:12,0,0,0
BRF:1
BRH:0
end_of_record
